[ 2017-06-08T11:10:02+08:00 ] 10.0.0.249 220.189.193.13 GET /admin
[ log ] kc.nbtv.cn/admin [运行时间：0.052647s][吞吐率：18.99req/s] [内存消耗：3,077.60kb] [文件加载：54]
[ info ] [ LANG ] /home/www/kc/thinkphp/lang/zh-cn.php
[ info ] [ ROUTE ] array (
  'type' => 'module',
  'module' => 
  array (
    0 => 'admin',
    1 => NULL,
    2 => NULL,
  ),
)
[ info ] [ HEADER ] array (
  'host' => 'kc.nbtv.cn',
  'user-agent' => 'Mozilla/5.0 (Windows NT 6.1; WOW64; rv:53.0) Gecko/20100101 Firefox/53.0',
  'accept' => 'text/html,application/xhtml+xml,application/xml;q=0.9,*/*;q=0.8',
  'accept-language' => 'zh-CN,zh;q=0.8,en-US;q=0.5,en;q=0.3',
  'accept-encoding' => 'gzip, deflate',
  'cookie' => '_gscu_1227423144=53881968u14ugp13; auth_login_email=sl%40nbtv.com.cn',
  'connection' => 'keep-alive',
  'upgrade-insecure-requests' => '1',
  'content-type' => '',
  'content-length' => '',
)
[ info ] [ PARAM ] array (
)
[ info ] [ SESSION ] INIT array (
  'id' => '',
  'var_session_id' => '',
  'prefix' => 'think',
  'type' => '',
  'auto_start' => true,
)
[ info ] [ DB ] INIT mysql
[ info ] [ RUN ] app\admin\controller\Index->index[ /home/www/kc/application/admin/controller/Index.php ]
[ info ] [ VIEW ] /home/www/kc/public/../application/admin/view/index/index.html [ array (
  0 => '_controller',
  1 => '_action',
  2 => '_timestamp',
  3 => '_user',
  4 => 'settings',
  5 => 'auth_login_email',
) ]
[ info ] [ LOG ] INIT File
[ sql ] [ DB ] CONNECT:[ UseTime:0.000664s ] mysql:dbname=kc;host=127.0.0.1;port=3306;charset=utf8
[ sql ] [ SQL ] SHOW COLUMNS FROM `ppsao_setting` [ RunTime:0.001575s ]
[ sql ] [ SQL ] SELECT * FROM `ppsao_setting`  [ RunTime:0.000425s ]

---------------------------------------------------------------
[ 2017-06-08T11:10:02+08:00 ] 10.0.0.249 220.189.193.13 GET /captcha.html
[ log ] kc.nbtv.cn/captcha.html [运行时间：0.031800s][吞吐率：31.45req/s] [内存消耗：1,809.08kb] [文件加载：38]
[ info ] [ LANG ] /home/www/kc/thinkphp/lang/zh-cn.php
[ info ] [ ROUTE ] array (
  'type' => 'method',
  'method' => 
  array (
    0 => '\\think\\captcha\\CaptchaController',
    1 => 'index',
  ),
)
[ info ] [ HEADER ] array (
  'host' => 'kc.nbtv.cn',
  'user-agent' => 'Mozilla/5.0 (Windows NT 6.1; WOW64; rv:53.0) Gecko/20100101 Firefox/53.0',
  'accept' => '*/*',
  'accept-language' => 'zh-CN,zh;q=0.8,en-US;q=0.5,en;q=0.3',
  'accept-encoding' => 'gzip, deflate',
  'referer' => 'http://kc.nbtv.cn/admin',
  'cookie' => '_gscu_1227423144=53881968u14ugp13; auth_login_email=sl%40nbtv.com.cn; PHPSESSID=989d5gvr9ibh98n1taa75jirc4',
  'connection' => 'keep-alive',
  'content-type' => '',
  'content-length' => '',
)
[ info ] [ PARAM ] array (
  'id' => '',
)
[ info ] [ RUN ] think\captcha\CaptchaController->index[ /home/www/kc/vendor/topthink/think-captcha/src/CaptchaController.php ]
[ info ] [ SESSION ] INIT array (
  'id' => '',
  'var_session_id' => '',
  'prefix' => 'think',
  'type' => '',
  'auto_start' => true,
)
[ info ] [ LOG ] INIT File

---------------------------------------------------------------
[ 2017-06-08T11:10:15+08:00 ] 10.0.0.249 220.189.193.13 POST /admin/index/login.html
[ log ] kc.nbtv.cn/admin/index/login.html [运行时间：0.098799s][吞吐率：10.12req/s] [内存消耗：3,556.28kb] [文件加载：61]
[ info ] [ LANG ] /home/www/kc/thinkphp/lang/zh-cn.php
[ info ] [ ROUTE ] array (
  'type' => 'module',
  'module' => 
  array (
    0 => 'admin',
    1 => 'index',
    2 => 'login',
  ),
)
[ info ] [ HEADER ] array (
  'host' => 'kc.nbtv.cn',
  'user-agent' => 'Mozilla/5.0 (Windows NT 6.1; WOW64; rv:53.0) Gecko/20100101 Firefox/53.0',
  'accept' => 'text/html,application/xhtml+xml,application/xml;q=0.9,*/*;q=0.8',
  'accept-language' => 'zh-CN,zh;q=0.8,en-US;q=0.5,en;q=0.3',
  'accept-encoding' => 'gzip, deflate',
  'content-type' => 'application/x-www-form-urlencoded',
  'content-length' => '52',
  'referer' => 'http://kc.nbtv.cn/admin',
  'cookie' => '_gscu_1227423144=53881968u14ugp13; auth_login_email=sl%40nbtv.com.cn; PHPSESSID=989d5gvr9ibh98n1taa75jirc4',
  'connection' => 'keep-alive',
  'upgrade-insecure-requests' => '1',
)
[ info ] [ PARAM ] array (
  'email' => 'sl@nbtv.com.cn',
  'password' => '660300',
  'captcha' => '57830',
)
[ info ] [ SESSION ] INIT array (
  'id' => '',
  'var_session_id' => '',
  'prefix' => 'think',
  'type' => '',
  'auto_start' => true,
)
[ info ] [ DB ] INIT mysql
[ info ] [ RUN ] app\admin\controller\Index->login[ /home/www/kc/application/admin/controller/Index.php ]
[ info ] [ CACHE ] INIT File
[ info ] [ VIEW ] /home/www/kc/public/../application/admin/view/public/dispatch_jump.html [ array (
  0 => '_controller',
  1 => '_action',
  2 => '_timestamp',
  3 => '_user',
  4 => 'settings',
  5 => 'code',
  6 => 'msg',
  7 => 'data',
  8 => 'url',
  9 => 'wait',
) ]
[ info ] [ LOG ] INIT File
[ sql ] [ DB ] CONNECT:[ UseTime:0.000651s ] mysql:dbname=kc;host=127.0.0.1;port=3306;charset=utf8
[ sql ] [ SQL ] SHOW COLUMNS FROM `ppsao_setting` [ RunTime:0.001405s ]
[ sql ] [ SQL ] SELECT * FROM `ppsao_setting`  [ RunTime:0.000373s ]
[ sql ] [ SQL ] SHOW COLUMNS FROM `ppsao_admin` [ RunTime:0.001233s ]
[ sql ] [ SQL ] SELECT * FROM `ppsao_admin` WHERE  `email` = 'sl@nbtv.com.cn'  AND `is_del` = 0 LIMIT 1     [ RunTime:0.000691s ]
[ sql ] [ SQL ] UPDATE `ppsao_admin`  SET `username`='',`lasttime`=1496891415,`lastip`='220.189.193.13',`logins`=logins+1  WHERE  `id` = 3       [ RunTime:0.040221s ]

---------------------------------------------------------------
[ 2017-06-08T11:10:17+08:00 ] 10.0.0.249 220.189.193.13 GET /Admin/panel.html
[ log ] kc.nbtv.cn/Admin/panel.html [运行时间：0.052995s][吞吐率：18.87req/s] [内存消耗：3,389.39kb] [文件加载：55]
[ info ] [ LANG ] /home/www/kc/thinkphp/lang/zh-cn.php
[ info ] [ ROUTE ] array (
  'type' => 'module',
  'module' => 
  array (
    0 => 'Admin',
    1 => 'panel',
    2 => NULL,
  ),
)
[ info ] [ HEADER ] array (
  'host' => 'kc.nbtv.cn',
  'user-agent' => 'Mozilla/5.0 (Windows NT 6.1; WOW64; rv:53.0) Gecko/20100101 Firefox/53.0',
  'accept' => 'text/html,application/xhtml+xml,application/xml;q=0.9,*/*;q=0.8',
  'accept-language' => 'zh-CN,zh;q=0.8,en-US;q=0.5,en;q=0.3',
  'accept-encoding' => 'gzip, deflate',
  'referer' => 'http://kc.nbtv.cn/admin/index/login.html',
  'cookie' => '_gscu_1227423144=53881968u14ugp13; auth_login_email=sl%40nbtv.com.cn; PHPSESSID=989d5gvr9ibh98n1taa75jirc4',
  'connection' => 'keep-alive',
  'upgrade-insecure-requests' => '1',
  'content-type' => '',
  'content-length' => '',
)
[ info ] [ PARAM ] array (
)
[ info ] [ SESSION ] INIT array (
  'id' => '',
  'var_session_id' => '',
  'prefix' => 'think',
  'type' => '',
  'auto_start' => true,
)
[ info ] [ DB ] INIT mysql
[ info ] [ RUN ] app\admin\controller\Panel->index[ /home/www/kc/application/admin/controller/Panel.php ]
[ info ] [ VIEW ] /home/www/kc/public/../application/admin/view/panel/index.html [ array (
  0 => '_controller',
  1 => '_action',
  2 => '_timestamp',
  3 => '_user',
  4 => 'settings',
) ]
[ info ] [ LOG ] INIT File
[ sql ] [ DB ] CONNECT:[ UseTime:0.000654s ] mysql:dbname=kc;host=127.0.0.1;port=3306;charset=utf8
[ sql ] [ SQL ] SHOW COLUMNS FROM `ppsao_admin` [ RunTime:0.001730s ]
[ sql ] [ SQL ] SELECT `id`,`username`,`email`,`realname`,`tel`,`qq`,`sex`,`address`,`lasttime`,`lastip`,`logins`,`is_check_email`,`status`,`updatetime`,`dateline` FROM `ppsao_admin` WHERE  `id` = 3  AND `is_del` = 0 LIMIT 1     [ RunTime:0.000803s ]
[ sql ] [ SQL ] SHOW COLUMNS FROM `ppsao_setting` [ RunTime:0.001339s ]
[ sql ] [ SQL ] SELECT * FROM `ppsao_setting`  [ RunTime:0.000404s ]

---------------------------------------------------------------
[ 2017-06-08T11:10:19+08:00 ] 10.0.0.249 220.189.193.13 GET /admin/wenan/index.html
[ log ] kc.nbtv.cn/admin/wenan/index.html [运行时间：0.064448s][吞吐率：15.52req/s] [内存消耗：3,627.33kb] [文件加载：60]
[ info ] [ LANG ] /home/www/kc/thinkphp/lang/zh-cn.php
[ info ] [ ROUTE ] array (
  'type' => 'module',
  'module' => 
  array (
    0 => 'admin',
    1 => 'wenan',
    2 => 'index',
  ),
)
[ info ] [ HEADER ] array (
  'host' => 'kc.nbtv.cn',
  'user-agent' => 'Mozilla/5.0 (Windows NT 6.1; WOW64; rv:53.0) Gecko/20100101 Firefox/53.0',
  'accept' => 'text/html,application/xhtml+xml,application/xml;q=0.9,*/*;q=0.8',
  'accept-language' => 'zh-CN,zh;q=0.8,en-US;q=0.5,en;q=0.3',
  'accept-encoding' => 'gzip, deflate',
  'referer' => 'http://kc.nbtv.cn/Admin/panel.html',
  'cookie' => '_gscu_1227423144=53881968u14ugp13; auth_login_email=sl%40nbtv.com.cn; PHPSESSID=989d5gvr9ibh98n1taa75jirc4',
  'connection' => 'keep-alive',
  'upgrade-insecure-requests' => '1',
  'content-type' => '',
  'content-length' => '',
)
[ info ] [ PARAM ] array (
)
[ info ] [ SESSION ] INIT array (
  'id' => '',
  'var_session_id' => '',
  'prefix' => 'think',
  'type' => '',
  'auto_start' => true,
)
[ info ] [ DB ] INIT mysql
[ info ] [ RUN ] app\admin\controller\Wenan->index[ /home/www/kc/application/admin/controller/Wenan.php ]
[ info ] [ VIEW ] /home/www/kc/public/../application/admin/view/wenan/index.html [ array (
  0 => '_controller',
  1 => '_action',
  2 => '_timestamp',
  3 => '_user',
  4 => 'settings',
  5 => 'cat_id',
  6 => 'kwd',
  7 => 'pagesize',
  8 => 'list',
  9 => 'cat_arr',
) ]
[ info ] [ LOG ] INIT File
[ sql ] [ DB ] CONNECT:[ UseTime:0.000550s ] mysql:dbname=kc;host=127.0.0.1;port=3306;charset=utf8
[ sql ] [ SQL ] SHOW COLUMNS FROM `ppsao_admin` [ RunTime:0.001734s ]
[ sql ] [ SQL ] SELECT `id`,`username`,`email`,`realname`,`tel`,`qq`,`sex`,`address`,`lasttime`,`lastip`,`logins`,`is_check_email`,`status`,`updatetime`,`dateline` FROM `ppsao_admin` WHERE  `id` = 3  AND `is_del` = 0 LIMIT 1     [ RunTime:0.000555s ]
[ sql ] [ SQL ] SHOW COLUMNS FROM `ppsao_setting` [ RunTime:0.001380s ]
[ sql ] [ SQL ] SELECT * FROM `ppsao_setting`  [ RunTime:0.000361s ]
[ sql ] [ SQL ] SHOW COLUMNS FROM `ppsao_wenan` [ RunTime:0.001623s ]
[ sql ] [ SQL ] SELECT COUNT(*) AS tp_count FROM `ppsao_wenan` WHERE  `is_del` = 0 ORDER BY id desc LIMIT 1    [ RunTime:0.000330s ]
[ sql ] [ SQL ] SELECT * FROM `ppsao_wenan` WHERE  `is_del` = 0 ORDER BY id desc LIMIT 0,5    [ RunTime:0.000475s ]
[ sql ] [ SQL ] SHOW COLUMNS FROM `ppsao_wenan_cat` [ RunTime:0.001169s ]
[ sql ] [ SQL ] SELECT * FROM `ppsao_wenan_cat` WHERE  `is_del` = 0 ORDER BY nav_sort desc,id asc   [ RunTime:0.000382s ]

---------------------------------------------------------------
[ 2017-06-08T11:10:45+08:00 ] 10.0.0.249 220.189.193.13 GET /admin
[ log ] kc.nbtv.cn/admin [运行时间：0.049847s][吞吐率：20.06req/s] [内存消耗：3,077.23kb] [文件加载：54]
[ info ] [ LANG ] /home/www/kc/thinkphp/lang/zh-cn.php
[ info ] [ ROUTE ] array (
  'type' => 'module',
  'module' => 
  array (
    0 => 'admin',
    1 => NULL,
    2 => NULL,
  ),
)
[ info ] [ HEADER ] array (
  'accept' => 'text/html, application/xhtml+xml, */*',
  'accept-language' => 'zh-CN',
  'user-agent' => 'Mozilla/5.0 (Windows NT 6.1; WOW64; Trident/7.0; rv:11.0) like Gecko',
  'accept-encoding' => 'gzip, deflate',
  'host' => 'kc.nbtv.cn',
  'connection' => 'Keep-Alive',
  'content-type' => '',
  'content-length' => '',
)
[ info ] [ PARAM ] array (
)
[ info ] [ SESSION ] INIT array (
  'id' => '',
  'var_session_id' => '',
  'prefix' => 'think',
  'type' => '',
  'auto_start' => true,
)
[ info ] [ DB ] INIT mysql
[ info ] [ RUN ] app\admin\controller\Index->index[ /home/www/kc/application/admin/controller/Index.php ]
[ info ] [ VIEW ] /home/www/kc/public/../application/admin/view/index/index.html [ array (
  0 => '_controller',
  1 => '_action',
  2 => '_timestamp',
  3 => '_user',
  4 => 'settings',
  5 => 'auth_login_email',
) ]
[ info ] [ LOG ] INIT File
[ sql ] [ DB ] CONNECT:[ UseTime:0.000718s ] mysql:dbname=kc;host=127.0.0.1;port=3306;charset=utf8
[ sql ] [ SQL ] SHOW COLUMNS FROM `ppsao_setting` [ RunTime:0.001623s ]
[ sql ] [ SQL ] SELECT * FROM `ppsao_setting`  [ RunTime:0.000345s ]

---------------------------------------------------------------
[ 2017-06-08T11:10:45+08:00 ] 10.0.0.249 220.189.193.13 GET /captcha.html
[ log ] kc.nbtv.cn/captcha.html [运行时间：0.024597s][吞吐率：40.66req/s] [内存消耗：1,809.17kb] [文件加载：38]
[ info ] [ LANG ] /home/www/kc/thinkphp/lang/zh-cn.php
[ info ] [ ROUTE ] array (
  'type' => 'method',
  'method' => 
  array (
    0 => '\\think\\captcha\\CaptchaController',
    1 => 'index',
  ),
)
[ info ] [ HEADER ] array (
  'accept' => 'image/png, image/svg+xml, image/*;q=0.8, */*;q=0.5',
  'referer' => 'http://kc.nbtv.cn/admin',
  'accept-language' => 'zh-CN',
  'user-agent' => 'Mozilla/5.0 (Windows NT 6.1; WOW64; Trident/7.0; rv:11.0) like Gecko',
  'accept-encoding' => 'gzip, deflate',
  'host' => 'kc.nbtv.cn',
  'connection' => 'Keep-Alive',
  'cookie' => 'PHPSESSID=pnahhb3t4ftcoav98ok5f81l62',
  'content-type' => '',
  'content-length' => '',
)
[ info ] [ PARAM ] array (
  'id' => '',
)
[ info ] [ RUN ] think\captcha\CaptchaController->index[ /home/www/kc/vendor/topthink/think-captcha/src/CaptchaController.php ]
[ info ] [ SESSION ] INIT array (
  'id' => '',
  'var_session_id' => '',
  'prefix' => 'think',
  'type' => '',
  'auto_start' => true,
)
[ info ] [ LOG ] INIT File

---------------------------------------------------------------
[ 2017-06-08T11:11:14+08:00 ] 10.0.0.249 220.189.193.13 POST /admin/index/login.html
[ log ] kc.nbtv.cn/admin/index/login.html [运行时间：0.101472s][吞吐率：9.85req/s] [内存消耗：3,556.89kb] [文件加载：61]
[ info ] [ LANG ] /home/www/kc/thinkphp/lang/zh-cn.php
[ info ] [ ROUTE ] array (
  'type' => 'module',
  'module' => 
  array (
    0 => 'admin',
    1 => 'index',
    2 => 'login',
  ),
)
[ info ] [ HEADER ] array (
  'accept' => 'text/html, application/xhtml+xml, */*',
  'referer' => 'http://kc.nbtv.cn/admin',
  'accept-language' => 'zh-CN',
  'user-agent' => 'Mozilla/5.0 (Windows NT 6.1; WOW64; Trident/7.0; rv:11.0) like Gecko',
  'content-type' => 'application/x-www-form-urlencoded',
  'accept-encoding' => 'gzip, deflate',
  'host' => 'kc.nbtv.cn',
  'content-length' => '51',
  'connection' => 'Keep-Alive',
  'cache-control' => 'no-cache',
  'cookie' => 'PHPSESSID=pnahhb3t4ftcoav98ok5f81l62; Hm_lvt_407473d433e871de861cf818aa1405a1=1496891433; Hm_lpvt_407473d433e871de861cf818aa1405a1=1496891433',
)
[ info ] [ PARAM ] array (
  'email' => 'wgd@nbtv.com.cn',
  'password' => '665201',
  'captcha' => '07845',
)
[ info ] [ SESSION ] INIT array (
  'id' => '',
  'var_session_id' => '',
  'prefix' => 'think',
  'type' => '',
  'auto_start' => true,
)
[ info ] [ DB ] INIT mysql
[ info ] [ RUN ] app\admin\controller\Index->login[ /home/www/kc/application/admin/controller/Index.php ]
[ info ] [ CACHE ] INIT File
[ info ] [ VIEW ] /home/www/kc/public/../application/admin/view/public/dispatch_jump.html [ array (
  0 => '_controller',
  1 => '_action',
  2 => '_timestamp',
  3 => '_user',
  4 => 'settings',
  5 => 'code',
  6 => 'msg',
  7 => 'data',
  8 => 'url',
  9 => 'wait',
) ]
[ info ] [ LOG ] INIT File
[ sql ] [ DB ] CONNECT:[ UseTime:0.000597s ] mysql:dbname=kc;host=127.0.0.1;port=3306;charset=utf8
[ sql ] [ SQL ] SHOW COLUMNS FROM `ppsao_setting` [ RunTime:0.001277s ]
[ sql ] [ SQL ] SELECT * FROM `ppsao_setting`  [ RunTime:0.000323s ]
[ sql ] [ SQL ] SHOW COLUMNS FROM `ppsao_admin` [ RunTime:0.001126s ]
[ sql ] [ SQL ] SELECT * FROM `ppsao_admin` WHERE  `email` = 'wgd@nbtv.com.cn'  AND `is_del` = 0 LIMIT 1     [ RunTime:0.000608s ]
[ sql ] [ SQL ] UPDATE `ppsao_admin`  SET `username`='',`lasttime`=1496891474,`lastip`='220.189.193.13',`logins`=logins+1  WHERE  `id` = 9       [ RunTime:0.044258s ]

---------------------------------------------------------------
[ 2017-06-08T11:11:16+08:00 ] 10.0.0.249 220.189.193.13 GET /Admin/panel.html
[ log ] kc.nbtv.cn/Admin/panel.html [运行时间：0.055606s][吞吐率：17.98req/s] [内存消耗：3,389.32kb] [文件加载：55]
[ info ] [ LANG ] /home/www/kc/thinkphp/lang/zh-cn.php
[ info ] [ ROUTE ] array (
  'type' => 'module',
  'module' => 
  array (
    0 => 'Admin',
    1 => 'panel',
    2 => NULL,
  ),
)
[ info ] [ HEADER ] array (
  'accept' => 'text/html, application/xhtml+xml, */*',
  'referer' => 'http://kc.nbtv.cn/admin/index/login.html',
  'accept-language' => 'zh-CN',
  'user-agent' => 'Mozilla/5.0 (Windows NT 6.1; WOW64; Trident/7.0; rv:11.0) like Gecko',
  'accept-encoding' => 'gzip, deflate',
  'host' => 'kc.nbtv.cn',
  'connection' => 'Keep-Alive',
  'cookie' => 'PHPSESSID=pnahhb3t4ftcoav98ok5f81l62; Hm_lvt_407473d433e871de861cf818aa1405a1=1496891433; Hm_lpvt_407473d433e871de861cf818aa1405a1=1496891433; auth_login_email=wgd%40nbtv.com.cn',
  'content-type' => '',
  'content-length' => '',
)
[ info ] [ PARAM ] array (
)
[ info ] [ SESSION ] INIT array (
  'id' => '',
  'var_session_id' => '',
  'prefix' => 'think',
  'type' => '',
  'auto_start' => true,
)
[ info ] [ DB ] INIT mysql
[ info ] [ RUN ] app\admin\controller\Panel->index[ /home/www/kc/application/admin/controller/Panel.php ]
[ info ] [ VIEW ] /home/www/kc/public/../application/admin/view/panel/index.html [ array (
  0 => '_controller',
  1 => '_action',
  2 => '_timestamp',
  3 => '_user',
  4 => 'settings',
) ]
[ info ] [ LOG ] INIT File
[ sql ] [ DB ] CONNECT:[ UseTime:0.000569s ] mysql:dbname=kc;host=127.0.0.1;port=3306;charset=utf8
[ sql ] [ SQL ] SHOW COLUMNS FROM `ppsao_admin` [ RunTime:0.001732s ]
[ sql ] [ SQL ] SELECT `id`,`username`,`email`,`realname`,`tel`,`qq`,`sex`,`address`,`lasttime`,`lastip`,`logins`,`is_check_email`,`status`,`updatetime`,`dateline` FROM `ppsao_admin` WHERE  `id` = 9  AND `is_del` = 0 LIMIT 1     [ RunTime:0.000742s ]
[ sql ] [ SQL ] SHOW COLUMNS FROM `ppsao_setting` [ RunTime:0.001349s ]
[ sql ] [ SQL ] SELECT * FROM `ppsao_setting`  [ RunTime:0.000373s ]

---------------------------------------------------------------
[ 2017-06-08T11:11:19+08:00 ] 10.0.0.249 220.189.193.13 GET /admin/wenan/index.html
[ log ] kc.nbtv.cn/admin/wenan/index.html [运行时间：0.067991s][吞吐率：14.71req/s] [内存消耗：3,627.18kb] [文件加载：60]
[ info ] [ LANG ] /home/www/kc/thinkphp/lang/zh-cn.php
[ info ] [ ROUTE ] array (
  'type' => 'module',
  'module' => 
  array (
    0 => 'admin',
    1 => 'wenan',
    2 => 'index',
  ),
)
[ info ] [ HEADER ] array (
  'accept' => 'text/html, application/xhtml+xml, */*',
  'referer' => 'http://kc.nbtv.cn/Admin/panel.html',
  'accept-language' => 'zh-CN',
  'user-agent' => 'Mozilla/5.0 (Windows NT 6.1; WOW64; Trident/7.0; rv:11.0) like Gecko',
  'accept-encoding' => 'gzip, deflate',
  'host' => 'kc.nbtv.cn',
  'connection' => 'Keep-Alive',
  'cookie' => 'PHPSESSID=pnahhb3t4ftcoav98ok5f81l62; Hm_lvt_407473d433e871de861cf818aa1405a1=1496891433; Hm_lpvt_407473d433e871de861cf818aa1405a1=1496891433; auth_login_email=wgd%40nbtv.com.cn',
  'content-type' => '',
  'content-length' => '',
)
[ info ] [ PARAM ] array (
)
[ info ] [ SESSION ] INIT array (
  'id' => '',
  'var_session_id' => '',
  'prefix' => 'think',
  'type' => '',
  'auto_start' => true,
)
[ info ] [ DB ] INIT mysql
[ info ] [ RUN ] app\admin\controller\Wenan->index[ /home/www/kc/application/admin/controller/Wenan.php ]
[ info ] [ VIEW ] /home/www/kc/public/../application/admin/view/wenan/index.html [ array (
  0 => '_controller',
  1 => '_action',
  2 => '_timestamp',
  3 => '_user',
  4 => 'settings',
  5 => 'cat_id',
  6 => 'kwd',
  7 => 'pagesize',
  8 => 'list',
  9 => 'cat_arr',
) ]
[ info ] [ LOG ] INIT File
[ sql ] [ DB ] CONNECT:[ UseTime:0.000732s ] mysql:dbname=kc;host=127.0.0.1;port=3306;charset=utf8
[ sql ] [ SQL ] SHOW COLUMNS FROM `ppsao_admin` [ RunTime:0.001776s ]
[ sql ] [ SQL ] SELECT `id`,`username`,`email`,`realname`,`tel`,`qq`,`sex`,`address`,`lasttime`,`lastip`,`logins`,`is_check_email`,`status`,`updatetime`,`dateline` FROM `ppsao_admin` WHERE  `id` = 9  AND `is_del` = 0 LIMIT 1     [ RunTime:0.000616s ]
[ sql ] [ SQL ] SHOW COLUMNS FROM `ppsao_setting` [ RunTime:0.001510s ]
[ sql ] [ SQL ] SELECT * FROM `ppsao_setting`  [ RunTime:0.000396s ]
[ sql ] [ SQL ] SHOW COLUMNS FROM `ppsao_wenan` [ RunTime:0.001592s ]
[ sql ] [ SQL ] SELECT COUNT(*) AS tp_count FROM `ppsao_wenan` WHERE  `is_del` = 0 ORDER BY id desc LIMIT 1    [ RunTime:0.000340s ]
[ sql ] [ SQL ] SELECT * FROM `ppsao_wenan` WHERE  `is_del` = 0 ORDER BY id desc LIMIT 0,5    [ RunTime:0.000499s ]
[ sql ] [ SQL ] SHOW COLUMNS FROM `ppsao_wenan_cat` [ RunTime:0.001233s ]
[ sql ] [ SQL ] SELECT * FROM `ppsao_wenan_cat` WHERE  `is_del` = 0 ORDER BY nav_sort desc,id asc   [ RunTime:0.000305s ]

---------------------------------------------------------------
[ 2017-06-08T11:11:21+08:00 ] 10.0.0.249 220.189.193.13 GET /admin/wenan/cat.html
[ log ] kc.nbtv.cn/admin/wenan/cat.html [运行时间：0.062224s][吞吐率：16.07req/s] [内存消耗：3,629.18kb] [文件加载：61]
[ info ] [ LANG ] /home/www/kc/thinkphp/lang/zh-cn.php
[ info ] [ ROUTE ] array (
  'type' => 'module',
  'module' => 
  array (
    0 => 'admin',
    1 => 'wenan',
    2 => 'cat',
  ),
)
[ info ] [ HEADER ] array (
  'accept' => 'text/html, application/xhtml+xml, */*',
  'referer' => 'http://kc.nbtv.cn/admin/wenan/index.html',
  'accept-language' => 'zh-CN',
  'user-agent' => 'Mozilla/5.0 (Windows NT 6.1; WOW64; Trident/7.0; rv:11.0) like Gecko',
  'accept-encoding' => 'gzip, deflate',
  'host' => 'kc.nbtv.cn',
  'connection' => 'Keep-Alive',
  'cookie' => 'PHPSESSID=pnahhb3t4ftcoav98ok5f81l62; Hm_lvt_407473d433e871de861cf818aa1405a1=1496891433; Hm_lpvt_407473d433e871de861cf818aa1405a1=1496891433; auth_login_email=wgd%40nbtv.com.cn',
  'content-type' => '',
  'content-length' => '',
)
[ info ] [ PARAM ] array (
)
[ info ] [ SESSION ] INIT array (
  'id' => '',
  'var_session_id' => '',
  'prefix' => 'think',
  'type' => '',
  'auto_start' => true,
)
[ info ] [ DB ] INIT mysql
[ info ] [ RUN ] app\admin\controller\Wenan->cat[ /home/www/kc/application/admin/controller/Wenan.php ]
[ info ] [ VIEW ] /home/www/kc/public/../application/admin/view/wenan/cat.html [ array (
  0 => '_controller',
  1 => '_action',
  2 => '_timestamp',
  3 => '_user',
  4 => 'settings',
  5 => 'pid',
  6 => 'kwd',
  7 => 'pagesize',
  8 => 'list',
) ]
[ info ] [ LOG ] INIT File
[ sql ] [ DB ] CONNECT:[ UseTime:0.000645s ] mysql:dbname=kc;host=127.0.0.1;port=3306;charset=utf8
[ sql ] [ SQL ] SHOW COLUMNS FROM `ppsao_admin` [ RunTime:0.001787s ]
[ sql ] [ SQL ] SELECT `id`,`username`,`email`,`realname`,`tel`,`qq`,`sex`,`address`,`lasttime`,`lastip`,`logins`,`is_check_email`,`status`,`updatetime`,`dateline` FROM `ppsao_admin` WHERE  `id` = 9  AND `is_del` = 0 LIMIT 1     [ RunTime:0.000601s ]
[ sql ] [ SQL ] SHOW COLUMNS FROM `ppsao_setting` [ RunTime:0.001421s ]
[ sql ] [ SQL ] SELECT * FROM `ppsao_setting`  [ RunTime:0.000315s ]
[ sql ] [ SQL ] SHOW COLUMNS FROM `ppsao_wenan_cat` [ RunTime:0.001301s ]
[ sql ] [ SQL ] SELECT COUNT(*) AS tp_count FROM `ppsao_wenan_cat` WHERE  `pid` = 0  AND `is_del` = 0 ORDER BY nav_sort desc,id asc LIMIT 1     [ RunTime:0.000301s ]
[ sql ] [ SQL ] SELECT * FROM `ppsao_wenan_cat` WHERE  `pid` = 0  AND `is_del` = 0 ORDER BY nav_sort desc,id asc LIMIT 0,5     [ RunTime:0.000417s ]

---------------------------------------------------------------
[ 2017-06-08T11:11:26+08:00 ] 10.0.0.249 101.226.66.178 GET /Admin/panel.html
[ log ] kc.nbtv.cn/Admin/panel.html [运行时间：0.035825s][吞吐率：27.91req/s] [内存消耗：2,198.72kb] [文件加载：46]
[ info ] [ LANG ] /home/www/kc/thinkphp/lang/zh-cn.php
[ info ] [ ROUTE ] array (
  'type' => 'module',
  'module' => 
  array (
    0 => 'Admin',
    1 => 'panel',
    2 => NULL,
  ),
)
[ info ] [ HEADER ] array (
  'user-agent' => 'Mozilla/5.0 (Macintosh; Intel Mac OS X 10_12_4) AppleWebKit/537.36 (KHTML, like Gecko) 			Chrome/55.0.2883.95 Safari/537.36',
  'accept' => '*/*',
  'accept-encoding' => 'gzip, deflate, sdch, br',
  'referer' => 'http://kc.nbtv.cn/admin',
  'accept-language' => 'zh-CN,zh;q=0.8,en-US;q=0.6,en;q=0.4',
  'host' => 'kc.nbtv.cn',
  'connection' => 'keep-alive',
  'content-type' => '',
  'content-length' => '',
)
[ info ] [ PARAM ] array (
)
[ info ] [ SESSION ] INIT array (
  'id' => '',
  'var_session_id' => '',
  'prefix' => 'think',
  'type' => '',
  'auto_start' => true,
)
[ info ] [ LOG ] INIT File

---------------------------------------------------------------
[ 2017-06-08T11:11:26+08:00 ] 10.0.0.249 101.226.66.178 GET /Admin/Index
[ log ] kc.nbtv.cn/Admin/Index [运行时间：0.049833s][吞吐率：20.07req/s] [内存消耗：3,077.55kb] [文件加载：54]
[ info ] [ LANG ] /home/www/kc/thinkphp/lang/zh-cn.php
[ info ] [ ROUTE ] array (
  'type' => 'module',
  'module' => 
  array (
    0 => 'Admin',
    1 => 'Index',
    2 => NULL,
  ),
)
[ info ] [ HEADER ] array (
  'user-agent' => 'Mozilla/5.0 (Macintosh; Intel Mac OS X 10_12_4) AppleWebKit/537.36 (KHTML, like Gecko) 			Chrome/55.0.2883.95 Safari/537.36',
  'accept' => '*/*',
  'accept-encoding' => 'gzip, deflate, sdch, br',
  'referer' => 'http://kc.nbtv.cn/Admin/panel.html',
  'cookie' => 'PHPSESSID=od9uqsvd47gvhmc5g9327r59a4',
  'accept-language' => 'zh-CN,zh;q=0.8,en-US;q=0.6,en;q=0.4',
  'host' => 'kc.nbtv.cn',
  'connection' => 'keep-alive',
  'content-type' => '',
  'content-length' => '',
)
[ info ] [ PARAM ] array (
)
[ info ] [ SESSION ] INIT array (
  'id' => '',
  'var_session_id' => '',
  'prefix' => 'think',
  'type' => '',
  'auto_start' => true,
)
[ info ] [ DB ] INIT mysql
[ info ] [ RUN ] app\admin\controller\Index->index[ /home/www/kc/application/admin/controller/Index.php ]
[ info ] [ VIEW ] /home/www/kc/public/../application/admin/view/index/index.html [ array (
  0 => '_controller',
  1 => '_action',
  2 => '_timestamp',
  3 => '_user',
  4 => 'settings',
  5 => 'auth_login_email',
) ]
[ info ] [ LOG ] INIT File
[ sql ] [ DB ] CONNECT:[ UseTime:0.000558s ] mysql:dbname=kc;host=127.0.0.1;port=3306;charset=utf8
[ sql ] [ SQL ] SHOW COLUMNS FROM `ppsao_setting` [ RunTime:0.001492s ]
[ sql ] [ SQL ] SELECT * FROM `ppsao_setting`  [ RunTime:0.000435s ]

---------------------------------------------------------------
[ 2017-06-08T11:11:28+08:00 ] 10.0.0.249 101.226.65.105 GET /admin/wenan/index.html
[ log ] kc.nbtv.cn/admin/wenan/index.html [运行时间：0.033718s][吞吐率：29.66req/s] [内存消耗：2,214.49kb] [文件加载：46]
[ info ] [ LANG ] /home/www/kc/thinkphp/lang/zh-cn.php
[ info ] [ ROUTE ] array (
  'type' => 'module',
  'module' => 
  array (
    0 => 'admin',
    1 => 'wenan',
    2 => 'index',
  ),
)
[ info ] [ HEADER ] array (
  'user-agent' => 'Mozilla/5.0 (Windows NT 6.1; WOW64) AppleWebKit/537.36 (KHTML, like Gecko) Chrome/56.0.2924.87 Safari/537.36',
  'accept' => '*/*',
  'accept-encoding' => 'gzip, deflate, sdch, br',
  'referer' => 'http://kc.nbtv.cn/admin/index/login.html',
  'accept-language' => 'zh-CN,zh;q=0.8,en-US;q=0.6,en;q=0.4',
  'host' => 'kc.nbtv.cn',
  'connection' => 'keep-alive',
  'content-type' => '',
  'content-length' => '',
)
[ info ] [ PARAM ] array (
)
[ info ] [ SESSION ] INIT array (
  'id' => '',
  'var_session_id' => '',
  'prefix' => 'think',
  'type' => '',
  'auto_start' => true,
)
[ info ] [ LOG ] INIT File

---------------------------------------------------------------
[ 2017-06-08T11:11:28+08:00 ] 10.0.0.249 101.226.65.105 GET /Admin/Index
[ log ] kc.nbtv.cn/Admin/Index [运行时间：0.052901s][吞吐率：18.90req/s] [内存消耗：3,077.84kb] [文件加载：54]
[ info ] [ LANG ] /home/www/kc/thinkphp/lang/zh-cn.php
[ info ] [ ROUTE ] array (
  'type' => 'module',
  'module' => 
  array (
    0 => 'Admin',
    1 => 'Index',
    2 => NULL,
  ),
)
[ info ] [ HEADER ] array (
  'user-agent' => 'Mozilla/5.0 (Windows NT 6.1; WOW64) AppleWebKit/537.36 (KHTML, like Gecko) Chrome/56.0.2924.87 Safari/537.36',
  'accept' => '*/*',
  'accept-encoding' => 'gzip, deflate, sdch, br',
  'referer' => 'http://kc.nbtv.cn/admin/wenan/index.html',
  'cookie' => 'PHPSESSID=2fe66tcige7qvjukc5r5c628s0',
  'accept-language' => 'zh-CN,zh;q=0.8,en-US;q=0.6,en;q=0.4',
  'host' => 'kc.nbtv.cn',
  'connection' => 'keep-alive',
  'content-type' => '',
  'content-length' => '',
)
[ info ] [ PARAM ] array (
)
[ info ] [ SESSION ] INIT array (
  'id' => '',
  'var_session_id' => '',
  'prefix' => 'think',
  'type' => '',
  'auto_start' => true,
)
[ info ] [ DB ] INIT mysql
[ info ] [ RUN ] app\admin\controller\Index->index[ /home/www/kc/application/admin/controller/Index.php ]
[ info ] [ VIEW ] /home/www/kc/public/../application/admin/view/index/index.html [ array (
  0 => '_controller',
  1 => '_action',
  2 => '_timestamp',
  3 => '_user',
  4 => 'settings',
  5 => 'auth_login_email',
) ]
[ info ] [ LOG ] INIT File
[ sql ] [ DB ] CONNECT:[ UseTime:0.000787s ] mysql:dbname=kc;host=127.0.0.1;port=3306;charset=utf8
[ sql ] [ SQL ] SHOW COLUMNS FROM `ppsao_setting` [ RunTime:0.001554s ]
[ sql ] [ SQL ] SELECT * FROM `ppsao_setting`  [ RunTime:0.000511s ]

---------------------------------------------------------------
[ 2017-06-08T11:11:28+08:00 ] 10.0.0.249 220.189.193.13 GET /admin/wenan/cat.html?pid=3
[ log ] kc.nbtv.cn/admin/wenan/cat.html?pid=3 [运行时间：0.053683s][吞吐率：18.63req/s] [内存消耗：3,630.05kb] [文件加载：61]
[ info ] [ LANG ] /home/www/kc/thinkphp/lang/zh-cn.php
[ info ] [ ROUTE ] array (
  'type' => 'module',
  'module' => 
  array (
    0 => 'admin',
    1 => 'wenan',
    2 => 'cat',
  ),
)
[ info ] [ HEADER ] array (
  'accept' => 'text/html, application/xhtml+xml, */*',
  'referer' => 'http://kc.nbtv.cn/admin/wenan/cat.html',
  'accept-language' => 'zh-CN',
  'user-agent' => 'Mozilla/5.0 (Windows NT 6.1; WOW64; Trident/7.0; rv:11.0) like Gecko',
  'accept-encoding' => 'gzip, deflate',
  'host' => 'kc.nbtv.cn',
  'connection' => 'Keep-Alive',
  'cookie' => 'PHPSESSID=pnahhb3t4ftcoav98ok5f81l62; Hm_lvt_407473d433e871de861cf818aa1405a1=1496891433; Hm_lpvt_407473d433e871de861cf818aa1405a1=1496891468; auth_login_email=wgd%40nbtv.com.cn',
  'content-type' => '',
  'content-length' => '',
)
[ info ] [ PARAM ] array (
  'pid' => '3',
)
[ info ] [ SESSION ] INIT array (
  'id' => '',
  'var_session_id' => '',
  'prefix' => 'think',
  'type' => '',
  'auto_start' => true,
)
[ info ] [ DB ] INIT mysql
[ info ] [ RUN ] app\admin\controller\Wenan->cat[ /home/www/kc/application/admin/controller/Wenan.php ]
[ info ] [ VIEW ] /home/www/kc/public/../application/admin/view/wenan/cat.html [ array (
  0 => '_controller',
  1 => '_action',
  2 => '_timestamp',
  3 => '_user',
  4 => 'settings',
  5 => 'pid',
  6 => 'kwd',
  7 => 'pagesize',
  8 => 'list',
) ]
[ info ] [ LOG ] INIT File
[ sql ] [ DB ] CONNECT:[ UseTime:0.000634s ] mysql:dbname=kc;host=127.0.0.1;port=3306;charset=utf8
[ sql ] [ SQL ] SHOW COLUMNS FROM `ppsao_admin` [ RunTime:0.001685s ]
[ sql ] [ SQL ] SELECT `id`,`username`,`email`,`realname`,`tel`,`qq`,`sex`,`address`,`lasttime`,`lastip`,`logins`,`is_check_email`,`status`,`updatetime`,`dateline` FROM `ppsao_admin` WHERE  `id` = 9  AND `is_del` = 0 LIMIT 1     [ RunTime:0.000582s ]
[ sql ] [ SQL ] SHOW COLUMNS FROM `ppsao_setting` [ RunTime:0.001413s ]
[ sql ] [ SQL ] SELECT * FROM `ppsao_setting`  [ RunTime:0.000297s ]
[ sql ] [ SQL ] SHOW COLUMNS FROM `ppsao_wenan_cat` [ RunTime:0.001477s ]
[ sql ] [ SQL ] SELECT COUNT(*) AS tp_count FROM `ppsao_wenan_cat` WHERE  `pid` = 3  AND `is_del` = 0 ORDER BY nav_sort desc,id asc LIMIT 1     [ RunTime:0.000489s ]
[ sql ] [ SQL ] SELECT * FROM `ppsao_wenan_cat` WHERE  `pid` = 3  AND `is_del` = 0 ORDER BY nav_sort desc,id asc LIMIT 0,5     [ RunTime:0.000562s ]

---------------------------------------------------------------
[ 2017-06-08T11:11:31+08:00 ] 10.0.0.249 101.226.66.172 GET /admin/wenan/cat.html
[ log ] kc.nbtv.cn/admin/wenan/cat.html [运行时间：0.036381s][吞吐率：27.49req/s] [内存消耗：2,214.72kb] [文件加载：46]
[ info ] [ LANG ] /home/www/kc/thinkphp/lang/zh-cn.php
[ info ] [ ROUTE ] array (
  'type' => 'module',
  'module' => 
  array (
    0 => 'admin',
    1 => 'wenan',
    2 => 'cat',
  ),
)
[ info ] [ HEADER ] array (
  'user-agent' => 'Mozilla/5.0 (Windows NT 6.1; WOW64; rv:50.0) Gecko/20100101 Firefox/50.0',
  'accept' => '*/*',
  'accept-encoding' => 'gzip, deflate, sdch, br',
  'referer' => 'http://kc.nbtv.cn/Admin/panel.html',
  'accept-language' => 'zh-CN,zh;q=0.8,en-US;q=0.6,en;q=0.4',
  'host' => 'kc.nbtv.cn',
  'connection' => 'keep-alive',
  'content-type' => '',
  'content-length' => '',
)
[ info ] [ PARAM ] array (
)
[ info ] [ SESSION ] INIT array (
  'id' => '',
  'var_session_id' => '',
  'prefix' => 'think',
  'type' => '',
  'auto_start' => true,
)
[ info ] [ LOG ] INIT File

---------------------------------------------------------------
[ 2017-06-08T11:11:31+08:00 ] 10.0.0.249 101.226.66.172 GET /Admin/Index
[ log ] kc.nbtv.cn/Admin/Index [运行时间：0.049243s][吞吐率：20.31req/s] [内存消耗：3,077.23kb] [文件加载：54]
[ info ] [ LANG ] /home/www/kc/thinkphp/lang/zh-cn.php
[ info ] [ ROUTE ] array (
  'type' => 'module',
  'module' => 
  array (
    0 => 'Admin',
    1 => 'Index',
    2 => NULL,
  ),
)
[ info ] [ HEADER ] array (
  'user-agent' => 'Mozilla/5.0 (Windows NT 6.1; WOW64; rv:50.0) Gecko/20100101 Firefox/50.0',
  'accept' => '*/*',
  'accept-encoding' => 'gzip, deflate, sdch, br',
  'referer' => 'http://kc.nbtv.cn/admin/wenan/cat.html',
  'cookie' => 'PHPSESSID=ra8hlnijaio0pjgoe9tlmckqp1',
  'accept-language' => 'zh-CN,zh;q=0.8,en-US;q=0.6,en;q=0.4',
  'host' => 'kc.nbtv.cn',
  'connection' => 'keep-alive',
  'content-type' => '',
  'content-length' => '',
)
[ info ] [ PARAM ] array (
)
[ info ] [ SESSION ] INIT array (
  'id' => '',
  'var_session_id' => '',
  'prefix' => 'think',
  'type' => '',
  'auto_start' => true,
)
[ info ] [ DB ] INIT mysql
[ info ] [ RUN ] app\admin\controller\Index->index[ /home/www/kc/application/admin/controller/Index.php ]
[ info ] [ VIEW ] /home/www/kc/public/../application/admin/view/index/index.html [ array (
  0 => '_controller',
  1 => '_action',
  2 => '_timestamp',
  3 => '_user',
  4 => 'settings',
  5 => 'auth_login_email',
) ]
[ info ] [ LOG ] INIT File
[ sql ] [ DB ] CONNECT:[ UseTime:0.000642s ] mysql:dbname=kc;host=127.0.0.1;port=3306;charset=utf8
[ sql ] [ SQL ] SHOW COLUMNS FROM `ppsao_setting` [ RunTime:0.001384s ]
[ sql ] [ SQL ] SELECT * FROM `ppsao_setting`  [ RunTime:0.000317s ]

---------------------------------------------------------------
[ 2017-06-08T11:11:38+08:00 ] 10.0.0.249 61.151.226.199 GET /admin/wenan/cat.html?pid=3
[ log ] kc.nbtv.cn/admin/wenan/cat.html?pid=3 [运行时间：0.035993s][吞吐率：27.78req/s] [内存消耗：2,215.11kb] [文件加载：46]
[ info ] [ LANG ] /home/www/kc/thinkphp/lang/zh-cn.php
[ info ] [ ROUTE ] array (
  'type' => 'module',
  'module' => 
  array (
    0 => 'admin',
    1 => 'wenan',
    2 => 'cat',
  ),
)
[ info ] [ HEADER ] array (
  'user-agent' => 'Mozilla/5.0 (Windows NT 6.1; WOW64) AppleWebKit/537.36 (KHTML, like Gecko) Chrome/43.0.2357.124 Safari/537.36',
  'accept' => '*/*',
  'accept-encoding' => 'gzip, deflate, sdch, br',
  'referer' => 'http://kc.nbtv.cn/admin/wenan/index.html',
  'accept-language' => 'zh-CN,zh;q=0.8,en-US;q=0.6,en;q=0.4',
  'host' => 'kc.nbtv.cn',
  'connection' => 'keep-alive',
  'content-type' => '',
  'content-length' => '',
)
[ info ] [ PARAM ] array (
  'pid' => '3',
)
[ info ] [ SESSION ] INIT array (
  'id' => '',
  'var_session_id' => '',
  'prefix' => 'think',
  'type' => '',
  'auto_start' => true,
)
[ info ] [ LOG ] INIT File

---------------------------------------------------------------
[ 2017-06-08T11:11:38+08:00 ] 10.0.0.249 61.151.226.199 GET /Admin/Index
[ log ] kc.nbtv.cn/Admin/Index [运行时间：0.042796s][吞吐率：23.37req/s] [内存消耗：3,077.52kb] [文件加载：54]
[ info ] [ LANG ] /home/www/kc/thinkphp/lang/zh-cn.php
[ info ] [ ROUTE ] array (
  'type' => 'module',
  'module' => 
  array (
    0 => 'Admin',
    1 => 'Index',
    2 => NULL,
  ),
)
[ info ] [ HEADER ] array (
  'user-agent' => 'Mozilla/5.0 (Windows NT 6.1; WOW64) AppleWebKit/537.36 (KHTML, like Gecko) Chrome/43.0.2357.124 Safari/537.36',
  'accept' => '*/*',
  'accept-encoding' => 'gzip, deflate, sdch, br',
  'referer' => 'http://kc.nbtv.cn/admin/wenan/cat.html?pid=3',
  'cookie' => 'PHPSESSID=nh4m9ei9ekam391bl3k7thv400',
  'accept-language' => 'zh-CN,zh;q=0.8,en-US;q=0.6,en;q=0.4',
  'host' => 'kc.nbtv.cn',
  'connection' => 'keep-alive',
  'content-type' => '',
  'content-length' => '',
)
[ info ] [ PARAM ] array (
)
[ info ] [ SESSION ] INIT array (
  'id' => '',
  'var_session_id' => '',
  'prefix' => 'think',
  'type' => '',
  'auto_start' => true,
)
[ info ] [ DB ] INIT mysql
[ info ] [ RUN ] app\admin\controller\Index->index[ /home/www/kc/application/admin/controller/Index.php ]
[ info ] [ VIEW ] /home/www/kc/public/../application/admin/view/index/index.html [ array (
  0 => '_controller',
  1 => '_action',
  2 => '_timestamp',
  3 => '_user',
  4 => 'settings',
  5 => 'auth_login_email',
) ]
[ info ] [ LOG ] INIT File
[ sql ] [ DB ] CONNECT:[ UseTime:0.000698s ] mysql:dbname=kc;host=127.0.0.1;port=3306;charset=utf8
[ sql ] [ SQL ] SHOW COLUMNS FROM `ppsao_setting` [ RunTime:0.001614s ]
[ sql ] [ SQL ] SELECT * FROM `ppsao_setting`  [ RunTime:0.000448s ]

---------------------------------------------------------------
[ 2017-06-08T11:11:48+08:00 ] 10.0.0.249 220.189.193.13 GET /admin/wenan/index.html
[ log ] kc.nbtv.cn/admin/wenan/index.html [运行时间：0.062686s][吞吐率：15.95req/s] [内存消耗：3,627.30kb] [文件加载：60]
[ info ] [ LANG ] /home/www/kc/thinkphp/lang/zh-cn.php
[ info ] [ ROUTE ] array (
  'type' => 'module',
  'module' => 
  array (
    0 => 'admin',
    1 => 'wenan',
    2 => 'index',
  ),
)
[ info ] [ HEADER ] array (
  'accept' => 'text/html, application/xhtml+xml, */*',
  'referer' => 'http://kc.nbtv.cn/admin/wenan/cat.html?pid=3',
  'accept-language' => 'zh-CN',
  'user-agent' => 'Mozilla/5.0 (Windows NT 6.1; WOW64; Trident/7.0; rv:11.0) like Gecko',
  'accept-encoding' => 'gzip, deflate',
  'host' => 'kc.nbtv.cn',
  'connection' => 'Keep-Alive',
  'cookie' => 'PHPSESSID=pnahhb3t4ftcoav98ok5f81l62; Hm_lvt_407473d433e871de861cf818aa1405a1=1496891433; Hm_lpvt_407473d433e871de861cf818aa1405a1=1496891475; auth_login_email=wgd%40nbtv.com.cn',
  'content-type' => '',
  'content-length' => '',
)
[ info ] [ PARAM ] array (
)
[ info ] [ SESSION ] INIT array (
  'id' => '',
  'var_session_id' => '',
  'prefix' => 'think',
  'type' => '',
  'auto_start' => true,
)
[ info ] [ DB ] INIT mysql
[ info ] [ RUN ] app\admin\controller\Wenan->index[ /home/www/kc/application/admin/controller/Wenan.php ]
[ info ] [ VIEW ] /home/www/kc/public/../application/admin/view/wenan/index.html [ array (
  0 => '_controller',
  1 => '_action',
  2 => '_timestamp',
  3 => '_user',
  4 => 'settings',
  5 => 'cat_id',
  6 => 'kwd',
  7 => 'pagesize',
  8 => 'list',
  9 => 'cat_arr',
) ]
[ info ] [ LOG ] INIT File
[ sql ] [ DB ] CONNECT:[ UseTime:0.000550s ] mysql:dbname=kc;host=127.0.0.1;port=3306;charset=utf8
[ sql ] [ SQL ] SHOW COLUMNS FROM `ppsao_admin` [ RunTime:0.001343s ]
[ sql ] [ SQL ] SELECT `id`,`username`,`email`,`realname`,`tel`,`qq`,`sex`,`address`,`lasttime`,`lastip`,`logins`,`is_check_email`,`status`,`updatetime`,`dateline` FROM `ppsao_admin` WHERE  `id` = 9  AND `is_del` = 0 LIMIT 1     [ RunTime:0.000492s ]
[ sql ] [ SQL ] SHOW COLUMNS FROM `ppsao_setting` [ RunTime:0.001160s ]
[ sql ] [ SQL ] SELECT * FROM `ppsao_setting`  [ RunTime:0.000262s ]
[ sql ] [ SQL ] SHOW COLUMNS FROM `ppsao_wenan` [ RunTime:0.001471s ]
[ sql ] [ SQL ] SELECT COUNT(*) AS tp_count FROM `ppsao_wenan` WHERE  `is_del` = 0 ORDER BY id desc LIMIT 1    [ RunTime:0.000274s ]
[ sql ] [ SQL ] SELECT * FROM `ppsao_wenan` WHERE  `is_del` = 0 ORDER BY id desc LIMIT 0,5    [ RunTime:0.000370s ]
[ sql ] [ SQL ] SHOW COLUMNS FROM `ppsao_wenan_cat` [ RunTime:0.001043s ]
[ sql ] [ SQL ] SELECT * FROM `ppsao_wenan_cat` WHERE  `is_del` = 0 ORDER BY nav_sort desc,id asc   [ RunTime:0.000370s ]

---------------------------------------------------------------
[ 2017-06-08T11:11:56+08:00 ] 10.0.0.249 220.189.193.13 GET /admin/wenan/edit.html
[ log ] kc.nbtv.cn/admin/wenan/edit.html [运行时间：0.060592s][吞吐率：16.50req/s] [内存消耗：3,459.93kb] [文件加载：56]
[ info ] [ LANG ] /home/www/kc/thinkphp/lang/zh-cn.php
[ info ] [ ROUTE ] array (
  'type' => 'module',
  'module' => 
  array (
    0 => 'admin',
    1 => 'wenan',
    2 => 'edit',
  ),
)
[ info ] [ HEADER ] array (
  'accept' => 'text/html, application/xhtml+xml, */*',
  'referer' => 'http://kc.nbtv.cn/admin/wenan/index.html',
  'accept-language' => 'zh-CN',
  'user-agent' => 'Mozilla/5.0 (Windows NT 6.1; WOW64; Trident/7.0; rv:11.0) like Gecko',
  'accept-encoding' => 'gzip, deflate',
  'host' => 'kc.nbtv.cn',
  'connection' => 'Keep-Alive',
  'cookie' => 'PHPSESSID=pnahhb3t4ftcoav98ok5f81l62; Hm_lpvt_407473d433e871de861cf818aa1405a1=1496891496; Hm_lvt_407473d433e871de861cf818aa1405a1=1496891433; auth_login_email=wgd%40nbtv.com.cn',
  'content-type' => '',
  'content-length' => '',
)
[ info ] [ PARAM ] array (
)
[ info ] [ SESSION ] INIT array (
  'id' => '',
  'var_session_id' => '',
  'prefix' => 'think',
  'type' => '',
  'auto_start' => true,
)
[ info ] [ DB ] INIT mysql
[ info ] [ RUN ] app\admin\controller\Wenan->edit[ /home/www/kc/application/admin/controller/Wenan.php ]
[ info ] [ VIEW ] /home/www/kc/public/../application/admin/view/wenan/edit.html [ array (
  0 => '_controller',
  1 => '_action',
  2 => '_timestamp',
  3 => '_user',
  4 => 'settings',
  5 => 'one',
  6 => 'cat_arr',
  7 => 'siet_url',
) ]
[ info ] [ LOG ] INIT File
[ sql ] [ DB ] CONNECT:[ UseTime:0.000614s ] mysql:dbname=kc;host=127.0.0.1;port=3306;charset=utf8
[ sql ] [ SQL ] SHOW COLUMNS FROM `ppsao_admin` [ RunTime:0.001422s ]
[ sql ] [ SQL ] SELECT `id`,`username`,`email`,`realname`,`tel`,`qq`,`sex`,`address`,`lasttime`,`lastip`,`logins`,`is_check_email`,`status`,`updatetime`,`dateline` FROM `ppsao_admin` WHERE  `id` = 9  AND `is_del` = 0 LIMIT 1     [ RunTime:0.000578s ]
[ sql ] [ SQL ] SHOW COLUMNS FROM `ppsao_setting` [ RunTime:0.001102s ]
[ sql ] [ SQL ] SELECT * FROM `ppsao_setting`  [ RunTime:0.000231s ]
[ sql ] [ SQL ] SHOW COLUMNS FROM `ppsao_wenan_cat` [ RunTime:0.001098s ]
[ sql ] [ SQL ] SELECT * FROM `ppsao_wenan_cat` WHERE  `is_del` = 0 ORDER BY nav_sort desc,id asc   [ RunTime:0.000375s ]

---------------------------------------------------------------
[ 2017-06-08T11:11:56+08:00 ] 10.0.0.249 220.189.193.13 POST /admin/wenan/loadtemp.html
[ log ] kc.nbtv.cn/admin/wenan/loadtemp.html [运行时间：0.053598s][吞吐率：18.66req/s] [内存消耗：3,342.71kb] [文件加载：55]
[ info ] [ LANG ] /home/www/kc/thinkphp/lang/zh-cn.php
[ info ] [ ROUTE ] array (
  'type' => 'module',
  'module' => 
  array (
    0 => 'admin',
    1 => 'wenan',
    2 => 'loadtemp',
  ),
)
[ info ] [ HEADER ] array (
  'accept' => '*/*',
  'content-type' => 'application/x-www-form-urlencoded; charset=UTF-8',
  'x-requested-with' => 'XMLHttpRequest',
  'referer' => 'http://kc.nbtv.cn/admin/wenan/edit.html',
  'accept-language' => 'zh-CN',
  'accept-encoding' => 'gzip, deflate',
  'user-agent' => 'Mozilla/5.0 (Windows NT 6.1; WOW64; Trident/7.0; rv:11.0) like Gecko',
  'host' => 'kc.nbtv.cn',
  'content-length' => '10',
  'connection' => 'Keep-Alive',
  'cache-control' => 'no-cache',
  'cookie' => 'PHPSESSID=pnahhb3t4ftcoav98ok5f81l62; Hm_lpvt_407473d433e871de861cf818aa1405a1=1496891496; Hm_lvt_407473d433e871de861cf818aa1405a1=1496891433; auth_login_email=wgd%40nbtv.com.cn',
)
[ info ] [ PARAM ] array (
  'type' => 'title',
)
[ info ] [ SESSION ] INIT array (
  'id' => '',
  'var_session_id' => '',
  'prefix' => 'think',
  'type' => '',
  'auto_start' => true,
)
[ info ] [ DB ] INIT mysql
[ info ] [ RUN ] app\admin\controller\Wenan->loadtemp[ /home/www/kc/application/admin/controller/Wenan.php ]
[ info ] [ VIEW ] /home/www/kc/public/../application/admin/view/wenan/temp_title.html [ array (
  0 => '_controller',
  1 => '_action',
  2 => '_timestamp',
  3 => '_user',
  4 => 'siet_url',
) ]
[ info ] [ LOG ] INIT File
[ sql ] [ DB ] CONNECT:[ UseTime:0.000640s ] mysql:dbname=kc;host=127.0.0.1;port=3306;charset=utf8
[ sql ] [ SQL ] SHOW COLUMNS FROM `ppsao_admin` [ RunTime:0.001676s ]
[ sql ] [ SQL ] SELECT `id`,`username`,`email`,`realname`,`tel`,`qq`,`sex`,`address`,`lasttime`,`lastip`,`logins`,`is_check_email`,`status`,`updatetime`,`dateline` FROM `ppsao_admin` WHERE  `id` = 9  AND `is_del` = 0 LIMIT 1     [ RunTime:0.000629s ]

---------------------------------------------------------------
[ 2017-06-08T11:12:06+08:00 ] 10.0.0.249 101.226.65.104 GET /admin/wenan/edit.html
[ log ] kc.nbtv.cn/admin/wenan/edit.html [运行时间：0.036031s][吞吐率：27.75req/s] [内存消耗：2,214.21kb] [文件加载：46]
[ info ] [ LANG ] /home/www/kc/thinkphp/lang/zh-cn.php
[ info ] [ ROUTE ] array (
  'type' => 'module',
  'module' => 
  array (
    0 => 'admin',
    1 => 'wenan',
    2 => 'edit',
  ),
)
[ info ] [ HEADER ] array (
  'user-agent' => 'Mozilla/5.0 (Windows NT 6.1; WOW64) AppleWebKit/537.36 (KHTML, like Gecko) Chrome/53.0.2785.104 Safari/537.36 Core/1.53.2141.400 QQBrowser/9.5.10219.400',
  'accept' => '*/*',
  'accept-encoding' => 'gzip, deflate, sdch, br',
  'accept-language' => 'zh-CN,zh;q=0.8,en-US;q=0.6,en;q=0.4',
  'host' => 'kc.nbtv.cn',
  'connection' => 'keep-alive',
  'content-type' => '',
  'content-length' => '',
)
[ info ] [ PARAM ] array (
)
[ info ] [ SESSION ] INIT array (
  'id' => '',
  'var_session_id' => '',
  'prefix' => 'think',
  'type' => '',
  'auto_start' => true,
)
[ info ] [ LOG ] INIT File

---------------------------------------------------------------
[ 2017-06-08T11:12:06+08:00 ] 10.0.0.249 101.226.65.104 GET /Admin/Index
[ log ] kc.nbtv.cn/Admin/Index [运行时间：0.049642s][吞吐率：20.14req/s] [内存消耗：3,077.66kb] [文件加载：54]
[ info ] [ LANG ] /home/www/kc/thinkphp/lang/zh-cn.php
[ info ] [ ROUTE ] array (
  'type' => 'module',
  'module' => 
  array (
    0 => 'Admin',
    1 => 'Index',
    2 => NULL,
  ),
)
[ info ] [ HEADER ] array (
  'user-agent' => 'Mozilla/5.0 (Windows NT 6.1; WOW64) AppleWebKit/537.36 (KHTML, like Gecko) Chrome/53.0.2785.104 Safari/537.36 Core/1.53.2141.400 QQBrowser/9.5.10219.400',
  'accept' => '*/*',
  'accept-encoding' => 'gzip, deflate, sdch, br',
  'referer' => 'http://kc.nbtv.cn/admin/wenan/edit.html',
  'cookie' => 'PHPSESSID=uj3vm9f4holpu5nd6dhvincko2',
  'accept-language' => 'zh-CN,zh;q=0.8,en-US;q=0.6,en;q=0.4',
  'host' => 'kc.nbtv.cn',
  'connection' => 'keep-alive',
  'content-type' => '',
  'content-length' => '',
)
[ info ] [ PARAM ] array (
)
[ info ] [ SESSION ] INIT array (
  'id' => '',
  'var_session_id' => '',
  'prefix' => 'think',
  'type' => '',
  'auto_start' => true,
)
[ info ] [ DB ] INIT mysql
[ info ] [ RUN ] app\admin\controller\Index->index[ /home/www/kc/application/admin/controller/Index.php ]
[ info ] [ VIEW ] /home/www/kc/public/../application/admin/view/index/index.html [ array (
  0 => '_controller',
  1 => '_action',
  2 => '_timestamp',
  3 => '_user',
  4 => 'settings',
  5 => 'auth_login_email',
) ]
[ info ] [ LOG ] INIT File
[ sql ] [ DB ] CONNECT:[ UseTime:0.000669s ] mysql:dbname=kc;host=127.0.0.1;port=3306;charset=utf8
[ sql ] [ SQL ] SHOW COLUMNS FROM `ppsao_setting` [ RunTime:0.001517s ]
[ sql ] [ SQL ] SELECT * FROM `ppsao_setting`  [ RunTime:0.000470s ]

---------------------------------------------------------------
[ 2017-06-08T11:12:15+08:00 ] 10.0.0.249 220.189.193.13 GET /admin/wenan/edit.html
[ log ] kc.nbtv.cn/admin/wenan/edit.html [运行时间：0.058726s][吞吐率：17.03req/s] [内存消耗：3,459.93kb] [文件加载：56]
[ info ] [ LANG ] /home/www/kc/thinkphp/lang/zh-cn.php
[ info ] [ ROUTE ] array (
  'type' => 'module',
  'module' => 
  array (
    0 => 'admin',
    1 => 'wenan',
    2 => 'edit',
  ),
)
[ info ] [ HEADER ] array (
  'accept' => 'text/html, application/xhtml+xml, */*',
  'referer' => 'http://kc.nbtv.cn/admin/wenan/index.html',
  'accept-language' => 'zh-CN',
  'user-agent' => 'Mozilla/5.0 (Windows NT 6.1; WOW64; Trident/7.0; rv:11.0) like Gecko',
  'accept-encoding' => 'gzip, deflate',
  'host' => 'kc.nbtv.cn',
  'connection' => 'Keep-Alive',
  'cookie' => 'PHPSESSID=pnahhb3t4ftcoav98ok5f81l62; Hm_lpvt_407473d433e871de861cf818aa1405a1=1496891496; Hm_lvt_407473d433e871de861cf818aa1405a1=1496891433; auth_login_email=wgd%40nbtv.com.cn',
  'content-type' => '',
  'content-length' => '',
)
[ info ] [ PARAM ] array (
)
[ info ] [ SESSION ] INIT array (
  'id' => '',
  'var_session_id' => '',
  'prefix' => 'think',
  'type' => '',
  'auto_start' => true,
)
[ info ] [ DB ] INIT mysql
[ info ] [ RUN ] app\admin\controller\Wenan->edit[ /home/www/kc/application/admin/controller/Wenan.php ]
[ info ] [ VIEW ] /home/www/kc/public/../application/admin/view/wenan/edit.html [ array (
  0 => '_controller',
  1 => '_action',
  2 => '_timestamp',
  3 => '_user',
  4 => 'settings',
  5 => 'one',
  6 => 'cat_arr',
  7 => 'siet_url',
) ]
[ info ] [ LOG ] INIT File
[ sql ] [ DB ] CONNECT:[ UseTime:0.000532s ] mysql:dbname=kc;host=127.0.0.1;port=3306;charset=utf8
[ sql ] [ SQL ] SHOW COLUMNS FROM `ppsao_admin` [ RunTime:0.001762s ]
[ sql ] [ SQL ] SELECT `id`,`username`,`email`,`realname`,`tel`,`qq`,`sex`,`address`,`lasttime`,`lastip`,`logins`,`is_check_email`,`status`,`updatetime`,`dateline` FROM `ppsao_admin` WHERE  `id` = 9  AND `is_del` = 0 LIMIT 1     [ RunTime:0.000558s ]
[ sql ] [ SQL ] SHOW COLUMNS FROM `ppsao_setting` [ RunTime:0.001401s ]
[ sql ] [ SQL ] SELECT * FROM `ppsao_setting`  [ RunTime:0.000346s ]
[ sql ] [ SQL ] SHOW COLUMNS FROM `ppsao_wenan_cat` [ RunTime:0.001363s ]
[ sql ] [ SQL ] SELECT * FROM `ppsao_wenan_cat` WHERE  `is_del` = 0 ORDER BY nav_sort desc,id asc   [ RunTime:0.000380s ]

---------------------------------------------------------------
[ 2017-06-08T11:12:15+08:00 ] 10.0.0.249 220.189.193.13 POST /admin/wenan/loadtemp.html
[ log ] kc.nbtv.cn/admin/wenan/loadtemp.html [运行时间：0.052688s][吞吐率：18.98req/s] [内存消耗：3,342.71kb] [文件加载：55]
[ info ] [ LANG ] /home/www/kc/thinkphp/lang/zh-cn.php
[ info ] [ ROUTE ] array (
  'type' => 'module',
  'module' => 
  array (
    0 => 'admin',
    1 => 'wenan',
    2 => 'loadtemp',
  ),
)
[ info ] [ HEADER ] array (
  'accept' => '*/*',
  'content-type' => 'application/x-www-form-urlencoded; charset=UTF-8',
  'x-requested-with' => 'XMLHttpRequest',
  'referer' => 'http://kc.nbtv.cn/admin/wenan/edit.html',
  'accept-language' => 'zh-CN',
  'accept-encoding' => 'gzip, deflate',
  'user-agent' => 'Mozilla/5.0 (Windows NT 6.1; WOW64; Trident/7.0; rv:11.0) like Gecko',
  'host' => 'kc.nbtv.cn',
  'content-length' => '10',
  'connection' => 'Keep-Alive',
  'cache-control' => 'no-cache',
  'cookie' => 'PHPSESSID=pnahhb3t4ftcoav98ok5f81l62; Hm_lpvt_407473d433e871de861cf818aa1405a1=1496891496; Hm_lvt_407473d433e871de861cf818aa1405a1=1496891433; auth_login_email=wgd%40nbtv.com.cn',
)
[ info ] [ PARAM ] array (
  'type' => 'title',
)
[ info ] [ SESSION ] INIT array (
  'id' => '',
  'var_session_id' => '',
  'prefix' => 'think',
  'type' => '',
  'auto_start' => true,
)
[ info ] [ DB ] INIT mysql
[ info ] [ RUN ] app\admin\controller\Wenan->loadtemp[ /home/www/kc/application/admin/controller/Wenan.php ]
[ info ] [ VIEW ] /home/www/kc/public/../application/admin/view/wenan/temp_title.html [ array (
  0 => '_controller',
  1 => '_action',
  2 => '_timestamp',
  3 => '_user',
  4 => 'siet_url',
) ]
[ info ] [ LOG ] INIT File
[ sql ] [ DB ] CONNECT:[ UseTime:0.000685s ] mysql:dbname=kc;host=127.0.0.1;port=3306;charset=utf8
[ sql ] [ SQL ] SHOW COLUMNS FROM `ppsao_admin` [ RunTime:0.001492s ]
[ sql ] [ SQL ] SELECT `id`,`username`,`email`,`realname`,`tel`,`qq`,`sex`,`address`,`lasttime`,`lastip`,`logins`,`is_check_email`,`status`,`updatetime`,`dateline` FROM `ppsao_admin` WHERE  `id` = 9  AND `is_del` = 0 LIMIT 1     [ RunTime:0.000577s ]

---------------------------------------------------------------
[ 2017-06-08T11:12:35+08:00 ] 10.0.0.249 220.189.193.13 GET /admin/wenan/edit.html
[ log ] kc.nbtv.cn/admin/wenan/edit.html [运行时间：0.059107s][吞吐率：16.92req/s] [内存消耗：3,459.57kb] [文件加载：56]
[ info ] [ LANG ] /home/www/kc/thinkphp/lang/zh-cn.php
[ info ] [ ROUTE ] array (
  'type' => 'module',
  'module' => 
  array (
    0 => 'admin',
    1 => 'wenan',
    2 => 'edit',
  ),
)
[ info ] [ HEADER ] array (
  'accept' => 'text/html, application/xhtml+xml, */*',
  'accept-language' => 'zh-CN',
  'user-agent' => 'Mozilla/5.0 (Windows NT 6.1; WOW64; Trident/7.0; rv:11.0) like Gecko',
  'accept-encoding' => 'gzip, deflate',
  'host' => 'kc.nbtv.cn',
  'connection' => 'Keep-Alive',
  'cookie' => 'Hm_lvt_407473d433e871de861cf818aa1405a1=1496891433; auth_login_email=wgd%40nbtv.com.cn; PHPSESSID=pnahhb3t4ftcoav98ok5f81l62; Hm_lpvt_407473d433e871de861cf818aa1405a1=1496891496',
  'content-type' => '',
  'content-length' => '',
)
[ info ] [ PARAM ] array (
)
[ info ] [ SESSION ] INIT array (
  'id' => '',
  'var_session_id' => '',
  'prefix' => 'think',
  'type' => '',
  'auto_start' => true,
)
[ info ] [ DB ] INIT mysql
[ info ] [ RUN ] app\admin\controller\Wenan->edit[ /home/www/kc/application/admin/controller/Wenan.php ]
[ info ] [ VIEW ] /home/www/kc/public/../application/admin/view/wenan/edit.html [ array (
  0 => '_controller',
  1 => '_action',
  2 => '_timestamp',
  3 => '_user',
  4 => 'settings',
  5 => 'one',
  6 => 'cat_arr',
  7 => 'siet_url',
) ]
[ info ] [ LOG ] INIT File
[ sql ] [ DB ] CONNECT:[ UseTime:0.000675s ] mysql:dbname=kc;host=127.0.0.1;port=3306;charset=utf8
[ sql ] [ SQL ] SHOW COLUMNS FROM `ppsao_admin` [ RunTime:0.001758s ]
[ sql ] [ SQL ] SELECT `id`,`username`,`email`,`realname`,`tel`,`qq`,`sex`,`address`,`lasttime`,`lastip`,`logins`,`is_check_email`,`status`,`updatetime`,`dateline` FROM `ppsao_admin` WHERE  `id` = 9  AND `is_del` = 0 LIMIT 1     [ RunTime:0.000612s ]
[ sql ] [ SQL ] SHOW COLUMNS FROM `ppsao_setting` [ RunTime:0.001405s ]
[ sql ] [ SQL ] SELECT * FROM `ppsao_setting`  [ RunTime:0.000284s ]
[ sql ] [ SQL ] SHOW COLUMNS FROM `ppsao_wenan_cat` [ RunTime:0.001473s ]
[ sql ] [ SQL ] SELECT * FROM `ppsao_wenan_cat` WHERE  `is_del` = 0 ORDER BY nav_sort desc,id asc   [ RunTime:0.000367s ]

---------------------------------------------------------------
[ 2017-06-08T11:12:35+08:00 ] 10.0.0.249 220.189.193.13 POST /admin/wenan/loadtemp.html
[ log ] kc.nbtv.cn/admin/wenan/loadtemp.html [运行时间：0.053484s][吞吐率：18.70req/s] [内存消耗：3,342.71kb] [文件加载：55]
[ info ] [ LANG ] /home/www/kc/thinkphp/lang/zh-cn.php
[ info ] [ ROUTE ] array (
  'type' => 'module',
  'module' => 
  array (
    0 => 'admin',
    1 => 'wenan',
    2 => 'loadtemp',
  ),
)
[ info ] [ HEADER ] array (
  'accept' => '*/*',
  'content-type' => 'application/x-www-form-urlencoded; charset=UTF-8',
  'x-requested-with' => 'XMLHttpRequest',
  'referer' => 'http://kc.nbtv.cn/admin/wenan/edit.html',
  'accept-language' => 'zh-CN',
  'accept-encoding' => 'gzip, deflate',
  'user-agent' => 'Mozilla/5.0 (Windows NT 6.1; WOW64; Trident/7.0; rv:11.0) like Gecko',
  'host' => 'kc.nbtv.cn',
  'content-length' => '10',
  'connection' => 'Keep-Alive',
  'cache-control' => 'no-cache',
  'cookie' => 'Hm_lvt_407473d433e871de861cf818aa1405a1=1496891433; auth_login_email=wgd%40nbtv.com.cn; PHPSESSID=pnahhb3t4ftcoav98ok5f81l62; Hm_lpvt_407473d433e871de861cf818aa1405a1=1496891496',
)
[ info ] [ PARAM ] array (
  'type' => 'title',
)
[ info ] [ SESSION ] INIT array (
  'id' => '',
  'var_session_id' => '',
  'prefix' => 'think',
  'type' => '',
  'auto_start' => true,
)
[ info ] [ DB ] INIT mysql
[ info ] [ RUN ] app\admin\controller\Wenan->loadtemp[ /home/www/kc/application/admin/controller/Wenan.php ]
[ info ] [ VIEW ] /home/www/kc/public/../application/admin/view/wenan/temp_title.html [ array (
  0 => '_controller',
  1 => '_action',
  2 => '_timestamp',
  3 => '_user',
  4 => 'siet_url',
) ]
[ info ] [ LOG ] INIT File
[ sql ] [ DB ] CONNECT:[ UseTime:0.000533s ] mysql:dbname=kc;host=127.0.0.1;port=3306;charset=utf8
[ sql ] [ SQL ] SHOW COLUMNS FROM `ppsao_admin` [ RunTime:0.001885s ]
[ sql ] [ SQL ] SELECT `id`,`username`,`email`,`realname`,`tel`,`qq`,`sex`,`address`,`lasttime`,`lastip`,`logins`,`is_check_email`,`status`,`updatetime`,`dateline` FROM `ppsao_admin` WHERE  `id` = 9  AND `is_del` = 0 LIMIT 1     [ RunTime:0.000525s ]

---------------------------------------------------------------
[ 2017-06-08T11:13:53+08:00 ] 10.0.0.249 220.189.193.13 GET /admin
[ log ] kc.nbtv.cn/admin [运行时间：0.052090s][吞吐率：19.20req/s] [内存消耗：3,077.65kb] [文件加载：54]
[ info ] [ LANG ] /home/www/kc/thinkphp/lang/zh-cn.php
[ info ] [ ROUTE ] array (
  'type' => 'module',
  'module' => 
  array (
    0 => 'admin',
    1 => NULL,
    2 => NULL,
  ),
)
[ info ] [ HEADER ] array (
  'host' => 'kc.nbtv.cn',
  'connection' => 'keep-alive',
  'accept' => 'text/html,application/xhtml+xml,application/xml;q=0.9,image/webp,*/*;q=0.8',
  'upgrade-insecure-requests' => '1',
  'user-agent' => 'Mozilla/5.0 (Windows NT 6.1; WOW64) AppleWebKit/537.36 (KHTML, like Gecko) Chrome/45.0.2454.101 Safari/537.36',
  'accept-encoding' => 'gzip, deflate, sdch',
  'accept-language' => 'zh-CN,zh;q=0.8',
  'cookie' => 'auth_login_email=hyp%40nbtv.com.cn',
  'content-type' => '',
  'content-length' => '',
)
[ info ] [ PARAM ] array (
)
[ info ] [ SESSION ] INIT array (
  'id' => '',
  'var_session_id' => '',
  'prefix' => 'think',
  'type' => '',
  'auto_start' => true,
)
[ info ] [ DB ] INIT mysql
[ info ] [ RUN ] app\admin\controller\Index->index[ /home/www/kc/application/admin/controller/Index.php ]
[ info ] [ VIEW ] /home/www/kc/public/../application/admin/view/index/index.html [ array (
  0 => '_controller',
  1 => '_action',
  2 => '_timestamp',
  3 => '_user',
  4 => 'settings',
  5 => 'auth_login_email',
) ]
[ info ] [ LOG ] INIT File
[ sql ] [ DB ] CONNECT:[ UseTime:0.000773s ] mysql:dbname=kc;host=127.0.0.1;port=3306;charset=utf8
[ sql ] [ SQL ] SHOW COLUMNS FROM `ppsao_setting` [ RunTime:0.001544s ]
[ sql ] [ SQL ] SELECT * FROM `ppsao_setting`  [ RunTime:0.000353s ]

---------------------------------------------------------------
[ 2017-06-08T11:13:53+08:00 ] 10.0.0.249 220.189.193.13 GET /captcha.html
[ log ] kc.nbtv.cn/captcha.html [运行时间：0.032713s][吞吐率：30.57req/s] [内存消耗：1,809.17kb] [文件加载：38]
[ info ] [ LANG ] /home/www/kc/thinkphp/lang/zh-cn.php
[ info ] [ ROUTE ] array (
  'type' => 'method',
  'method' => 
  array (
    0 => '\\think\\captcha\\CaptchaController',
    1 => 'index',
  ),
)
[ info ] [ HEADER ] array (
  'host' => 'kc.nbtv.cn',
  'connection' => 'keep-alive',
  'accept' => 'image/webp,image/*,*/*;q=0.8',
  'user-agent' => 'Mozilla/5.0 (Windows NT 6.1; WOW64) AppleWebKit/537.36 (KHTML, like Gecko) Chrome/45.0.2454.101 Safari/537.36',
  'referer' => 'http://kc.nbtv.cn/admin',
  'accept-encoding' => 'gzip, deflate, sdch',
  'accept-language' => 'zh-CN,zh;q=0.8',
  'cookie' => 'auth_login_email=hyp%40nbtv.com.cn; PHPSESSID=dpj4fn9skcmov31krn1chtuvn7',
  'content-type' => '',
  'content-length' => '',
)
[ info ] [ PARAM ] array (
  'id' => '',
)
[ info ] [ RUN ] think\captcha\CaptchaController->index[ /home/www/kc/vendor/topthink/think-captcha/src/CaptchaController.php ]
[ info ] [ SESSION ] INIT array (
  'id' => '',
  'var_session_id' => '',
  'prefix' => 'think',
  'type' => '',
  'auto_start' => true,
)
[ info ] [ LOG ] INIT File

---------------------------------------------------------------
[ 2017-06-08T11:14:06+08:00 ] 10.0.0.249 220.189.193.13 POST /admin/index/login.html
[ log ] kc.nbtv.cn/admin/index/login.html [运行时间：0.118087s][吞吐率：8.47req/s] [内存消耗：3,556.19kb] [文件加载：61]
[ info ] [ LANG ] /home/www/kc/thinkphp/lang/zh-cn.php
[ info ] [ ROUTE ] array (
  'type' => 'module',
  'module' => 
  array (
    0 => 'admin',
    1 => 'index',
    2 => 'login',
  ),
)
[ info ] [ HEADER ] array (
  'accept' => '*/*',
  'content-type' => 'application/x-www-form-urlencoded',
  'referer' => 'http://kc.nbtv.cn/admin',
  'accept-language' => 'zh-CN',
  'user-agent' => 'Mozilla/4.0 (compatible; MSIE 7.0; Windows NT 6.1; WOW64; Trident/7.0; SLCC2; .NET CLR 2.0.50727; .NET CLR 3.5.30729; .NET CLR 3.0.30729; Media Center PC 6.0; .NET4.0C; .NET4.0E; InfoPath.3)',
  'accept-encoding' => 'gzip, deflate',
  'host' => 'kc.nbtv.cn',
  'content-length' => '53',
  'connection' => 'Keep-Alive',
  'cache-control' => 'no-cache',
  'cookie' => 'auth_login_email=hyp%40nbtv.com.cn; PHPSESSID=dpj4fn9skcmov31krn1chtuvn7',
)
[ info ] [ PARAM ] array (
  'email' => 'hyp@nbtv.com.cn',
  'password' => '670032',
  'captcha' => '37777',
)
[ info ] [ SESSION ] INIT array (
  'id' => '',
  'var_session_id' => '',
  'prefix' => 'think',
  'type' => '',
  'auto_start' => true,
)
[ info ] [ DB ] INIT mysql
[ info ] [ RUN ] app\admin\controller\Index->login[ /home/www/kc/application/admin/controller/Index.php ]
[ info ] [ CACHE ] INIT File
[ info ] [ VIEW ] /home/www/kc/public/../application/admin/view/public/dispatch_jump.html [ array (
  0 => '_controller',
  1 => '_action',
  2 => '_timestamp',
  3 => '_user',
  4 => 'settings',
  5 => 'code',
  6 => 'msg',
  7 => 'data',
  8 => 'url',
  9 => 'wait',
) ]
[ info ] [ LOG ] INIT File
[ sql ] [ DB ] CONNECT:[ UseTime:0.000726s ] mysql:dbname=kc;host=127.0.0.1;port=3306;charset=utf8
[ sql ] [ SQL ] SHOW COLUMNS FROM `ppsao_setting` [ RunTime:0.001226s ]
[ sql ] [ SQL ] SELECT * FROM `ppsao_setting`  [ RunTime:0.000288s ]
[ sql ] [ SQL ] SHOW COLUMNS FROM `ppsao_admin` [ RunTime:0.001247s ]
[ sql ] [ SQL ] SELECT * FROM `ppsao_admin` WHERE  `email` = 'hyp@nbtv.com.cn'  AND `is_del` = 0 LIMIT 1     [ RunTime:0.000721s ]
[ sql ] [ SQL ] UPDATE `ppsao_admin`  SET `username`='',`lasttime`=1496891646,`lastip`='220.189.193.13',`logins`=logins+1  WHERE  `id` = 12       [ RunTime:0.059406s ]

---------------------------------------------------------------
[ 2017-06-08T11:14:08+08:00 ] 10.0.0.249 220.189.193.13 GET /Admin/panel.html
[ log ] kc.nbtv.cn/Admin/panel.html [运行时间：0.056325s][吞吐率：17.75req/s] [内存消耗：3,388.94kb] [文件加载：55]
[ info ] [ LANG ] /home/www/kc/thinkphp/lang/zh-cn.php
[ info ] [ ROUTE ] array (
  'type' => 'module',
  'module' => 
  array (
    0 => 'Admin',
    1 => 'panel',
    2 => NULL,
  ),
)
[ info ] [ HEADER ] array (
  'host' => 'kc.nbtv.cn',
  'connection' => 'keep-alive',
  'accept' => 'text/html,application/xhtml+xml,application/xml;q=0.9,image/webp,*/*;q=0.8',
  'upgrade-insecure-requests' => '1',
  'user-agent' => 'Mozilla/5.0 (Windows NT 6.1; WOW64) AppleWebKit/537.36 (KHTML, like Gecko) Chrome/45.0.2454.101 Safari/537.36',
  'accept-encoding' => 'gzip, deflate, sdch',
  'accept-language' => 'zh-CN,zh;q=0.8',
  'cookie' => 'PHPSESSID=dpj4fn9skcmov31krn1chtuvn7; auth_login_email=hyp%40nbtv.com.cn',
  'content-type' => '',
  'content-length' => '',
)
[ info ] [ PARAM ] array (
)
[ info ] [ SESSION ] INIT array (
  'id' => '',
  'var_session_id' => '',
  'prefix' => 'think',
  'type' => '',
  'auto_start' => true,
)
[ info ] [ DB ] INIT mysql
[ info ] [ RUN ] app\admin\controller\Panel->index[ /home/www/kc/application/admin/controller/Panel.php ]
[ info ] [ VIEW ] /home/www/kc/public/../application/admin/view/panel/index.html [ array (
  0 => '_controller',
  1 => '_action',
  2 => '_timestamp',
  3 => '_user',
  4 => 'settings',
) ]
[ info ] [ LOG ] INIT File
[ sql ] [ DB ] CONNECT:[ UseTime:0.000691s ] mysql:dbname=kc;host=127.0.0.1;port=3306;charset=utf8
[ sql ] [ SQL ] SHOW COLUMNS FROM `ppsao_admin` [ RunTime:0.001752s ]
[ sql ] [ SQL ] SELECT `id`,`username`,`email`,`realname`,`tel`,`qq`,`sex`,`address`,`lasttime`,`lastip`,`logins`,`is_check_email`,`status`,`updatetime`,`dateline` FROM `ppsao_admin` WHERE  `id` = 12  AND `is_del` = 0 LIMIT 1     [ RunTime:0.000856s ]
[ sql ] [ SQL ] SHOW COLUMNS FROM `ppsao_setting` [ RunTime:0.001427s ]
[ sql ] [ SQL ] SELECT * FROM `ppsao_setting`  [ RunTime:0.000317s ]

---------------------------------------------------------------
[ 2017-06-08T11:14:17+08:00 ] 10.0.0.249 220.189.193.13 GET /admin/wenan/index.html
[ log ] kc.nbtv.cn/admin/wenan/index.html [运行时间：0.064890s][吞吐率：15.41req/s] [内存消耗：3,626.81kb] [文件加载：60]
[ info ] [ LANG ] /home/www/kc/thinkphp/lang/zh-cn.php
[ info ] [ ROUTE ] array (
  'type' => 'module',
  'module' => 
  array (
    0 => 'admin',
    1 => 'wenan',
    2 => 'index',
  ),
)
[ info ] [ HEADER ] array (
  'accept' => '*/*',
  'referer' => 'http://kc.nbtv.cn/Admin/panel.html',
  'accept-language' => 'zh-CN',
  'user-agent' => 'Mozilla/4.0 (compatible; MSIE 7.0; Windows NT 6.1; WOW64; Trident/7.0; SLCC2; .NET CLR 2.0.50727; .NET CLR 3.5.30729; .NET CLR 3.0.30729; Media Center PC 6.0; .NET4.0C; .NET4.0E; InfoPath.3)',
  'accept-encoding' => 'gzip, deflate',
  'host' => 'kc.nbtv.cn',
  'connection' => 'Keep-Alive',
  'cookie' => 'PHPSESSID=dpj4fn9skcmov31krn1chtuvn7; auth_login_email=hyp%40nbtv.com.cn',
  'content-type' => '',
  'content-length' => '',
)
[ info ] [ PARAM ] array (
)
[ info ] [ SESSION ] INIT array (
  'id' => '',
  'var_session_id' => '',
  'prefix' => 'think',
  'type' => '',
  'auto_start' => true,
)
[ info ] [ DB ] INIT mysql
[ info ] [ RUN ] app\admin\controller\Wenan->index[ /home/www/kc/application/admin/controller/Wenan.php ]
[ info ] [ VIEW ] /home/www/kc/public/../application/admin/view/wenan/index.html [ array (
  0 => '_controller',
  1 => '_action',
  2 => '_timestamp',
  3 => '_user',
  4 => 'settings',
  5 => 'cat_id',
  6 => 'kwd',
  7 => 'pagesize',
  8 => 'list',
  9 => 'cat_arr',
) ]
[ info ] [ LOG ] INIT File
[ sql ] [ DB ] CONNECT:[ UseTime:0.000592s ] mysql:dbname=kc;host=127.0.0.1;port=3306;charset=utf8
[ sql ] [ SQL ] SHOW COLUMNS FROM `ppsao_admin` [ RunTime:0.001737s ]
[ sql ] [ SQL ] SELECT `id`,`username`,`email`,`realname`,`tel`,`qq`,`sex`,`address`,`lasttime`,`lastip`,`logins`,`is_check_email`,`status`,`updatetime`,`dateline` FROM `ppsao_admin` WHERE  `id` = 12  AND `is_del` = 0 LIMIT 1     [ RunTime:0.000587s ]
[ sql ] [ SQL ] SHOW COLUMNS FROM `ppsao_setting` [ RunTime:0.001355s ]
[ sql ] [ SQL ] SELECT * FROM `ppsao_setting`  [ RunTime:0.000350s ]
[ sql ] [ SQL ] SHOW COLUMNS FROM `ppsao_wenan` [ RunTime:0.001703s ]
[ sql ] [ SQL ] SELECT COUNT(*) AS tp_count FROM `ppsao_wenan` WHERE  `is_del` = 0 ORDER BY id desc LIMIT 1    [ RunTime:0.000324s ]
[ sql ] [ SQL ] SELECT * FROM `ppsao_wenan` WHERE  `is_del` = 0 ORDER BY id desc LIMIT 0,5    [ RunTime:0.000516s ]
[ sql ] [ SQL ] SHOW COLUMNS FROM `ppsao_wenan_cat` [ RunTime:0.001268s ]
[ sql ] [ SQL ] SELECT * FROM `ppsao_wenan_cat` WHERE  `is_del` = 0 ORDER BY nav_sort desc,id asc   [ RunTime:0.000389s ]

---------------------------------------------------------------
[ 2017-06-08T11:14:24+08:00 ] 10.0.0.249 220.189.193.13 GET /admin/wenan/edit.html
[ log ] kc.nbtv.cn/admin/wenan/edit.html [运行时间：0.060876s][吞吐率：16.43req/s] [内存消耗：3,459.49kb] [文件加载：56]
[ info ] [ LANG ] /home/www/kc/thinkphp/lang/zh-cn.php
[ info ] [ ROUTE ] array (
  'type' => 'module',
  'module' => 
  array (
    0 => 'admin',
    1 => 'wenan',
    2 => 'edit',
  ),
)
[ info ] [ HEADER ] array (
  'accept' => '*/*',
  'referer' => 'http://kc.nbtv.cn/admin/wenan/index.html',
  'accept-language' => 'zh-CN',
  'user-agent' => 'Mozilla/4.0 (compatible; MSIE 7.0; Windows NT 6.1; WOW64; Trident/7.0; SLCC2; .NET CLR 2.0.50727; .NET CLR 3.5.30729; .NET CLR 3.0.30729; Media Center PC 6.0; .NET4.0C; .NET4.0E; InfoPath.3)',
  'accept-encoding' => 'gzip, deflate',
  'host' => 'kc.nbtv.cn',
  'connection' => 'Keep-Alive',
  'cookie' => 'PHPSESSID=dpj4fn9skcmov31krn1chtuvn7; auth_login_email=hyp%40nbtv.com.cn',
  'content-type' => '',
  'content-length' => '',
)
[ info ] [ PARAM ] array (
)
[ info ] [ SESSION ] INIT array (
  'id' => '',
  'var_session_id' => '',
  'prefix' => 'think',
  'type' => '',
  'auto_start' => true,
)
[ info ] [ DB ] INIT mysql
[ info ] [ RUN ] app\admin\controller\Wenan->edit[ /home/www/kc/application/admin/controller/Wenan.php ]
[ info ] [ VIEW ] /home/www/kc/public/../application/admin/view/wenan/edit.html [ array (
  0 => '_controller',
  1 => '_action',
  2 => '_timestamp',
  3 => '_user',
  4 => 'settings',
  5 => 'one',
  6 => 'cat_arr',
  7 => 'siet_url',
) ]
[ info ] [ LOG ] INIT File
[ sql ] [ DB ] CONNECT:[ UseTime:0.000680s ] mysql:dbname=kc;host=127.0.0.1;port=3306;charset=utf8
[ sql ] [ SQL ] SHOW COLUMNS FROM `ppsao_admin` [ RunTime:0.001763s ]
[ sql ] [ SQL ] SELECT `id`,`username`,`email`,`realname`,`tel`,`qq`,`sex`,`address`,`lasttime`,`lastip`,`logins`,`is_check_email`,`status`,`updatetime`,`dateline` FROM `ppsao_admin` WHERE  `id` = 12  AND `is_del` = 0 LIMIT 1     [ RunTime:0.000601s ]
[ sql ] [ SQL ] SHOW COLUMNS FROM `ppsao_setting` [ RunTime:0.001446s ]
[ sql ] [ SQL ] SELECT * FROM `ppsao_setting`  [ RunTime:0.000280s ]
[ sql ] [ SQL ] SHOW COLUMNS FROM `ppsao_wenan_cat` [ RunTime:0.001348s ]
[ sql ] [ SQL ] SELECT * FROM `ppsao_wenan_cat` WHERE  `is_del` = 0 ORDER BY nav_sort desc,id asc   [ RunTime:0.000394s ]

---------------------------------------------------------------
[ 2017-06-08T11:14:24+08:00 ] 10.0.0.249 220.189.193.13 POST /admin/wenan/loadtemp.html
[ log ] kc.nbtv.cn/admin/wenan/loadtemp.html [运行时间：0.053182s][吞吐率：18.80req/s] [内存消耗：3,342.20kb] [文件加载：55]
[ info ] [ LANG ] /home/www/kc/thinkphp/lang/zh-cn.php
[ info ] [ ROUTE ] array (
  'type' => 'module',
  'module' => 
  array (
    0 => 'admin',
    1 => 'wenan',
    2 => 'loadtemp',
  ),
)
[ info ] [ HEADER ] array (
  'accept' => '*/*',
  'content-type' => 'application/x-www-form-urlencoded; charset=UTF-8',
  'x-requested-with' => 'XMLHttpRequest',
  'referer' => 'http://kc.nbtv.cn/admin/wenan/edit.html',
  'accept-language' => 'zh-CN',
  'accept-encoding' => 'gzip, deflate',
  'user-agent' => 'Mozilla/4.0 (compatible; MSIE 7.0; Windows NT 6.1; WOW64; Trident/7.0; SLCC2; .NET CLR 2.0.50727; .NET CLR 3.5.30729; .NET CLR 3.0.30729; Media Center PC 6.0; .NET4.0C; .NET4.0E; InfoPath.3)',
  'host' => 'kc.nbtv.cn',
  'content-length' => '10',
  'connection' => 'Keep-Alive',
  'cache-control' => 'no-cache',
  'cookie' => 'PHPSESSID=dpj4fn9skcmov31krn1chtuvn7; auth_login_email=hyp%40nbtv.com.cn',
)
[ info ] [ PARAM ] array (
  'type' => 'title',
)
[ info ] [ SESSION ] INIT array (
  'id' => '',
  'var_session_id' => '',
  'prefix' => 'think',
  'type' => '',
  'auto_start' => true,
)
[ info ] [ DB ] INIT mysql
[ info ] [ RUN ] app\admin\controller\Wenan->loadtemp[ /home/www/kc/application/admin/controller/Wenan.php ]
[ info ] [ VIEW ] /home/www/kc/public/../application/admin/view/wenan/temp_title.html [ array (
  0 => '_controller',
  1 => '_action',
  2 => '_timestamp',
  3 => '_user',
  4 => 'siet_url',
) ]
[ info ] [ LOG ] INIT File
[ sql ] [ DB ] CONNECT:[ UseTime:0.000756s ] mysql:dbname=kc;host=127.0.0.1;port=3306;charset=utf8
[ sql ] [ SQL ] SHOW COLUMNS FROM `ppsao_admin` [ RunTime:0.001670s ]
[ sql ] [ SQL ] SELECT `id`,`username`,`email`,`realname`,`tel`,`qq`,`sex`,`address`,`lasttime`,`lastip`,`logins`,`is_check_email`,`status`,`updatetime`,`dateline` FROM `ppsao_admin` WHERE  `id` = 12  AND `is_del` = 0 LIMIT 1     [ RunTime:0.000662s ]

---------------------------------------------------------------
[ 2017-06-08T11:20:52+08:00 ] 10.0.0.249 112.65.193.15 GET /admin
[ log ] kc.nbtv.cn/admin [运行时间：0.051323s][吞吐率：19.48req/s] [内存消耗：3,076.79kb] [文件加载：54]
[ info ] [ LANG ] /home/www/kc/thinkphp/lang/zh-cn.php
[ info ] [ ROUTE ] array (
  'type' => 'module',
  'module' => 
  array (
    0 => 'admin',
    1 => NULL,
    2 => NULL,
  ),
)
[ info ] [ HEADER ] array (
  'user-agent' => 'Mozilla/5.0 (Windows NT 6.1; WOW64) AppleWebKit/537.36 (KHTML, like Gecko) Chrome/45.0.2454.101 Safari/537.36',
  'accept' => '*/*',
  'accept-encoding' => 'gzip, deflate, sdch, br',
  'accept-language' => 'zh-CN,zh;q=0.8,en-US;q=0.6,en;q=0.4',
  'host' => 'kc.nbtv.cn',
  'connection' => 'keep-alive',
  'content-type' => '',
  'content-length' => '',
)
[ info ] [ PARAM ] array (
)
[ info ] [ SESSION ] INIT array (
  'id' => '',
  'var_session_id' => '',
  'prefix' => 'think',
  'type' => '',
  'auto_start' => true,
)
[ info ] [ DB ] INIT mysql
[ info ] [ RUN ] app\admin\controller\Index->index[ /home/www/kc/application/admin/controller/Index.php ]
[ info ] [ VIEW ] /home/www/kc/public/../application/admin/view/index/index.html [ array (
  0 => '_controller',
  1 => '_action',
  2 => '_timestamp',
  3 => '_user',
  4 => 'settings',
  5 => 'auth_login_email',
) ]
[ info ] [ LOG ] INIT File
[ sql ] [ DB ] CONNECT:[ UseTime:0.000546s ] mysql:dbname=kc;host=127.0.0.1;port=3306;charset=utf8
[ sql ] [ SQL ] SHOW COLUMNS FROM `ppsao_setting` [ RunTime:0.001338s ]
[ sql ] [ SQL ] SELECT * FROM `ppsao_setting`  [ RunTime:0.000411s ]

---------------------------------------------------------------
[ 2017-06-08T14:01:59+08:00 ] 10.0.0.249 220.189.193.13 GET /admin
[ log ] kc.nbtv.cn/admin [运行时间：0.049987s][吞吐率：20.01req/s] [内存消耗：3,077.61kb] [文件加载：54]
[ info ] [ LANG ] /home/www/kc/thinkphp/lang/zh-cn.php
[ info ] [ ROUTE ] array (
  'type' => 'module',
  'module' => 
  array (
    0 => 'admin',
    1 => NULL,
    2 => NULL,
  ),
)
[ info ] [ HEADER ] array (
  'host' => 'kc.nbtv.cn',
  'user-agent' => 'Mozilla/5.0 (Windows NT 6.1; WOW64; rv:53.0) Gecko/20100101 Firefox/53.0',
  'accept' => 'text/html,application/xhtml+xml,application/xml;q=0.9,*/*;q=0.8',
  'accept-language' => 'zh-CN,zh;q=0.8,en-US;q=0.5,en;q=0.3',
  'accept-encoding' => 'gzip, deflate',
  'cookie' => '_gscu_1227423144=53881968u14ugp13; auth_login_email=sl%40nbtv.com.cn',
  'connection' => 'keep-alive',
  'upgrade-insecure-requests' => '1',
  'content-type' => '',
  'content-length' => '',
)
[ info ] [ PARAM ] array (
)
[ info ] [ SESSION ] INIT array (
  'id' => '',
  'var_session_id' => '',
  'prefix' => 'think',
  'type' => '',
  'auto_start' => true,
)
[ info ] [ DB ] INIT mysql
[ info ] [ RUN ] app\admin\controller\Index->index[ /home/www/kc/application/admin/controller/Index.php ]
[ info ] [ VIEW ] /home/www/kc/public/../application/admin/view/index/index.html [ array (
  0 => '_controller',
  1 => '_action',
  2 => '_timestamp',
  3 => '_user',
  4 => 'settings',
  5 => 'auth_login_email',
) ]
[ info ] [ LOG ] INIT File
[ sql ] [ DB ] CONNECT:[ UseTime:0.000667s ] mysql:dbname=kc;host=127.0.0.1;port=3306;charset=utf8
[ sql ] [ SQL ] SHOW COLUMNS FROM `ppsao_setting` [ RunTime:0.001534s ]
[ sql ] [ SQL ] SELECT * FROM `ppsao_setting`  [ RunTime:0.000449s ]

---------------------------------------------------------------
[ 2017-06-08T14:01:59+08:00 ] 10.0.0.249 220.189.193.13 GET /captcha.html
[ log ] kc.nbtv.cn/captcha.html [运行时间：0.032133s][吞吐率：31.12req/s] [内存消耗：1,809.02kb] [文件加载：38]
[ info ] [ LANG ] /home/www/kc/thinkphp/lang/zh-cn.php
[ info ] [ ROUTE ] array (
  'type' => 'method',
  'method' => 
  array (
    0 => '\\think\\captcha\\CaptchaController',
    1 => 'index',
  ),
)
[ info ] [ HEADER ] array (
  'host' => 'kc.nbtv.cn',
  'user-agent' => 'Mozilla/5.0 (Windows NT 6.1; WOW64; rv:53.0) Gecko/20100101 Firefox/53.0',
  'accept' => '*/*',
  'accept-language' => 'zh-CN,zh;q=0.8,en-US;q=0.5,en;q=0.3',
  'accept-encoding' => 'gzip, deflate',
  'referer' => 'http://kc.nbtv.cn/admin',
  'cookie' => '_gscu_1227423144=53881968u14ugp13; auth_login_email=sl%40nbtv.com.cn; PHPSESSID=t1m105dhe7f3b2jt46rbf9dic7',
  'connection' => 'keep-alive',
  'content-type' => '',
  'content-length' => '',
)
[ info ] [ PARAM ] array (
  'id' => '',
)
[ info ] [ RUN ] think\captcha\CaptchaController->index[ /home/www/kc/vendor/topthink/think-captcha/src/CaptchaController.php ]
[ info ] [ SESSION ] INIT array (
  'id' => '',
  'var_session_id' => '',
  'prefix' => 'think',
  'type' => '',
  'auto_start' => true,
)
[ info ] [ LOG ] INIT File

---------------------------------------------------------------
