[ 2017-06-13T10:03:26+08:00 ] 10.0.0.249 220.189.193.13 GET /
[ log ] kc.nbtv.cn/ [运行时间：0.050802s][吞吐率：19.68req/s] [内存消耗：2,938.35kb] [文件加载：52]
[ info ] [ LANG ] /home/www/kc/thinkphp/lang/zh-cn.php
[ info ] [ ROUTE ] array (
  'type' => 'module',
  'module' => 
  array (
    0 => '',
    1 => NULL,
    2 => NULL,
  ),
)
[ info ] [ HEADER ] array (
  'host' => 'kc.nbtv.cn',
  'connection' => 'keep-alive',
  'accept' => 'text/html,application/xhtml+xml,application/xml;q=0.9,image/webp,*/*;q=0.8',
  'upgrade-insecure-requests' => '1',
  'user-agent' => 'Mozilla/5.0 (Windows NT 6.1; WOW64) AppleWebKit/537.36 (KHTML, like Gecko) Chrome/45.0.2454.101 Safari/537.36',
  'accept-encoding' => 'gzip, deflate, sdch',
  'accept-language' => 'zh-CN,zh;q=0.8',
  'cookie' => 'auth_login_email=hyp%40nbtv.com.cn',
  'content-type' => '',
  'content-length' => '',
)
[ info ] [ PARAM ] array (
)
[ info ] [ SESSION ] INIT array (
  'id' => '',
  'var_session_id' => '',
  'prefix' => 'think',
  'type' => '',
  'auto_start' => true,
)
[ info ] [ DB ] INIT mysql
[ info ] [ RUN ] app\index\controller\Index->index[ /home/www/kc/application/index/controller/Index.php ]
[ info ] [ VIEW ] /home/www/kc/public/../application/index/view/index/index.html [ array (
  0 => '_controller',
  1 => '_action',
  2 => '_timestamp',
  3 => '_user',
  4 => 'is_mobile',
  5 => 'settings',
) ]
[ info ] [ LOG ] INIT File
[ sql ] [ DB ] CONNECT:[ UseTime:0.000718s ] mysql:dbname=kc;host=127.0.0.1;port=3306;charset=utf8
[ sql ] [ SQL ] SHOW COLUMNS FROM `ppsao_setting` [ RunTime:0.001715s ]
[ sql ] [ SQL ] SELECT * FROM `ppsao_setting`  [ RunTime:0.000443s ]

---------------------------------------------------------------
[ 2017-06-13T10:03:31+08:00 ] 10.0.0.249 220.189.193.13 GET /admin
[ log ] kc.nbtv.cn/admin [运行时间：0.049955s][吞吐率：20.02req/s] [内存消耗：3,077.84kb] [文件加载：54]
[ info ] [ LANG ] /home/www/kc/thinkphp/lang/zh-cn.php
[ info ] [ ROUTE ] array (
  'type' => 'module',
  'module' => 
  array (
    0 => 'admin',
    1 => NULL,
    2 => NULL,
  ),
)
[ info ] [ HEADER ] array (
  'host' => 'kc.nbtv.cn',
  'connection' => 'keep-alive',
  'accept' => 'text/html,application/xhtml+xml,application/xml;q=0.9,image/webp,*/*;q=0.8',
  'upgrade-insecure-requests' => '1',
  'user-agent' => 'Mozilla/5.0 (Windows NT 6.1; WOW64) AppleWebKit/537.36 (KHTML, like Gecko) Chrome/45.0.2454.101 Safari/537.36',
  'accept-encoding' => 'gzip, deflate, sdch',
  'accept-language' => 'zh-CN,zh;q=0.8',
  'cookie' => 'auth_login_email=hyp%40nbtv.com.cn; PHPSESSID=87rumd5g3uk9cpnkdtkjivl3c7',
  'content-type' => '',
  'content-length' => '',
)
[ info ] [ PARAM ] array (
)
[ info ] [ SESSION ] INIT array (
  'id' => '',
  'var_session_id' => '',
  'prefix' => 'think',
  'type' => '',
  'auto_start' => true,
)
[ info ] [ DB ] INIT mysql
[ info ] [ RUN ] app\admin\controller\Index->index[ /home/www/kc/application/admin/controller/Index.php ]
[ info ] [ VIEW ] /home/www/kc/public/../application/admin/view/index/index.html [ array (
  0 => '_controller',
  1 => '_action',
  2 => '_timestamp',
  3 => '_user',
  4 => 'settings',
  5 => 'auth_login_email',
) ]
[ info ] [ LOG ] INIT File
[ sql ] [ DB ] CONNECT:[ UseTime:0.000681s ] mysql:dbname=kc;host=127.0.0.1;port=3306;charset=utf8
[ sql ] [ SQL ] SHOW COLUMNS FROM `ppsao_setting` [ RunTime:0.001661s ]
[ sql ] [ SQL ] SELECT * FROM `ppsao_setting`  [ RunTime:0.000420s ]

---------------------------------------------------------------
[ 2017-06-13T10:03:31+08:00 ] 10.0.0.249 220.189.193.13 GET /captcha.html
[ log ] kc.nbtv.cn/captcha.html [运行时间：0.026230s][吞吐率：38.12req/s] [内存消耗：1,809.27kb] [文件加载：38]
[ info ] [ LANG ] /home/www/kc/thinkphp/lang/zh-cn.php
[ info ] [ ROUTE ] array (
  'type' => 'method',
  'method' => 
  array (
    0 => '\\think\\captcha\\CaptchaController',
    1 => 'index',
  ),
)
[ info ] [ HEADER ] array (
  'host' => 'kc.nbtv.cn',
  'connection' => 'keep-alive',
  'accept' => 'image/webp,image/*,*/*;q=0.8',
  'user-agent' => 'Mozilla/5.0 (Windows NT 6.1; WOW64) AppleWebKit/537.36 (KHTML, like Gecko) Chrome/45.0.2454.101 Safari/537.36',
  'referer' => 'http://kc.nbtv.cn/admin',
  'accept-encoding' => 'gzip, deflate, sdch',
  'accept-language' => 'zh-CN,zh;q=0.8',
  'cookie' => 'auth_login_email=hyp%40nbtv.com.cn; PHPSESSID=87rumd5g3uk9cpnkdtkjivl3c7',
  'content-type' => '',
  'content-length' => '',
)
[ info ] [ PARAM ] array (
  'id' => '',
)
[ info ] [ RUN ] think\captcha\CaptchaController->index[ /home/www/kc/vendor/topthink/think-captcha/src/CaptchaController.php ]
[ info ] [ SESSION ] INIT array (
  'id' => '',
  'var_session_id' => '',
  'prefix' => 'think',
  'type' => '',
  'auto_start' => true,
)
[ info ] [ LOG ] INIT File

---------------------------------------------------------------
[ 2017-06-13T10:03:46+08:00 ] 10.0.0.249 220.189.193.13 POST /admin/index/login.html
[ log ] kc.nbtv.cn/admin/index/login.html [运行时间：0.109902s][吞吐率：9.10req/s] [内存消耗：3,556.03kb] [文件加载：61]
[ info ] [ LANG ] /home/www/kc/thinkphp/lang/zh-cn.php
[ info ] [ ROUTE ] array (
  'type' => 'module',
  'module' => 
  array (
    0 => 'admin',
    1 => 'index',
    2 => 'login',
  ),
)
[ info ] [ HEADER ] array (
  'accept' => '*/*',
  'content-type' => 'application/x-www-form-urlencoded',
  'referer' => 'http://kc.nbtv.cn/admin',
  'accept-language' => 'zh-CN',
  'user-agent' => 'Mozilla/4.0 (compatible; MSIE 7.0; Windows NT 6.1; WOW64; Trident/7.0; SLCC2; .NET CLR 2.0.50727; .NET CLR 3.5.30729; .NET CLR 3.0.30729; Media Center PC 6.0; .NET4.0C; .NET4.0E; InfoPath.3)',
  'accept-encoding' => 'gzip, deflate',
  'host' => 'kc.nbtv.cn',
  'content-length' => '53',
  'connection' => 'Keep-Alive',
  'cache-control' => 'no-cache',
  'cookie' => 'auth_login_email=hyp%40nbtv.com.cn; PHPSESSID=87rumd5g3uk9cpnkdtkjivl3c7',
)
[ info ] [ PARAM ] array (
  'email' => 'hyp@nbtv.com.cn',
  'password' => '670032',
  'captcha' => '93162',
)
[ info ] [ SESSION ] INIT array (
  'id' => '',
  'var_session_id' => '',
  'prefix' => 'think',
  'type' => '',
  'auto_start' => true,
)
[ info ] [ DB ] INIT mysql
[ info ] [ RUN ] app\admin\controller\Index->login[ /home/www/kc/application/admin/controller/Index.php ]
[ info ] [ CACHE ] INIT File
[ info ] [ VIEW ] /home/www/kc/public/../application/admin/view/public/dispatch_jump.html [ array (
  0 => '_controller',
  1 => '_action',
  2 => '_timestamp',
  3 => '_user',
  4 => 'settings',
  5 => 'code',
  6 => 'msg',
  7 => 'data',
  8 => 'url',
  9 => 'wait',
) ]
[ info ] [ LOG ] INIT File
[ sql ] [ DB ] CONNECT:[ UseTime:0.000601s ] mysql:dbname=kc;host=127.0.0.1;port=3306;charset=utf8
[ sql ] [ SQL ] SHOW COLUMNS FROM `ppsao_setting` [ RunTime:0.001714s ]
[ sql ] [ SQL ] SELECT * FROM `ppsao_setting`  [ RunTime:0.000397s ]
[ sql ] [ SQL ] SHOW COLUMNS FROM `ppsao_admin` [ RunTime:0.001694s ]
[ sql ] [ SQL ] SELECT * FROM `ppsao_admin` WHERE  `email` = 'hyp@nbtv.com.cn'  AND `is_del` = 0 LIMIT 1     [ RunTime:0.000747s ]
[ sql ] [ SQL ] UPDATE `ppsao_admin`  SET `username`='',`lasttime`=1497319426,`lastip`='220.189.193.13',`logins`=logins+1  WHERE  `id` = 12       [ RunTime:0.048950s ]

---------------------------------------------------------------
[ 2017-06-13T10:03:48+08:00 ] 10.0.0.249 220.189.193.13 GET /Admin/panel.html
[ log ] kc.nbtv.cn/Admin/panel.html [运行时间：0.056091s][吞吐率：17.83req/s] [内存消耗：3,388.94kb] [文件加载：55]
[ info ] [ LANG ] /home/www/kc/thinkphp/lang/zh-cn.php
[ info ] [ ROUTE ] array (
  'type' => 'module',
  'module' => 
  array (
    0 => 'Admin',
    1 => 'panel',
    2 => NULL,
  ),
)
[ info ] [ HEADER ] array (
  'host' => 'kc.nbtv.cn',
  'connection' => 'keep-alive',
  'accept' => 'text/html,application/xhtml+xml,application/xml;q=0.9,image/webp,*/*;q=0.8',
  'upgrade-insecure-requests' => '1',
  'user-agent' => 'Mozilla/5.0 (Windows NT 6.1; WOW64) AppleWebKit/537.36 (KHTML, like Gecko) Chrome/45.0.2454.101 Safari/537.36',
  'accept-encoding' => 'gzip, deflate, sdch',
  'accept-language' => 'zh-CN,zh;q=0.8',
  'cookie' => 'PHPSESSID=87rumd5g3uk9cpnkdtkjivl3c7; auth_login_email=hyp%40nbtv.com.cn',
  'content-type' => '',
  'content-length' => '',
)
[ info ] [ PARAM ] array (
)
[ info ] [ SESSION ] INIT array (
  'id' => '',
  'var_session_id' => '',
  'prefix' => 'think',
  'type' => '',
  'auto_start' => true,
)
[ info ] [ DB ] INIT mysql
[ info ] [ RUN ] app\admin\controller\Panel->index[ /home/www/kc/application/admin/controller/Panel.php ]
[ info ] [ VIEW ] /home/www/kc/public/../application/admin/view/panel/index.html [ array (
  0 => '_controller',
  1 => '_action',
  2 => '_timestamp',
  3 => '_user',
  4 => 'settings',
) ]
[ info ] [ LOG ] INIT File
[ sql ] [ DB ] CONNECT:[ UseTime:0.000677s ] mysql:dbname=kc;host=127.0.0.1;port=3306;charset=utf8
[ sql ] [ SQL ] SHOW COLUMNS FROM `ppsao_admin` [ RunTime:0.001858s ]
[ sql ] [ SQL ] SELECT `id`,`username`,`email`,`realname`,`tel`,`qq`,`sex`,`address`,`lasttime`,`lastip`,`logins`,`is_check_email`,`status`,`updatetime`,`dateline` FROM `ppsao_admin` WHERE  `id` = 12  AND `is_del` = 0 LIMIT 1     [ RunTime:0.000889s ]
[ sql ] [ SQL ] SHOW COLUMNS FROM `ppsao_setting` [ RunTime:0.001294s ]
[ sql ] [ SQL ] SELECT * FROM `ppsao_setting`  [ RunTime:0.000374s ]

---------------------------------------------------------------
[ 2017-06-13T10:03:51+08:00 ] 10.0.0.249 220.189.193.13 GET /admin/wenan/index.html
[ log ] kc.nbtv.cn/admin/wenan/index.html [运行时间：0.064895s][吞吐率：15.41req/s] [内存消耗：3,626.96kb] [文件加载：60]
[ info ] [ LANG ] /home/www/kc/thinkphp/lang/zh-cn.php
[ info ] [ ROUTE ] array (
  'type' => 'module',
  'module' => 
  array (
    0 => 'admin',
    1 => 'wenan',
    2 => 'index',
  ),
)
[ info ] [ HEADER ] array (
  'accept' => '*/*',
  'referer' => 'http://kc.nbtv.cn/Admin/panel.html',
  'accept-language' => 'zh-CN',
  'user-agent' => 'Mozilla/4.0 (compatible; MSIE 7.0; Windows NT 6.1; WOW64; Trident/7.0; SLCC2; .NET CLR 2.0.50727; .NET CLR 3.5.30729; .NET CLR 3.0.30729; Media Center PC 6.0; .NET4.0C; .NET4.0E; InfoPath.3)',
  'accept-encoding' => 'gzip, deflate',
  'host' => 'kc.nbtv.cn',
  'connection' => 'Keep-Alive',
  'cookie' => 'PHPSESSID=87rumd5g3uk9cpnkdtkjivl3c7; auth_login_email=hyp%40nbtv.com.cn',
  'content-type' => '',
  'content-length' => '',
)
[ info ] [ PARAM ] array (
)
[ info ] [ SESSION ] INIT array (
  'id' => '',
  'var_session_id' => '',
  'prefix' => 'think',
  'type' => '',
  'auto_start' => true,
)
[ info ] [ DB ] INIT mysql
[ info ] [ RUN ] app\admin\controller\Wenan->index[ /home/www/kc/application/admin/controller/Wenan.php ]
[ info ] [ VIEW ] /home/www/kc/public/../application/admin/view/wenan/index.html [ array (
  0 => '_controller',
  1 => '_action',
  2 => '_timestamp',
  3 => '_user',
  4 => 'settings',
  5 => 'cat_id',
  6 => 'kwd',
  7 => 'pagesize',
  8 => 'list',
  9 => 'cat_arr',
) ]
[ info ] [ LOG ] INIT File
[ sql ] [ DB ] CONNECT:[ UseTime:0.000639s ] mysql:dbname=kc;host=127.0.0.1;port=3306;charset=utf8
[ sql ] [ SQL ] SHOW COLUMNS FROM `ppsao_admin` [ RunTime:0.001740s ]
[ sql ] [ SQL ] SELECT `id`,`username`,`email`,`realname`,`tel`,`qq`,`sex`,`address`,`lasttime`,`lastip`,`logins`,`is_check_email`,`status`,`updatetime`,`dateline` FROM `ppsao_admin` WHERE  `id` = 12  AND `is_del` = 0 LIMIT 1     [ RunTime:0.000586s ]
[ sql ] [ SQL ] SHOW COLUMNS FROM `ppsao_setting` [ RunTime:0.001363s ]
[ sql ] [ SQL ] SELECT * FROM `ppsao_setting`  [ RunTime:0.000357s ]
[ sql ] [ SQL ] SHOW COLUMNS FROM `ppsao_wenan` [ RunTime:0.001625s ]
[ sql ] [ SQL ] SELECT COUNT(*) AS tp_count FROM `ppsao_wenan` WHERE  `is_del` = 0 ORDER BY id desc LIMIT 1    [ RunTime:0.000318s ]
[ sql ] [ SQL ] SELECT * FROM `ppsao_wenan` WHERE  `is_del` = 0 ORDER BY id desc LIMIT 0,5    [ RunTime:0.000514s ]
[ sql ] [ SQL ] SHOW COLUMNS FROM `ppsao_wenan_cat` [ RunTime:0.001297s ]
[ sql ] [ SQL ] SELECT * FROM `ppsao_wenan_cat` WHERE  `is_del` = 0 ORDER BY nav_sort desc,id asc   [ RunTime:0.000390s ]

---------------------------------------------------------------
[ 2017-06-13T10:04:00+08:00 ] 10.0.0.249 220.189.193.13 GET /admin/wenan/edit.html
[ log ] kc.nbtv.cn/admin/wenan/edit.html [运行时间：0.057346s][吞吐率：17.44req/s] [内存消耗：3,459.49kb] [文件加载：56]
[ info ] [ LANG ] /home/www/kc/thinkphp/lang/zh-cn.php
[ info ] [ ROUTE ] array (
  'type' => 'module',
  'module' => 
  array (
    0 => 'admin',
    1 => 'wenan',
    2 => 'edit',
  ),
)
[ info ] [ HEADER ] array (
  'accept' => '*/*',
  'referer' => 'http://kc.nbtv.cn/admin/wenan/index.html',
  'accept-language' => 'zh-CN',
  'user-agent' => 'Mozilla/4.0 (compatible; MSIE 7.0; Windows NT 6.1; WOW64; Trident/7.0; SLCC2; .NET CLR 2.0.50727; .NET CLR 3.5.30729; .NET CLR 3.0.30729; Media Center PC 6.0; .NET4.0C; .NET4.0E; InfoPath.3)',
  'accept-encoding' => 'gzip, deflate',
  'host' => 'kc.nbtv.cn',
  'connection' => 'Keep-Alive',
  'cookie' => 'PHPSESSID=87rumd5g3uk9cpnkdtkjivl3c7; auth_login_email=hyp%40nbtv.com.cn',
  'content-type' => '',
  'content-length' => '',
)
[ info ] [ PARAM ] array (
)
[ info ] [ SESSION ] INIT array (
  'id' => '',
  'var_session_id' => '',
  'prefix' => 'think',
  'type' => '',
  'auto_start' => true,
)
[ info ] [ DB ] INIT mysql
[ info ] [ RUN ] app\admin\controller\Wenan->edit[ /home/www/kc/application/admin/controller/Wenan.php ]
[ info ] [ VIEW ] /home/www/kc/public/../application/admin/view/wenan/edit.html [ array (
  0 => '_controller',
  1 => '_action',
  2 => '_timestamp',
  3 => '_user',
  4 => 'settings',
  5 => 'one',
  6 => 'cat_arr',
  7 => 'siet_url',
) ]
[ info ] [ LOG ] INIT File
[ sql ] [ DB ] CONNECT:[ UseTime:0.000538s ] mysql:dbname=kc;host=127.0.0.1;port=3306;charset=utf8
[ sql ] [ SQL ] SHOW COLUMNS FROM `ppsao_admin` [ RunTime:0.001327s ]
[ sql ] [ SQL ] SELECT `id`,`username`,`email`,`realname`,`tel`,`qq`,`sex`,`address`,`lasttime`,`lastip`,`logins`,`is_check_email`,`status`,`updatetime`,`dateline` FROM `ppsao_admin` WHERE  `id` = 12  AND `is_del` = 0 LIMIT 1     [ RunTime:0.000499s ]
[ sql ] [ SQL ] SHOW COLUMNS FROM `ppsao_setting` [ RunTime:0.001036s ]
[ sql ] [ SQL ] SELECT * FROM `ppsao_setting`  [ RunTime:0.000287s ]
[ sql ] [ SQL ] SHOW COLUMNS FROM `ppsao_wenan_cat` [ RunTime:0.000991s ]
[ sql ] [ SQL ] SELECT * FROM `ppsao_wenan_cat` WHERE  `is_del` = 0 ORDER BY nav_sort desc,id asc   [ RunTime:0.000274s ]

---------------------------------------------------------------
[ 2017-06-13T10:04:00+08:00 ] 10.0.0.249 220.189.193.13 POST /admin/wenan/loadtemp.html
[ log ] kc.nbtv.cn/admin/wenan/loadtemp.html [运行时间：0.053402s][吞吐率：18.73req/s] [内存消耗：3,342.20kb] [文件加载：55]
[ info ] [ LANG ] /home/www/kc/thinkphp/lang/zh-cn.php
[ info ] [ ROUTE ] array (
  'type' => 'module',
  'module' => 
  array (
    0 => 'admin',
    1 => 'wenan',
    2 => 'loadtemp',
  ),
)
[ info ] [ HEADER ] array (
  'accept' => '*/*',
  'content-type' => 'application/x-www-form-urlencoded; charset=UTF-8',
  'x-requested-with' => 'XMLHttpRequest',
  'referer' => 'http://kc.nbtv.cn/admin/wenan/edit.html',
  'accept-language' => 'zh-CN',
  'accept-encoding' => 'gzip, deflate',
  'user-agent' => 'Mozilla/4.0 (compatible; MSIE 7.0; Windows NT 6.1; WOW64; Trident/7.0; SLCC2; .NET CLR 2.0.50727; .NET CLR 3.5.30729; .NET CLR 3.0.30729; Media Center PC 6.0; .NET4.0C; .NET4.0E; InfoPath.3)',
  'host' => 'kc.nbtv.cn',
  'content-length' => '10',
  'connection' => 'Keep-Alive',
  'cache-control' => 'no-cache',
  'cookie' => 'PHPSESSID=87rumd5g3uk9cpnkdtkjivl3c7; auth_login_email=hyp%40nbtv.com.cn',
)
[ info ] [ PARAM ] array (
  'type' => 'title',
)
[ info ] [ SESSION ] INIT array (
  'id' => '',
  'var_session_id' => '',
  'prefix' => 'think',
  'type' => '',
  'auto_start' => true,
)
[ info ] [ DB ] INIT mysql
[ info ] [ RUN ] app\admin\controller\Wenan->loadtemp[ /home/www/kc/application/admin/controller/Wenan.php ]
[ info ] [ VIEW ] /home/www/kc/public/../application/admin/view/wenan/temp_title.html [ array (
  0 => '_controller',
  1 => '_action',
  2 => '_timestamp',
  3 => '_user',
  4 => 'siet_url',
) ]
[ info ] [ LOG ] INIT File
[ sql ] [ DB ] CONNECT:[ UseTime:0.000784s ] mysql:dbname=kc;host=127.0.0.1;port=3306;charset=utf8
[ sql ] [ SQL ] SHOW COLUMNS FROM `ppsao_admin` [ RunTime:0.001705s ]
[ sql ] [ SQL ] SELECT `id`,`username`,`email`,`realname`,`tel`,`qq`,`sex`,`address`,`lasttime`,`lastip`,`logins`,`is_check_email`,`status`,`updatetime`,`dateline` FROM `ppsao_admin` WHERE  `id` = 12  AND `is_del` = 0 LIMIT 1     [ RunTime:0.000587s ]

---------------------------------------------------------------
[ 2017-06-13T10:06:23+08:00 ] 10.0.0.249 220.189.193.13 GET /admin/wenan/index.html
[ log ] kc.nbtv.cn/admin/wenan/index.html [运行时间：0.065471s][吞吐率：15.27req/s] [内存消耗：3,627.48kb] [文件加载：60]
[ info ] [ LANG ] /home/www/kc/thinkphp/lang/zh-cn.php
[ info ] [ ROUTE ] array (
  'type' => 'module',
  'module' => 
  array (
    0 => 'admin',
    1 => 'wenan',
    2 => 'index',
  ),
)
[ info ] [ HEADER ] array (
  'accept' => 'application/x-ms-application, image/jpeg, application/xaml+xml, image/gif, image/pjpeg, application/x-ms-xbap, application/vnd.ms-excel, application/vnd.ms-powerpoint, application/msword, */*',
  'accept-language' => 'zh-CN',
  'user-agent' => 'Mozilla/4.0 (compatible; MSIE 7.0; Windows NT 6.1; WOW64; Trident/7.0; SLCC2; .NET CLR 2.0.50727; .NET CLR 3.5.30729; .NET CLR 3.0.30729; Media Center PC 6.0; .NET4.0C; .NET4.0E; InfoPath.3)',
  'accept-encoding' => 'gzip, deflate',
  'host' => 'kc.nbtv.cn',
  'connection' => 'Keep-Alive',
  'cookie' => 'PHPSESSID=87rumd5g3uk9cpnkdtkjivl3c7; auth_login_email=hyp%40nbtv.com.cn',
  'content-type' => '',
  'content-length' => '',
)
[ info ] [ PARAM ] array (
)
[ info ] [ SESSION ] INIT array (
  'id' => '',
  'var_session_id' => '',
  'prefix' => 'think',
  'type' => '',
  'auto_start' => true,
)
[ info ] [ DB ] INIT mysql
[ info ] [ RUN ] app\admin\controller\Wenan->index[ /home/www/kc/application/admin/controller/Wenan.php ]
[ info ] [ VIEW ] /home/www/kc/public/../application/admin/view/wenan/index.html [ array (
  0 => '_controller',
  1 => '_action',
  2 => '_timestamp',
  3 => '_user',
  4 => 'settings',
  5 => 'cat_id',
  6 => 'kwd',
  7 => 'pagesize',
  8 => 'list',
  9 => 'cat_arr',
) ]
[ info ] [ LOG ] INIT File
[ sql ] [ DB ] CONNECT:[ UseTime:0.000580s ] mysql:dbname=kc;host=127.0.0.1;port=3306;charset=utf8
[ sql ] [ SQL ] SHOW COLUMNS FROM `ppsao_admin` [ RunTime:0.001774s ]
[ sql ] [ SQL ] SELECT `id`,`username`,`email`,`realname`,`tel`,`qq`,`sex`,`address`,`lasttime`,`lastip`,`logins`,`is_check_email`,`status`,`updatetime`,`dateline` FROM `ppsao_admin` WHERE  `id` = 12  AND `is_del` = 0 LIMIT 1     [ RunTime:0.000575s ]
[ sql ] [ SQL ] SHOW COLUMNS FROM `ppsao_setting` [ RunTime:0.001429s ]
[ sql ] [ SQL ] SELECT * FROM `ppsao_setting`  [ RunTime:0.000370s ]
[ sql ] [ SQL ] SHOW COLUMNS FROM `ppsao_wenan` [ RunTime:0.001710s ]
[ sql ] [ SQL ] SELECT COUNT(*) AS tp_count FROM `ppsao_wenan` WHERE  `is_del` = 0 ORDER BY id desc LIMIT 1    [ RunTime:0.000350s ]
[ sql ] [ SQL ] SELECT * FROM `ppsao_wenan` WHERE  `is_del` = 0 ORDER BY id desc LIMIT 0,5    [ RunTime:0.000528s ]
[ sql ] [ SQL ] SHOW COLUMNS FROM `ppsao_wenan_cat` [ RunTime:0.001188s ]
[ sql ] [ SQL ] SELECT * FROM `ppsao_wenan_cat` WHERE  `is_del` = 0 ORDER BY nav_sort desc,id asc   [ RunTime:0.000377s ]

---------------------------------------------------------------
[ 2017-06-13T10:06:25+08:00 ] 10.0.0.249 220.189.193.13 GET /admin/wenan/index.html
[ log ] kc.nbtv.cn/admin/wenan/index.html [运行时间：0.064211s][吞吐率：15.57req/s] [内存消耗：3,627.09kb] [文件加载：60]
[ info ] [ LANG ] /home/www/kc/thinkphp/lang/zh-cn.php
[ info ] [ ROUTE ] array (
  'type' => 'module',
  'module' => 
  array (
    0 => 'admin',
    1 => 'wenan',
    2 => 'index',
  ),
)
[ info ] [ HEADER ] array (
  'accept' => 'application/x-ms-application, image/jpeg, application/xaml+xml, image/gif, image/pjpeg, application/x-ms-xbap, application/vnd.ms-excel, application/vnd.ms-powerpoint, application/msword, */*',
  'accept-language' => 'zh-CN',
  'user-agent' => 'Mozilla/4.0 (compatible; MSIE 7.0; Windows NT 6.1; WOW64; Trident/7.0; SLCC2; .NET CLR 2.0.50727; .NET CLR 3.5.30729; .NET CLR 3.0.30729; Media Center PC 6.0; .NET4.0C; .NET4.0E; InfoPath.3)',
  'accept-encoding' => 'gzip, deflate',
  'host' => 'kc.nbtv.cn',
  'connection' => 'Keep-Alive',
  'cookie' => 'PHPSESSID=87rumd5g3uk9cpnkdtkjivl3c7; auth_login_email=hyp%40nbtv.com.cn',
  'content-type' => '',
  'content-length' => '',
)
[ info ] [ PARAM ] array (
)
[ info ] [ SESSION ] INIT array (
  'id' => '',
  'var_session_id' => '',
  'prefix' => 'think',
  'type' => '',
  'auto_start' => true,
)
[ info ] [ DB ] INIT mysql
[ info ] [ RUN ] app\admin\controller\Wenan->index[ /home/www/kc/application/admin/controller/Wenan.php ]
[ info ] [ VIEW ] /home/www/kc/public/../application/admin/view/wenan/index.html [ array (
  0 => '_controller',
  1 => '_action',
  2 => '_timestamp',
  3 => '_user',
  4 => 'settings',
  5 => 'cat_id',
  6 => 'kwd',
  7 => 'pagesize',
  8 => 'list',
  9 => 'cat_arr',
) ]
[ info ] [ LOG ] INIT File
[ sql ] [ DB ] CONNECT:[ UseTime:0.000568s ] mysql:dbname=kc;host=127.0.0.1;port=3306;charset=utf8
[ sql ] [ SQL ] SHOW COLUMNS FROM `ppsao_admin` [ RunTime:0.001702s ]
[ sql ] [ SQL ] SELECT `id`,`username`,`email`,`realname`,`tel`,`qq`,`sex`,`address`,`lasttime`,`lastip`,`logins`,`is_check_email`,`status`,`updatetime`,`dateline` FROM `ppsao_admin` WHERE  `id` = 12  AND `is_del` = 0 LIMIT 1     [ RunTime:0.000577s ]
[ sql ] [ SQL ] SHOW COLUMNS FROM `ppsao_setting` [ RunTime:0.001497s ]
[ sql ] [ SQL ] SELECT * FROM `ppsao_setting`  [ RunTime:0.000346s ]
[ sql ] [ SQL ] SHOW COLUMNS FROM `ppsao_wenan` [ RunTime:0.001560s ]
[ sql ] [ SQL ] SELECT COUNT(*) AS tp_count FROM `ppsao_wenan` WHERE  `is_del` = 0 ORDER BY id desc LIMIT 1    [ RunTime:0.000294s ]
[ sql ] [ SQL ] SELECT * FROM `ppsao_wenan` WHERE  `is_del` = 0 ORDER BY id desc LIMIT 0,5    [ RunTime:0.000480s ]
[ sql ] [ SQL ] SHOW COLUMNS FROM `ppsao_wenan_cat` [ RunTime:0.001109s ]
[ sql ] [ SQL ] SELECT * FROM `ppsao_wenan_cat` WHERE  `is_del` = 0 ORDER BY nav_sort desc,id asc   [ RunTime:0.000350s ]

---------------------------------------------------------------
[ 2017-06-13T10:06:42+08:00 ] 10.0.0.249 220.189.193.13 POST /admin/wenan/save.html
[ log ] kc.nbtv.cn/admin/wenan/save.html [运行时间：0.198875s][吞吐率：5.03req/s] [内存消耗：4,540.80kb] [文件加载：64]
[ info ] [ LANG ] /home/www/kc/thinkphp/lang/zh-cn.php
[ info ] [ ROUTE ] array (
  'type' => 'module',
  'module' => 
  array (
    0 => 'admin',
    1 => 'wenan',
    2 => 'save',
  ),
)
[ info ] [ HEADER ] array (
  'accept' => 'application/x-ms-application, image/jpeg, application/xaml+xml, image/gif, image/pjpeg, application/x-ms-xbap, application/vnd.ms-excel, application/vnd.ms-powerpoint, application/msword, */*',
  'referer' => 'http://kc.nbtv.cn/admin/wenan/edit.html',
  'accept-language' => 'zh-CN',
  'user-agent' => 'Mozilla/4.0 (compatible; MSIE 7.0; Windows NT 6.1; WOW64; Trident/7.0; SLCC2; .NET CLR 2.0.50727; .NET CLR 3.5.30729; .NET CLR 3.0.30729; Media Center PC 6.0; .NET4.0C; .NET4.0E; InfoPath.3)',
  'content-type' => 'application/x-www-form-urlencoded',
  'accept-encoding' => 'gzip, deflate',
  'host' => 'kc.nbtv.cn',
  'content-length' => '15448',
  'connection' => 'Keep-Alive',
  'cache-control' => 'no-cache',
  'cookie' => 'PHPSESSID=87rumd5g3uk9cpnkdtkjivl3c7; auth_login_email=hyp%40nbtv.com.cn',
)
[ info ] [ PARAM ] array (
  'template_id' => '0',
  'title' => '模板一',
  'intro' => '',
  'catid' => '0',
  'wxqr_aid' => '',
  'wxqrcode' => '',
  'file' => '',
  'cover' => '',
  'views' => '0',
  'likes' => '0',
  'author' => '',
  'dateline' => '2017-06-13T10:04',
  'rhref_text' => '阅读原文',
  'rhref' => '',
  'is_show_title' => '1',
  'is_show_statis' => '1',
  'editorValue' => '&lt;p&gt;&amp;nbsp;&lt;/p&gt;&lt;section class=&quot;_135editor&quot; style=&quot;padding: 0px; border: 0px currentColor; border-image: none; position: relative;&quot; data-custom=&quot;rgb(30, 155, 232)&quot; data-color=&quot;rgb(30, 155, 232)&quot; data-id=&quot;89175&quot; data-tools=&quot;135编辑器&quot;&gt;&lt;section class=&quot;layout&quot; style=&quot;margin: 10px auto; padding-top: 3px; border-top-color: rgb(30, 155, 232); border-top-width: 2px; border-top-style: solid;&quot;&gt;&lt;section style=&quot;padding: 5px 0px; font-size: 18px; font-weight: bold; border-top-color: rgb(30, 155, 232); border-bottom-color: rgb(30, 155, 232); border-top-width: 1px; border-bottom-width: 1px; border-top-style: solid; border-bottom-style: solid;&quot;&gt;&lt;p class=&quot;135brush&quot; style=&quot;text-align: center;&quot; data-brushtype=&quot;text&quot;&gt;这是标题内容&lt;/p&gt;&lt;/section&gt;&lt;/section&gt;&lt;/section&gt;&lt;section class=&quot;_135editor&quot; style=&quot;padding: 0px; border: 0px currentColor; border-image: none; position: relative;&quot; data-custom=&quot;rgb(30, 155, 232)&quot; data-color=&quot;rgb(30, 155, 232)&quot; data-id=&quot;89413&quot; data-tools=&quot;135编辑器&quot;&gt;&lt;section&gt;&lt;section style=&quot;border-radius: 50%; border: 2px solid rgb(30, 155, 232); border-image: none; width: 40px; height: 40px; margin-left: 15px; box-sizing: border-box; background-color: rgb(255, 255, 255);&quot;&gt;&lt;/section&gt;&lt;section style=&quot;margin: -34px 0px 0px 20px; border-radius: 50%; width: 30px; height: 30px; text-align: center; color: rgb(255, 255, 255); line-height: 30px; font-size: 18px; font-weight: bold; box-sizing: border-box; transform: rotate(0deg); background-color: rgb(30, 155, 232);&quot;&gt;&lt;span title=&quot;&quot; class=&quot;autonum&quot; data-original-title=&quot;&quot;&gt;1&lt;/span&gt;&lt;/section&gt;&lt;section class=&quot;135brush&quot; style=&quot;padding: 23px 10px 10px; font-size: 15px; margin-top: -18px; border-top-color: rgb(30, 155, 232); border-top-width: 2px; border-top-style: solid; box-sizing: border-box; background-color: rgb(245, 245, 245);&quot;&gt;&lt;p&gt;快查快查快查快查快查快查快查快查快查快查快查快查快查快查快查快查快查快查快查快查快查快查快查快查快查快查快查快查快查快查快查快查快查快查快查快查快查快查快查快查快查快查快查快查快查快查快查快查快查快查快查快查快查快查快查快查快查快查快查快查快查快查快查快查快查快查快查快查快查快查快查快查快查快查快查快查快查快查快查快查快查快查快查快查快查快查 &amp;nbsp;快查快查快查快查快查快查快查快查快查快查快查快查快查快查快查快查快查快查快查快查快查快查快查快查快查快查快查快查快查快&lt;/p&gt;&lt;/section&gt;&lt;/section&gt;&lt;/section&gt;&lt;section class=&quot;_135editor&quot; style=&quot;padding: 0px; border: 0px currentColor; border-image: none; position: relative;&quot; data-custom=&quot;rgb(30, 155, 232)&quot; data-color=&quot;rgb(30, 155, 232)&quot; data-id=&quot;89413&quot; data-tools=&quot;135编辑器&quot;&gt;&lt;section&gt;&lt;section style=&quot;border-radius: 50%; border: 2px solid rgb(30, 155, 232); border-image: none; width: 40px; height: 40px; margin-left: 15px; box-sizing: border-box; background-color: rgb(255, 255, 255);&quot;&gt;&lt;/section&gt;&lt;section style=&quot;margin: -34px 0px 0px 20px; border-radius: 50%; width: 30px; height: 30px; text-align: center; color: rgb(255, 255, 255); line-height: 30px; font-size: 18px; font-weight: bold; box-sizing: border-box; transform: rotate(0deg); background-color: rgb(30, 155, 232);&quot;&gt;&lt;span title=&quot;&quot; class=&quot;autonum&quot; data-original-title=&quot;&quot;&gt;2&lt;/span&gt;&lt;/section&gt;&lt;section class=&quot;135brush&quot; style=&quot;padding: 23px 10px 10px; font-size: 15px; margin-top: -18px; border-top-color: rgb(30, 155, 232); border-top-width: 2px; border-top-style: solid; box-sizing: border-box; background-color: rgb(245, 245, 245);&quot;&gt;&lt;p&gt;快查快查快查快查快查快查快查快查快查快查快查快查快查快查快查快查快查快查快查快查快查快查快查快查快查快查快查快查快查快查快查快查快查快查快查快查快查快查快查快查快查快查快查快查快查快查快查快查快查快查快查快查快查快查快查快查快查快查快查快查快查快查快查快查快查快查快查快查快查快查快查快查快查快查快查快查快查快查快查快查快查快查快查快查快查快查 &amp;nbsp;快查快查快查快查快查快查快查快查快查快查快查快查快查快查快查快查快查快查快查快查快查快查快查快查快查快查快查快查快查快&lt;/p&gt;&lt;/section&gt;&lt;/section&gt;&lt;/section&gt;&lt;section class=&quot;_135editor&quot; style=&quot;padding: 0px; border: 0px currentColor; border-image: none; position: relative;&quot; data-custom=&quot;rgb(30, 155, 232)&quot; data-color=&quot;rgb(30, 155, 232)&quot; data-id=&quot;89413&quot; data-tools=&quot;135编辑器&quot;&gt;&lt;section&gt;&lt;section style=&quot;border-radius: 50%; border: 2px solid rgb(30, 155, 232); border-image: none; width: 40px; height: 40px; margin-left: 15px; box-sizing: border-box; background-color: rgb(255, 255, 255);&quot;&gt;&lt;/section&gt;&lt;section style=&quot;margin: -34px 0px 0px 20px; border-radius: 50%; width: 30px; height: 30px; text-align: center; color: rgb(255, 255, 255); line-height: 30px; font-size: 18px; font-weight: bold; box-sizing: border-box; transform: rotate(0deg); background-color: rgb(30, 155, 232);&quot;&gt;&lt;span title=&quot;&quot; class=&quot;autonum&quot; data-original-title=&quot;&quot;&gt;3&lt;/span&gt;&lt;/section&gt;&lt;section class=&quot;135brush&quot; style=&quot;padding: 23px 10px 10px; font-size: 15px; margin-top: -18px; border-top-color: rgb(30, 155, 232); border-top-width: 2px; border-top-style: solid; box-sizing: border-box; background-color: rgb(245, 245, 245);&quot;&gt;&lt;p&gt;快查快查快查快查快查快查快查快查快查快查快查快查快查快查快查快查快查快查快查快查快查快查快查快查快查快查快查快查快查快查快查快查快查快查快查快查快查快查快查快查快查快查快查快查快查快查快查快查快查快查快查快查快查快查快查快查快查快查快查快查快查快查快查快查快查快查快查快查快查快查快查快查快查快查快查快查快查快查快查快查快查快查快查快查快查快查 &amp;nbsp;快查快查快查快查快查快查快查快查快查快查快查快查快查快查快查快查快查快查快查快查快查快查快查快查快查快查快查快查快查快&lt;/p&gt;&lt;/section&gt;&lt;/section&gt;&lt;/section&gt;&lt;section class=&quot;_135editor&quot; style=&quot;padding: 0px; border: 0px currentColor; border-image: none; position: relative;&quot; data-custom=&quot;rgb(30, 155, 232)&quot; data-color=&quot;rgb(30, 155, 232)&quot; data-id=&quot;89413&quot; data-tools=&quot;135编辑器&quot;&gt;&lt;section&gt;&lt;section style=&quot;border-radius: 50%; border: 2px solid rgb(30, 155, 232); border-image: none; width: 40px; height: 40px; margin-left: 15px; box-sizing: border-box; background-color: rgb(255, 255, 255);&quot;&gt;&lt;/section&gt;&lt;section style=&quot;margin: -34px 0px 0px 20px; border-radius: 50%; width: 30px; height: 30px; text-align: center; color: rgb(255, 255, 255); line-height: 30px; font-size: 18px; font-weight: bold; box-sizing: border-box; transform: rotate(0deg); background-color: rgb(30, 155, 232);&quot;&gt;&lt;span title=&quot;&quot; class=&quot;autonum&quot; data-original-title=&quot;&quot;&gt;4&lt;/span&gt;&lt;/section&gt;&lt;section class=&quot;135brush&quot; style=&quot;padding: 23px 10px 10px; font-size: 15px; margin-top: -18px; border-top-color: rgb(30, 155, 232); border-top-width: 2px; border-top-style: solid; box-sizing: border-box; background-color: rgb(245, 245, 245);&quot;&gt;&lt;p&gt;快查快查快查快查快查快查快查快查快查快查快查快查快查快查快查快查快查快查快查快查快查快查快查快查快查快查快查快查快查快查快查快查快查快查快查快查快查快查快查快查快查快查快查快查快查快查快查快查快查快查快查快查快查快查快查快查快查快查快查快查快查快查快查快查快查快查快查快查快查快查快查快查快查快查快查快查快查快查快查快查快查快查快查快查快查快查 &amp;nbsp;快查快查快查快查快查快查快查快查快查快查快查快查快查快查快查快查快查快查快查快查快查快查快查快查快查快查快查快查快查快&lt;/p&gt;&lt;/section&gt;&lt;/section&gt;&lt;/section&gt;&lt;p&gt;&lt;br/&gt;&lt;/p&gt;',
)
[ info ] [ SESSION ] INIT array (
  'id' => '',
  'var_session_id' => '',
  'prefix' => 'think',
  'type' => '',
  'auto_start' => true,
)
[ info ] [ DB ] INIT mysql
[ info ] [ RUN ] app\admin\controller\Wenan->save[ /home/www/kc/application/admin/controller/Wenan.php ]
[ info ] [ CACHE ] INIT File
[ info ] [ VIEW ] /home/www/kc/public/../application/admin/view/public/dispatch_jump.html [ array (
  0 => '_controller',
  1 => '_action',
  2 => '_timestamp',
  3 => '_user',
  4 => 'settings',
  5 => 'code',
  6 => 'msg',
  7 => 'data',
  8 => 'url',
  9 => 'wait',
) ]
[ info ] [ LOG ] INIT File
[ sql ] [ DB ] CONNECT:[ UseTime:0.000619s ] mysql:dbname=kc;host=127.0.0.1;port=3306;charset=utf8
[ sql ] [ SQL ] SHOW COLUMNS FROM `ppsao_admin` [ RunTime:0.001565s ]
[ sql ] [ SQL ] SELECT `id`,`username`,`email`,`realname`,`tel`,`qq`,`sex`,`address`,`lasttime`,`lastip`,`logins`,`is_check_email`,`status`,`updatetime`,`dateline` FROM `ppsao_admin` WHERE  `id` = 12  AND `is_del` = 0 LIMIT 1     [ RunTime:0.000645s ]
[ sql ] [ SQL ] SHOW COLUMNS FROM `ppsao_setting` [ RunTime:0.001258s ]
[ sql ] [ SQL ] SELECT * FROM `ppsao_setting`  [ RunTime:0.000431s ]
[ sql ] [ SQL ] SHOW COLUMNS FROM `ppsao_wenan` [ RunTime:0.001682s ]
[ sql ] [ SQL ] INSERT INTO `ppsao_wenan` (`uid` , `title` , `content` , `intro` , `author` , `cover` , `catid` , `rhref` , `rhref_text` , `is_show_title` , `is_show_statis` , `is_vip` , `views` , `likes` , `is_tmp` , `updatetime` , `dateline`) VALUES (12 , '模板一' , '&lt;p&gt;&amp;nbsp;&lt;/p&gt;&lt;section class=&quot;_135editor&quot; style=&quot;padding: 0px; border: 0px currentColor; border-image: none; position: relative;&quot; data-custom=&quot;rgb(30, 155, 232)&quot; data-color=&quot;rgb(30, 155, 232)&quot; data-id=&quot;89175&quot; data-tools=&quot;135编辑器&quot;&gt;&lt;section class=&quot;layout&quot; style=&quot;margin: 10px auto; padding-top: 3px; border-top-color: rgb(30, 155, 232); border-top-width: 2px; border-top-style: solid;&quot;&gt;&lt;section style=&quot;padding: 5px 0px; font-size: 18px; font-weight: bold; border-top-color: rgb(30, 155, 232); border-bottom-color: rgb(30, 155, 232); border-top-width: 1px; border-bottom-width: 1px; border-top-style: solid; border-bottom-style: solid;&quot;&gt;&lt;p class=&quot;135brush&quot; style=&quot;text-align: center;&quot; data-brushtype=&quot;text&quot;&gt;这是标题内容&lt;/p&gt;&lt;/section&gt;&lt;/section&gt;&lt;/section&gt;&lt;section class=&quot;_135editor&quot; style=&quot;padding: 0px; border: 0px currentColor; border-image: none; position: relative;&quot; data-custom=&quot;rgb(30, 155, 232)&quot; data-color=&quot;rgb(30, 155, 232)&quot; data-id=&quot;89413&quot; data-tools=&quot;135编辑器&quot;&gt;&lt;section&gt;&lt;section style=&quot;border-radius: 50%; border: 2px solid rgb(30, 155, 232); border-image: none; width: 40px; height: 40px; margin-left: 15px; box-sizing: border-box; background-color: rgb(255, 255, 255);&quot;&gt;&lt;/section&gt;&lt;section style=&quot;margin: -34px 0px 0px 20px; border-radius: 50%; width: 30px; height: 30px; text-align: center; color: rgb(255, 255, 255); line-height: 30px; font-size: 18px; font-weight: bold; box-sizing: border-box; transform: rotate(0deg); background-color: rgb(30, 155, 232);&quot;&gt;&lt;span title=&quot;&quot; class=&quot;autonum&quot; data-original-title=&quot;&quot;&gt;1&lt;/span&gt;&lt;/section&gt;&lt;section class=&quot;135brush&quot; style=&quot;padding: 23px 10px 10px; font-size: 15px; margin-top: -18px; border-top-color: rgb(30, 155, 232); border-top-width: 2px; border-top-style: solid; box-sizing: border-box; background-color: rgb(245, 245, 245);&quot;&gt;&lt;p&gt;快查快查快查快查快查快查快查快查快查快查快查快查快查快查快查快查快查快查快查快查快查快查快查快查快查快查快查快查快查快查快查快查快查快查快查快查快查快查快查快查快查快查快查快查快查快查快查快查快查快查快查快查快查快查快查快查快查快查快查快查快查快查快查快查快查快查快查快查快查快查快查快查快查快查快查快查快查快查快查快查快查快查快查快查快查快查 &amp;nbsp;快查快查快查快查快查快查快查快查快查快查快查快查快查快查快查快查快查快查快查快查快查快查快查快查快查快查快查快查快查快&lt;/p&gt;&lt;/section&gt;&lt;/section&gt;&lt;/section&gt;&lt;section class=&quot;_135editor&quot; style=&quot;padding: 0px; border: 0px currentColor; border-image: none; position: relative;&quot; data-custom=&quot;rgb(30, 155, 232)&quot; data-color=&quot;rgb(30, 155, 232)&quot; data-id=&quot;89413&quot; data-tools=&quot;135编辑器&quot;&gt;&lt;section&gt;&lt;section style=&quot;border-radius: 50%; border: 2px solid rgb(30, 155, 232); border-image: none; width: 40px; height: 40px; margin-left: 15px; box-sizing: border-box; background-color: rgb(255, 255, 255);&quot;&gt;&lt;/section&gt;&lt;section style=&quot;margin: -34px 0px 0px 20px; border-radius: 50%; width: 30px; height: 30px; text-align: center; color: rgb(255, 255, 255); line-height: 30px; font-size: 18px; font-weight: bold; box-sizing: border-box; transform: rotate(0deg); background-color: rgb(30, 155, 232);&quot;&gt;&lt;span title=&quot;&quot; class=&quot;autonum&quot; data-original-title=&quot;&quot;&gt;2&lt;/span&gt;&lt;/section&gt;&lt;section class=&quot;135brush&quot; style=&quot;padding: 23px 10px 10px; font-size: 15px; margin-top: -18px; border-top-color: rgb(30, 155, 232); border-top-width: 2px; border-top-style: solid; box-sizing: border-box; background-color: rgb(245, 245, 245);&quot;&gt;&lt;p&gt;快查快查快查快查快查快查快查快查快查快查快查快查快查快查快查快查快查快查快查快查快查快查快查快查快查快查快查快查快查快查快查快查快查快查快查快查快查快查快查快查快查快查快查快查快查快查快查快查快查快查快查快查快查快查快查快查快查快查快查快查快查快查快查快查快查快查快查快查快查快查快查快查快查快查快查快查快查快查快查快查快查快查快查快查快查快查 &amp;nbsp;快查快查快查快查快查快查快查快查快查快查快查快查快查快查快查快查快查快查快查快查快查快查快查快查快查快查快查快查快查快&lt;/p&gt;&lt;/section&gt;&lt;/section&gt;&lt;/section&gt;&lt;section class=&quot;_135editor&quot; style=&quot;padding: 0px; border: 0px currentColor; border-image: none; position: relative;&quot; data-custom=&quot;rgb(30, 155, 232)&quot; data-color=&quot;rgb(30, 155, 232)&quot; data-id=&quot;89413&quot; data-tools=&quot;135编辑器&quot;&gt;&lt;section&gt;&lt;section style=&quot;border-radius: 50%; border: 2px solid rgb(30, 155, 232); border-image: none; width: 40px; height: 40px; margin-left: 15px; box-sizing: border-box; background-color: rgb(255, 255, 255);&quot;&gt;&lt;/section&gt;&lt;section style=&quot;margin: -34px 0px 0px 20px; border-radius: 50%; width: 30px; height: 30px; text-align: center; color: rgb(255, 255, 255); line-height: 30px; font-size: 18px; font-weight: bold; box-sizing: border-box; transform: rotate(0deg); background-color: rgb(30, 155, 232);&quot;&gt;&lt;span title=&quot;&quot; class=&quot;autonum&quot; data-original-title=&quot;&quot;&gt;3&lt;/span&gt;&lt;/section&gt;&lt;section class=&quot;135brush&quot; style=&quot;padding: 23px 10px 10px; font-size: 15px; margin-top: -18px; border-top-color: rgb(30, 155, 232); border-top-width: 2px; border-top-style: solid; box-sizing: border-box; background-color: rgb(245, 245, 245);&quot;&gt;&lt;p&gt;快查快查快查快查快查快查快查快查快查快查快查快查快查快查快查快查快查快查快查快查快查快查快查快查快查快查快查快查快查快查快查快查快查快查快查快查快查快查快查快查快查快查快查快查快查快查快查快查快查快查快查快查快查快查快查快查快查快查快查快查快查快查快查快查快查快查快查快查快查快查快查快查快查快查快查快查快查快查快查快查快查快查快查快查快查快查 &amp;nbsp;快查快查快查快查快查快查快查快查快查快查快查快查快查快查快查快查快查快查快查快查快查快查快查快查快查快查快查快查快查快&lt;/p&gt;&lt;/section&gt;&lt;/section&gt;&lt;/section&gt;&lt;section class=&quot;_135editor&quot; style=&quot;padding: 0px; border: 0px currentColor; border-image: none; position: relative;&quot; data-custom=&quot;rgb(30, 155, 232)&quot; data-color=&quot;rgb(30, 155, 232)&quot; data-id=&quot;89413&quot; data-tools=&quot;135编辑器&quot;&gt;&lt;section&gt;&lt;section style=&quot;border-radius: 50%; border: 2px solid rgb(30, 155, 232); border-image: none; width: 40px; height: 40px; margin-left: 15px; box-sizing: border-box; background-color: rgb(255, 255, 255);&quot;&gt;&lt;/section&gt;&lt;section style=&quot;margin: -34px 0px 0px 20px; border-radius: 50%; width: 30px; height: 30px; text-align: center; color: rgb(255, 255, 255); line-height: 30px; font-size: 18px; font-weight: bold; box-sizing: border-box; transform: rotate(0deg); background-color: rgb(30, 155, 232);&quot;&gt;&lt;span title=&quot;&quot; class=&quot;autonum&quot; data-original-title=&quot;&quot;&gt;4&lt;/span&gt;&lt;/section&gt;&lt;section class=&quot;135brush&quot; style=&quot;padding: 23px 10px 10px; font-size: 15px; margin-top: -18px; border-top-color: rgb(30, 155, 232); border-top-width: 2px; border-top-style: solid; box-sizing: border-box; background-color: rgb(245, 245, 245);&quot;&gt;&lt;p&gt;快查快查快查快查快查快查快查快查快查快查快查快查快查快查快查快查快查快查快查快查快查快查快查快查快查快查快查快查快查快查快查快查快查快查快查快查快查快查快查快查快查快查快查快查快查快查快查快查快查快查快查快查快查快查快查快查快查快查快查快查快查快查快查快查快查快查快查快查快查快查快查快查快查快查快查快查快查快查快查快查快查快查快查快查快查快查 &amp;nbsp;快查快查快查快查快查快查快查快查快查快查快查快查快查快查快查快查快查快查快查快查快查快查快查快查快查快查快查快查快查快&lt;/p&gt;&lt;/section&gt;&lt;/section&gt;&lt;/section&gt;&lt;p&gt;&lt;br/&gt;&lt;/p&gt;' , '' , '' , '' , 0 , '' , '阅读原文' , 1 , 1 , 1 , 0 , 0 , 0 , 1497319602 , 1497319440)                   [ RunTime:0.058037s ]
[ sql ] [ SQL ] UPDATE `ppsao_wenan`  SET `qrcode`='',`updatetime`=1497319602  WHERE  `id` = 43      [ RunTime:0.046085s ]
[ error ] [2]mkdir(): Permission denied[/home/www/kc/application/common.php:383]
[ error ] [2]mkdir(): No such file or directory[/home/www/kc/application/common.php:383]
[ error ] [2]mkdir(): No such file or directory[/home/www/kc/application/common.php:383]
[ error ] [2]imagepng(/home/www/kc/public/uploads/record/2017/06/13/201706131006423772FeiuNp.png): failed to open stream: No such file or directory[/home/www/kc/application/admin/vendor/phpqrcode/phpqrcode.php:968]

---------------------------------------------------------------
[ 2017-06-13T10:06:45+08:00 ] 10.0.0.249 220.189.193.13 GET /index/wenan/view.html?id=43
[ log ] kc.nbtv.cn/index/wenan/view.html?id=43 [运行时间：0.115572s][吞吐率：8.65req/s] [内存消耗：3,705.44kb] [文件加载：61]
[ info ] [ LANG ] /home/www/kc/thinkphp/lang/zh-cn.php
[ info ] [ ROUTE ] array (
  'type' => 'module',
  'module' => 
  array (
    0 => 'index',
    1 => 'wenan',
    2 => 'view',
  ),
)
[ info ] [ HEADER ] array (
  'host' => 'kc.nbtv.cn',
  'connection' => 'keep-alive',
  'accept' => 'text/html,application/xhtml+xml,application/xml;q=0.9,image/webp,*/*;q=0.8',
  'upgrade-insecure-requests' => '1',
  'user-agent' => 'Mozilla/5.0 (Windows NT 6.1; WOW64) AppleWebKit/537.36 (KHTML, like Gecko) Chrome/45.0.2454.101 Safari/537.36',
  'accept-encoding' => 'gzip, deflate, sdch',
  'accept-language' => 'zh-CN,zh;q=0.8',
  'cookie' => 'PHPSESSID=87rumd5g3uk9cpnkdtkjivl3c7; auth_login_email=hyp%40nbtv.com.cn',
  'content-type' => '',
  'content-length' => '',
)
[ info ] [ PARAM ] array (
  'id' => '43',
)
[ info ] [ SESSION ] INIT array (
  'id' => '',
  'var_session_id' => '',
  'prefix' => 'think',
  'type' => '',
  'auto_start' => true,
)
[ info ] [ DB ] INIT mysql
[ info ] [ RUN ] app\index\controller\Wenan->view[ /home/www/kc/application/index/controller/Wenan.php ]
[ info ] [ CACHE ] INIT File
[ info ] [ VIEW ] /home/www/kc/public/../application/index/view/wenan/view.html [ array (
  0 => '_controller',
  1 => '_action',
  2 => '_timestamp',
  3 => '_user',
  4 => 'is_mobile',
  5 => 'settings',
  6 => 'one',
) ]
[ info ] [ LOG ] INIT File
[ sql ] [ DB ] CONNECT:[ UseTime:0.000576s ] mysql:dbname=kc;host=127.0.0.1;port=3306;charset=utf8
[ sql ] [ SQL ] SHOW COLUMNS FROM `ppsao_setting` [ RunTime:0.001224s ]
[ sql ] [ SQL ] SELECT * FROM `ppsao_setting`  [ RunTime:0.000415s ]
[ sql ] [ SQL ] SHOW COLUMNS FROM `ppsao_wenan` [ RunTime:0.001428s ]
[ sql ] [ SQL ] SELECT * FROM `ppsao_wenan` WHERE  `id` = 43  AND `is_del` = 0 LIMIT 1     [ RunTime:0.000723s ]
[ sql ] [ SQL ] UPDATE `ppsao_wenan`  SET `views`=views+1,`views2`=views2+1  WHERE  `id` = 43  AND `is_del` = 0     [ RunTime:0.049177s ]

---------------------------------------------------------------
[ 2017-06-13T10:06:51+08:00 ] 10.0.0.249 220.189.193.13 GET /admin/wenan/index.html
[ log ] kc.nbtv.cn/admin/wenan/index.html [运行时间：0.066651s][吞吐率：15.00req/s] [内存消耗：3,652.82kb] [文件加载：60]
[ info ] [ LANG ] /home/www/kc/thinkphp/lang/zh-cn.php
[ info ] [ ROUTE ] array (
  'type' => 'module',
  'module' => 
  array (
    0 => 'admin',
    1 => 'wenan',
    2 => 'index',
  ),
)
[ info ] [ HEADER ] array (
  'accept' => 'application/x-ms-application, image/jpeg, application/xaml+xml, image/gif, image/pjpeg, application/x-ms-xbap, application/vnd.ms-excel, application/vnd.ms-powerpoint, application/msword, */*',
  'accept-language' => 'zh-CN',
  'user-agent' => 'Mozilla/4.0 (compatible; MSIE 7.0; Windows NT 6.1; WOW64; Trident/7.0; SLCC2; .NET CLR 2.0.50727; .NET CLR 3.5.30729; .NET CLR 3.0.30729; Media Center PC 6.0; .NET4.0C; .NET4.0E; InfoPath.3)',
  'accept-encoding' => 'gzip, deflate',
  'host' => 'kc.nbtv.cn',
  'connection' => 'Keep-Alive',
  'cookie' => 'PHPSESSID=87rumd5g3uk9cpnkdtkjivl3c7; auth_login_email=hyp%40nbtv.com.cn',
  'content-type' => '',
  'content-length' => '',
)
[ info ] [ PARAM ] array (
)
[ info ] [ SESSION ] INIT array (
  'id' => '',
  'var_session_id' => '',
  'prefix' => 'think',
  'type' => '',
  'auto_start' => true,
)
[ info ] [ DB ] INIT mysql
[ info ] [ RUN ] app\admin\controller\Wenan->index[ /home/www/kc/application/admin/controller/Wenan.php ]
[ info ] [ VIEW ] /home/www/kc/public/../application/admin/view/wenan/index.html [ array (
  0 => '_controller',
  1 => '_action',
  2 => '_timestamp',
  3 => '_user',
  4 => 'settings',
  5 => 'cat_id',
  6 => 'kwd',
  7 => 'pagesize',
  8 => 'list',
  9 => 'cat_arr',
) ]
[ info ] [ LOG ] INIT File
[ sql ] [ DB ] CONNECT:[ UseTime:0.000744s ] mysql:dbname=kc;host=127.0.0.1;port=3306;charset=utf8
[ sql ] [ SQL ] SHOW COLUMNS FROM `ppsao_admin` [ RunTime:0.001808s ]
[ sql ] [ SQL ] SELECT `id`,`username`,`email`,`realname`,`tel`,`qq`,`sex`,`address`,`lasttime`,`lastip`,`logins`,`is_check_email`,`status`,`updatetime`,`dateline` FROM `ppsao_admin` WHERE  `id` = 12  AND `is_del` = 0 LIMIT 1     [ RunTime:0.000560s ]
[ sql ] [ SQL ] SHOW COLUMNS FROM `ppsao_setting` [ RunTime:0.001330s ]
[ sql ] [ SQL ] SELECT * FROM `ppsao_setting`  [ RunTime:0.000380s ]
[ sql ] [ SQL ] SHOW COLUMNS FROM `ppsao_wenan` [ RunTime:0.001820s ]
[ sql ] [ SQL ] SELECT COUNT(*) AS tp_count FROM `ppsao_wenan` WHERE  `is_del` = 0 ORDER BY id desc LIMIT 1    [ RunTime:0.000518s ]
[ sql ] [ SQL ] SELECT * FROM `ppsao_wenan` WHERE  `is_del` = 0 ORDER BY id desc LIMIT 0,5    [ RunTime:0.000673s ]
[ sql ] [ SQL ] SHOW COLUMNS FROM `ppsao_wenan_cat` [ RunTime:0.001266s ]
[ sql ] [ SQL ] SELECT * FROM `ppsao_wenan_cat` WHERE  `is_del` = 0 ORDER BY nav_sort desc,id asc   [ RunTime:0.000392s ]

---------------------------------------------------------------
[ 2017-06-13T10:06:56+08:00 ] 10.0.0.249 220.189.193.13 GET /index/wenan/view.html?id=43
[ log ] kc.nbtv.cn/index/wenan/view.html?id=43 [运行时间：0.107754s][吞吐率：9.28req/s] [内存消耗：3,495.87kb] [文件加载：59]
[ info ] [ LANG ] /home/www/kc/thinkphp/lang/zh-cn.php
[ info ] [ ROUTE ] array (
  'type' => 'module',
  'module' => 
  array (
    0 => 'index',
    1 => 'wenan',
    2 => 'view',
  ),
)
[ info ] [ HEADER ] array (
  'host' => 'kc.nbtv.cn',
  'connection' => 'keep-alive',
  'accept' => 'text/html,application/xhtml+xml,application/xml;q=0.9,image/webp,*/*;q=0.8',
  'upgrade-insecure-requests' => '1',
  'user-agent' => 'Mozilla/5.0 (Windows NT 6.1; WOW64) AppleWebKit/537.36 (KHTML, like Gecko) Chrome/45.0.2454.101 Safari/537.36',
  'referer' => 'http://kc.nbtv.cn/admin/wenan/index.html',
  'accept-encoding' => 'gzip, deflate, sdch',
  'accept-language' => 'zh-CN,zh;q=0.8',
  'cookie' => 'PHPSESSID=87rumd5g3uk9cpnkdtkjivl3c7; auth_login_email=hyp%40nbtv.com.cn',
  'content-type' => '',
  'content-length' => '',
)
[ info ] [ PARAM ] array (
  'id' => '43',
)
[ info ] [ SESSION ] INIT array (
  'id' => '',
  'var_session_id' => '',
  'prefix' => 'think',
  'type' => '',
  'auto_start' => true,
)
[ info ] [ DB ] INIT mysql
[ info ] [ RUN ] app\index\controller\Wenan->view[ /home/www/kc/application/index/controller/Wenan.php ]
[ info ] [ CACHE ] INIT File
[ info ] [ VIEW ] /home/www/kc/public/../application/index/view/wenan/view.html [ array (
  0 => '_controller',
  1 => '_action',
  2 => '_timestamp',
  3 => '_user',
  4 => 'is_mobile',
  5 => 'settings',
  6 => 'one',
) ]
[ info ] [ LOG ] INIT File
[ sql ] [ DB ] CONNECT:[ UseTime:0.000701s ] mysql:dbname=kc;host=127.0.0.1;port=3306;charset=utf8
[ sql ] [ SQL ] SHOW COLUMNS FROM `ppsao_setting` [ RunTime:0.001539s ]
[ sql ] [ SQL ] SELECT * FROM `ppsao_setting`  [ RunTime:0.000500s ]
[ sql ] [ SQL ] SHOW COLUMNS FROM `ppsao_wenan` [ RunTime:0.001910s ]
[ sql ] [ SQL ] SELECT * FROM `ppsao_wenan` WHERE  `id` = 43  AND `is_del` = 0 LIMIT 1     [ RunTime:0.000838s ]
[ sql ] [ SQL ] UPDATE `ppsao_wenan`  SET `views`=views+1,`views2`=views2+1  WHERE  `id` = 43  AND `is_del` = 0     [ RunTime:0.048218s ]

---------------------------------------------------------------
[ 2017-06-13T10:20:21+08:00 ] 10.0.0.249 220.189.193.13 GET /admin/wenan/edit.html
[ log ] kc.nbtv.cn/admin/wenan/edit.html [运行时间：0.061022s][吞吐率：16.39req/s] [内存消耗：3,459.49kb] [文件加载：56]
[ info ] [ LANG ] /home/www/kc/thinkphp/lang/zh-cn.php
[ info ] [ ROUTE ] array (
  'type' => 'module',
  'module' => 
  array (
    0 => 'admin',
    1 => 'wenan',
    2 => 'edit',
  ),
)
[ info ] [ HEADER ] array (
  'accept' => '*/*',
  'referer' => 'http://kc.nbtv.cn/admin/wenan/index.html',
  'accept-language' => 'zh-CN',
  'user-agent' => 'Mozilla/4.0 (compatible; MSIE 7.0; Windows NT 6.1; WOW64; Trident/7.0; SLCC2; .NET CLR 2.0.50727; .NET CLR 3.5.30729; .NET CLR 3.0.30729; Media Center PC 6.0; .NET4.0C; .NET4.0E; InfoPath.3)',
  'accept-encoding' => 'gzip, deflate',
  'host' => 'kc.nbtv.cn',
  'connection' => 'Keep-Alive',
  'cookie' => 'PHPSESSID=87rumd5g3uk9cpnkdtkjivl3c7; auth_login_email=hyp%40nbtv.com.cn',
  'content-type' => '',
  'content-length' => '',
)
[ info ] [ PARAM ] array (
)
[ info ] [ SESSION ] INIT array (
  'id' => '',
  'var_session_id' => '',
  'prefix' => 'think',
  'type' => '',
  'auto_start' => true,
)
[ info ] [ DB ] INIT mysql
[ info ] [ RUN ] app\admin\controller\Wenan->edit[ /home/www/kc/application/admin/controller/Wenan.php ]
[ info ] [ VIEW ] /home/www/kc/public/../application/admin/view/wenan/edit.html [ array (
  0 => '_controller',
  1 => '_action',
  2 => '_timestamp',
  3 => '_user',
  4 => 'settings',
  5 => 'one',
  6 => 'cat_arr',
  7 => 'siet_url',
) ]
[ info ] [ LOG ] INIT File
[ sql ] [ DB ] CONNECT:[ UseTime:0.000585s ] mysql:dbname=kc;host=127.0.0.1;port=3306;charset=utf8
[ sql ] [ SQL ] SHOW COLUMNS FROM `ppsao_admin` [ RunTime:0.001761s ]
[ sql ] [ SQL ] SELECT `id`,`username`,`email`,`realname`,`tel`,`qq`,`sex`,`address`,`lasttime`,`lastip`,`logins`,`is_check_email`,`status`,`updatetime`,`dateline` FROM `ppsao_admin` WHERE  `id` = 12  AND `is_del` = 0 LIMIT 1     [ RunTime:0.000584s ]
[ sql ] [ SQL ] SHOW COLUMNS FROM `ppsao_setting` [ RunTime:0.001358s ]
[ sql ] [ SQL ] SELECT * FROM `ppsao_setting`  [ RunTime:0.000354s ]
[ sql ] [ SQL ] SHOW COLUMNS FROM `ppsao_wenan_cat` [ RunTime:0.001417s ]
[ sql ] [ SQL ] SELECT * FROM `ppsao_wenan_cat` WHERE  `is_del` = 0 ORDER BY nav_sort desc,id asc   [ RunTime:0.000448s ]

---------------------------------------------------------------
[ 2017-06-13T10:20:21+08:00 ] 10.0.0.249 220.189.193.13 POST /admin/wenan/loadtemp.html
[ log ] kc.nbtv.cn/admin/wenan/loadtemp.html [运行时间：0.052962s][吞吐率：18.88req/s] [内存消耗：3,342.20kb] [文件加载：55]
[ info ] [ LANG ] /home/www/kc/thinkphp/lang/zh-cn.php
[ info ] [ ROUTE ] array (
  'type' => 'module',
  'module' => 
  array (
    0 => 'admin',
    1 => 'wenan',
    2 => 'loadtemp',
  ),
)
[ info ] [ HEADER ] array (
  'accept' => '*/*',
  'content-type' => 'application/x-www-form-urlencoded; charset=UTF-8',
  'x-requested-with' => 'XMLHttpRequest',
  'referer' => 'http://kc.nbtv.cn/admin/wenan/edit.html',
  'accept-language' => 'zh-CN',
  'accept-encoding' => 'gzip, deflate',
  'user-agent' => 'Mozilla/4.0 (compatible; MSIE 7.0; Windows NT 6.1; WOW64; Trident/7.0; SLCC2; .NET CLR 2.0.50727; .NET CLR 3.5.30729; .NET CLR 3.0.30729; Media Center PC 6.0; .NET4.0C; .NET4.0E; InfoPath.3)',
  'host' => 'kc.nbtv.cn',
  'content-length' => '10',
  'connection' => 'Keep-Alive',
  'cache-control' => 'no-cache',
  'cookie' => 'PHPSESSID=87rumd5g3uk9cpnkdtkjivl3c7; auth_login_email=hyp%40nbtv.com.cn',
)
[ info ] [ PARAM ] array (
  'type' => 'title',
)
[ info ] [ SESSION ] INIT array (
  'id' => '',
  'var_session_id' => '',
  'prefix' => 'think',
  'type' => '',
  'auto_start' => true,
)
[ info ] [ DB ] INIT mysql
[ info ] [ RUN ] app\admin\controller\Wenan->loadtemp[ /home/www/kc/application/admin/controller/Wenan.php ]
[ info ] [ VIEW ] /home/www/kc/public/../application/admin/view/wenan/temp_title.html [ array (
  0 => '_controller',
  1 => '_action',
  2 => '_timestamp',
  3 => '_user',
  4 => 'siet_url',
) ]
[ info ] [ LOG ] INIT File
[ sql ] [ DB ] CONNECT:[ UseTime:0.000498s ] mysql:dbname=kc;host=127.0.0.1;port=3306;charset=utf8
[ sql ] [ SQL ] SHOW COLUMNS FROM `ppsao_admin` [ RunTime:0.001689s ]
[ sql ] [ SQL ] SELECT `id`,`username`,`email`,`realname`,`tel`,`qq`,`sex`,`address`,`lasttime`,`lastip`,`logins`,`is_check_email`,`status`,`updatetime`,`dateline` FROM `ppsao_admin` WHERE  `id` = 12  AND `is_del` = 0 LIMIT 1     [ RunTime:0.000545s ]

---------------------------------------------------------------
[ 2017-06-13T14:24:04+08:00 ] 10.0.0.249 220.189.193.13 POST /admin/wenan/loadtemp.html
[ log ] kc.nbtv.cn/admin/wenan/loadtemp.html [运行时间：0.055304s][吞吐率：18.08req/s] [内存消耗：3,342.45kb] [文件加载：55]
[ info ] [ LANG ] /home/www/kc/thinkphp/lang/zh-cn.php
[ info ] [ ROUTE ] array (
  'type' => 'module',
  'module' => 
  array (
    0 => 'admin',
    1 => 'wenan',
    2 => 'loadtemp',
  ),
)
[ info ] [ HEADER ] array (
  'accept' => '*/*',
  'content-type' => 'application/x-www-form-urlencoded; charset=UTF-8',
  'x-requested-with' => 'XMLHttpRequest',
  'referer' => 'http://kc.nbtv.cn/admin/wenan/edit.html',
  'accept-language' => 'zh-CN',
  'accept-encoding' => 'gzip, deflate',
  'user-agent' => 'Mozilla/4.0 (compatible; MSIE 7.0; Windows NT 6.1; WOW64; Trident/7.0; SLCC2; .NET CLR 2.0.50727; .NET CLR 3.5.30729; .NET CLR 3.0.30729; Media Center PC 6.0; .NET4.0C; .NET4.0E; InfoPath.3)',
  'host' => 'kc.nbtv.cn',
  'content-length' => '9',
  'connection' => 'Keep-Alive',
  'cache-control' => 'no-cache',
  'cookie' => 'PHPSESSID=87rumd5g3uk9cpnkdtkjivl3c7; auth_login_email=hyp%40nbtv.com.cn',
)
[ info ] [ PARAM ] array (
  'type' => 'text',
)
[ info ] [ SESSION ] INIT array (
  'id' => '',
  'var_session_id' => '',
  'prefix' => 'think',
  'type' => '',
  'auto_start' => true,
)
[ info ] [ DB ] INIT mysql
[ info ] [ RUN ] app\admin\controller\Wenan->loadtemp[ /home/www/kc/application/admin/controller/Wenan.php ]
[ info ] [ VIEW ] /home/www/kc/public/../application/admin/view/wenan/temp_text.html [ array (
  0 => '_controller',
  1 => '_action',
  2 => '_timestamp',
  3 => '_user',
  4 => 'siet_url',
) ]
[ info ] [ LOG ] INIT File
[ sql ] [ DB ] CONNECT:[ UseTime:0.000643s ] mysql:dbname=kc;host=127.0.0.1;port=3306;charset=utf8
[ sql ] [ SQL ] SHOW COLUMNS FROM `ppsao_admin` [ RunTime:0.001433s ]
[ sql ] [ SQL ] SELECT `id`,`username`,`email`,`realname`,`tel`,`qq`,`sex`,`address`,`lasttime`,`lastip`,`logins`,`is_check_email`,`status`,`updatetime`,`dateline` FROM `ppsao_admin` WHERE  `id` = 12  AND `is_del` = 0 LIMIT 1     [ RunTime:0.000616s ]

---------------------------------------------------------------
[ 2017-06-13T17:23:35+08:00 ] 10.0.0.249 220.189.193.13 POST /admin/wenan/loadtemp.html
[ log ] kc.nbtv.cn/admin/wenan/loadtemp.html [运行时间：0.054659s][吞吐率：18.30req/s] [内存消耗：3,342.48kb] [文件加载：55]
[ info ] [ LANG ] /home/www/kc/thinkphp/lang/zh-cn.php
[ info ] [ ROUTE ] array (
  'type' => 'module',
  'module' => 
  array (
    0 => 'admin',
    1 => 'wenan',
    2 => 'loadtemp',
  ),
)
[ info ] [ HEADER ] array (
  'accept' => '*/*',
  'content-type' => 'application/x-www-form-urlencoded; charset=UTF-8',
  'x-requested-with' => 'XMLHttpRequest',
  'referer' => 'http://kc.nbtv.cn/admin/wenan/edit.html',
  'accept-language' => 'zh-CN',
  'accept-encoding' => 'gzip, deflate',
  'user-agent' => 'Mozilla/4.0 (compatible; MSIE 7.0; Windows NT 6.1; WOW64; Trident/7.0; SLCC2; .NET CLR 2.0.50727; .NET CLR 3.5.30729; .NET CLR 3.0.30729; Media Center PC 6.0; .NET4.0C; .NET4.0E; InfoPath.3)',
  'host' => 'kc.nbtv.cn',
  'content-length' => '8',
  'connection' => 'Keep-Alive',
  'cache-control' => 'no-cache',
  'cookie' => 'PHPSESSID=87rumd5g3uk9cpnkdtkjivl3c7; auth_login_email=hyp%40nbtv.com.cn',
)
[ info ] [ PARAM ] array (
  'type' => 'img',
)
[ info ] [ SESSION ] INIT array (
  'id' => '',
  'var_session_id' => '',
  'prefix' => 'think',
  'type' => '',
  'auto_start' => true,
)
[ info ] [ DB ] INIT mysql
[ info ] [ RUN ] app\admin\controller\Wenan->loadtemp[ /home/www/kc/application/admin/controller/Wenan.php ]
[ info ] [ VIEW ] /home/www/kc/public/../application/admin/view/wenan/temp_img.html [ array (
  0 => '_controller',
  1 => '_action',
  2 => '_timestamp',
  3 => '_user',
  4 => 'siet_url',
) ]
[ info ] [ LOG ] INIT File
[ sql ] [ DB ] CONNECT:[ UseTime:0.000657s ] mysql:dbname=kc;host=127.0.0.1;port=3306;charset=utf8
[ sql ] [ SQL ] SHOW COLUMNS FROM `ppsao_admin` [ RunTime:0.001453s ]
[ sql ] [ SQL ] SELECT `id`,`username`,`email`,`realname`,`tel`,`qq`,`sex`,`address`,`lasttime`,`lastip`,`logins`,`is_check_email`,`status`,`updatetime`,`dateline` FROM `ppsao_admin` WHERE  `id` = 12  AND `is_del` = 0 LIMIT 1     [ RunTime:0.000616s ]

---------------------------------------------------------------
[ 2017-06-13T17:23:40+08:00 ] 10.0.0.249 220.189.193.13 POST /admin/wenan/loadtemp.html
[ log ] kc.nbtv.cn/admin/wenan/loadtemp.html [运行时间：0.053601s][吞吐率：18.66req/s] [内存消耗：3,342.27kb] [文件加载：55]
[ info ] [ LANG ] /home/www/kc/thinkphp/lang/zh-cn.php
[ info ] [ ROUTE ] array (
  'type' => 'module',
  'module' => 
  array (
    0 => 'admin',
    1 => 'wenan',
    2 => 'loadtemp',
  ),
)
[ info ] [ HEADER ] array (
  'accept' => '*/*',
  'content-type' => 'application/x-www-form-urlencoded; charset=UTF-8',
  'x-requested-with' => 'XMLHttpRequest',
  'referer' => 'http://kc.nbtv.cn/admin/wenan/edit.html',
  'accept-language' => 'zh-CN',
  'accept-encoding' => 'gzip, deflate',
  'user-agent' => 'Mozilla/4.0 (compatible; MSIE 7.0; Windows NT 6.1; WOW64; Trident/7.0; SLCC2; .NET CLR 2.0.50727; .NET CLR 3.5.30729; .NET CLR 3.0.30729; Media Center PC 6.0; .NET4.0C; .NET4.0E; InfoPath.3)',
  'host' => 'kc.nbtv.cn',
  'content-length' => '10',
  'connection' => 'Keep-Alive',
  'cache-control' => 'no-cache',
  'cookie' => 'PHPSESSID=87rumd5g3uk9cpnkdtkjivl3c7; auth_login_email=hyp%40nbtv.com.cn',
)
[ info ] [ PARAM ] array (
  'type' => 'scene',
)
[ info ] [ SESSION ] INIT array (
  'id' => '',
  'var_session_id' => '',
  'prefix' => 'think',
  'type' => '',
  'auto_start' => true,
)
[ info ] [ DB ] INIT mysql
[ info ] [ RUN ] app\admin\controller\Wenan->loadtemp[ /home/www/kc/application/admin/controller/Wenan.php ]
[ info ] [ VIEW ] /home/www/kc/public/../application/admin/view/wenan/temp_scene.html [ array (
  0 => '_controller',
  1 => '_action',
  2 => '_timestamp',
  3 => '_user',
  4 => 'siet_url',
) ]
[ info ] [ LOG ] INIT File
[ sql ] [ DB ] CONNECT:[ UseTime:0.000608s ] mysql:dbname=kc;host=127.0.0.1;port=3306;charset=utf8
[ sql ] [ SQL ] SHOW COLUMNS FROM `ppsao_admin` [ RunTime:0.001713s ]
[ sql ] [ SQL ] SELECT `id`,`username`,`email`,`realname`,`tel`,`qq`,`sex`,`address`,`lasttime`,`lastip`,`logins`,`is_check_email`,`status`,`updatetime`,`dateline` FROM `ppsao_admin` WHERE  `id` = 12  AND `is_del` = 0 LIMIT 1     [ RunTime:0.000596s ]

---------------------------------------------------------------
