[ 2017-06-23T13:14:11+08:00 ] 10.0.0.249 218.205.55.230 GET /
[ log ] kc.nbtv.cn/ [运行时间：0.049865s][吞吐率：20.05req/s] [内存消耗：3,013.66kb] [文件加载：53]
[ info ] [ LANG ] /home/www/kc/thinkphp/lang/zh-cn.php
[ info ] [ ROUTE ] array (
  'type' => 'module',
  'module' => 
  array (
    0 => '',
    1 => NULL,
    2 => NULL,
  ),
)
[ info ] [ HEADER ] array (
  'host' => 'kc.nbtv.cn',
  'upgrade-insecure-requests' => '1',
  'accept' => 'text/html,application/xhtml+xml,application/xml;q=0.9,*/*;q=0.8',
  'user-agent' => 'Mozilla/5.0 (iPhone; CPU iPhone OS 10_3_2 like Mac OS X) AppleWebKit/603.2.4 (KHTML, like Gecko) Version/10.0 Mobile/14F89 Safari/602.1',
  'accept-language' => 'zh-cn',
  'accept-encoding' => 'gzip, deflate',
  'connection' => 'keep-alive',
  'content-type' => '',
  'content-length' => '',
)
[ info ] [ PARAM ] array (
)
[ info ] [ SESSION ] INIT array (
  'id' => '',
  'var_session_id' => '',
  'prefix' => 'think',
  'type' => '',
  'auto_start' => true,
)
[ info ] [ DB ] INIT mysql
[ info ] [ RUN ] app\index\controller\Index->index[ /home/www/kc/application/index/controller/Index.php ]
[ info ] [ VIEW ] /home/www/kc/public/../application/index/view/index/index.html [ array (
  0 => '_controller',
  1 => '_action',
  2 => '_timestamp',
  3 => '_user',
  4 => 'is_mobile',
  5 => 'settings',
  6 => 'wx_option',
) ]
[ info ] [ LOG ] INIT File
[ sql ] [ DB ] CONNECT:[ UseTime:0.000735s ] mysql:dbname=kc;host=127.0.0.1;port=3306;charset=utf8
[ sql ] [ SQL ] SHOW COLUMNS FROM `ppsao_setting` [ RunTime:0.001626s ]
[ sql ] [ SQL ] SELECT * FROM `ppsao_setting`  [ RunTime:0.000522s ]

---------------------------------------------------------------
[ 2017-06-23T13:14:11+08:00 ] 10.0.0.249 218.205.55.230 GET /index/api/sign.html?url=http%3A%2F%2Fkc.nbtv.cn%2F
[ log ] kc.nbtv.cn/index/api/sign.html?url=http%3A%2F%2Fkc.nbtv.cn%2F [运行时间：0.575819s][吞吐率：1.74req/s] [内存消耗：3,893.31kb] [文件加载：57]
[ info ] [ LANG ] /home/www/kc/thinkphp/lang/zh-cn.php
[ info ] [ ROUTE ] array (
  'type' => 'module',
  'module' => 
  array (
    0 => 'index',
    1 => 'api',
    2 => 'sign',
  ),
)
[ info ] [ HEADER ] array (
  'host' => 'kc.nbtv.cn',
  'accept-encoding' => 'gzip, deflate',
  'cookie' => 'PHPSESSID=l07604jilubgo5lec3fee46of6',
  'connection' => 'keep-alive',
  'accept' => 'application/json, text/javascript, */*; q=0.01',
  'user-agent' => 'Mozilla/5.0 (iPhone; CPU iPhone OS 10_3_2 like Mac OS X) AppleWebKit/603.2.4 (KHTML, like Gecko) Version/10.0 Mobile/14F89 Safari/602.1',
  'referer' => 'http://kc.nbtv.cn/',
  'accept-language' => 'zh-cn',
  'x-requested-with' => 'XMLHttpRequest',
  'content-type' => '',
  'content-length' => '',
)
[ info ] [ PARAM ] array (
  'url' => 'http://kc.nbtv.cn/',
)
[ info ] [ SESSION ] INIT array (
  'id' => '',
  'var_session_id' => '',
  'prefix' => 'think',
  'type' => '',
  'auto_start' => true,
)
[ info ] [ DB ] INIT mysql
[ info ] [ RUN ] app\index\controller\Api->sign[ /home/www/kc/application/index/controller/Api.php ]
[ info ] [ CACHE ] INIT File
[ info ] [ LOG ] INIT File
[ sql ] [ DB ] CONNECT:[ UseTime:0.000549s ] mysql:dbname=kc;host=127.0.0.1;port=3306;charset=utf8
[ sql ] [ SQL ] SHOW COLUMNS FROM `ppsao_setting` [ RunTime:0.001354s ]
[ sql ] [ SQL ] SELECT * FROM `ppsao_setting`  [ RunTime:0.000368s ]

---------------------------------------------------------------
[ 2017-06-23T13:54:56+08:00 ] 10.0.0.249 220.189.193.13 GET /admin
[ log ] kc.nbtv.cn/admin [运行时间：0.049633s][吞吐率：20.15req/s] [内存消耗：3,077.61kb] [文件加载：54]
[ info ] [ LANG ] /home/www/kc/thinkphp/lang/zh-cn.php
[ info ] [ ROUTE ] array (
  'type' => 'module',
  'module' => 
  array (
    0 => 'admin',
    1 => NULL,
    2 => NULL,
  ),
)
[ info ] [ HEADER ] array (
  'host' => 'kc.nbtv.cn',
  'user-agent' => 'Mozilla/5.0 (Windows NT 6.1; WOW64; rv:53.0) Gecko/20100101 Firefox/53.0',
  'accept' => 'text/html,application/xhtml+xml,application/xml;q=0.9,*/*;q=0.8',
  'accept-language' => 'zh-CN,zh;q=0.8,en-US;q=0.5,en;q=0.3',
  'accept-encoding' => 'gzip, deflate',
  'cookie' => '_gscu_1227423144=53881968u14ugp13; auth_login_email=sl%40nbtv.com.cn',
  'connection' => 'keep-alive',
  'upgrade-insecure-requests' => '1',
  'content-type' => '',
  'content-length' => '',
)
[ info ] [ PARAM ] array (
)
[ info ] [ SESSION ] INIT array (
  'id' => '',
  'var_session_id' => '',
  'prefix' => 'think',
  'type' => '',
  'auto_start' => true,
)
[ info ] [ DB ] INIT mysql
[ info ] [ RUN ] app\admin\controller\Index->index[ /home/www/kc/application/admin/controller/Index.php ]
[ info ] [ VIEW ] /home/www/kc/public/../application/admin/view/index/index.html [ array (
  0 => '_controller',
  1 => '_action',
  2 => '_timestamp',
  3 => '_user',
  4 => 'settings',
  5 => 'auth_login_email',
) ]
[ info ] [ LOG ] INIT File
[ sql ] [ DB ] CONNECT:[ UseTime:0.000681s ] mysql:dbname=kc;host=127.0.0.1;port=3306;charset=utf8
[ sql ] [ SQL ] SHOW COLUMNS FROM `ppsao_setting` [ RunTime:0.001672s ]
[ sql ] [ SQL ] SELECT * FROM `ppsao_setting`  [ RunTime:0.000453s ]

---------------------------------------------------------------
[ 2017-06-23T13:54:56+08:00 ] 10.0.0.249 220.189.193.13 GET /captcha.html
[ log ] kc.nbtv.cn/captcha.html [运行时间：0.031776s][吞吐率：31.47req/s] [内存消耗：1,809.02kb] [文件加载：38]
[ info ] [ LANG ] /home/www/kc/thinkphp/lang/zh-cn.php
[ info ] [ ROUTE ] array (
  'type' => 'method',
  'method' => 
  array (
    0 => '\\think\\captcha\\CaptchaController',
    1 => 'index',
  ),
)
[ info ] [ HEADER ] array (
  'host' => 'kc.nbtv.cn',
  'user-agent' => 'Mozilla/5.0 (Windows NT 6.1; WOW64; rv:53.0) Gecko/20100101 Firefox/53.0',
  'accept' => '*/*',
  'accept-language' => 'zh-CN,zh;q=0.8,en-US;q=0.5,en;q=0.3',
  'accept-encoding' => 'gzip, deflate',
  'referer' => 'http://kc.nbtv.cn/admin',
  'cookie' => '_gscu_1227423144=53881968u14ugp13; auth_login_email=sl%40nbtv.com.cn; PHPSESSID=fulbd8pa3oci8709b8cv2i1u22',
  'connection' => 'keep-alive',
  'content-type' => '',
  'content-length' => '',
)
[ info ] [ PARAM ] array (
  'id' => '',
)
[ info ] [ RUN ] think\captcha\CaptchaController->index[ /home/www/kc/vendor/topthink/think-captcha/src/CaptchaController.php ]
[ info ] [ SESSION ] INIT array (
  'id' => '',
  'var_session_id' => '',
  'prefix' => 'think',
  'type' => '',
  'auto_start' => true,
)
[ info ] [ LOG ] INIT File

---------------------------------------------------------------
[ 2017-06-23T13:55:05+08:00 ] 10.0.0.249 220.189.193.13 POST /admin/index/login.html
[ log ] kc.nbtv.cn/admin/index/login.html [运行时间：0.110563s][吞吐率：9.04req/s] [内存消耗：3,556.34kb] [文件加载：61]
[ info ] [ LANG ] /home/www/kc/thinkphp/lang/zh-cn.php
[ info ] [ ROUTE ] array (
  'type' => 'module',
  'module' => 
  array (
    0 => 'admin',
    1 => 'index',
    2 => 'login',
  ),
)
[ info ] [ HEADER ] array (
  'host' => 'kc.nbtv.cn',
  'user-agent' => 'Mozilla/5.0 (Windows NT 6.1; WOW64; rv:53.0) Gecko/20100101 Firefox/53.0',
  'accept' => 'text/html,application/xhtml+xml,application/xml;q=0.9,*/*;q=0.8',
  'accept-language' => 'zh-CN,zh;q=0.8,en-US;q=0.5,en;q=0.3',
  'accept-encoding' => 'gzip, deflate',
  'content-type' => 'application/x-www-form-urlencoded',
  'content-length' => '52',
  'referer' => 'http://kc.nbtv.cn/admin',
  'cookie' => '_gscu_1227423144=53881968u14ugp13; auth_login_email=sl%40nbtv.com.cn; PHPSESSID=fulbd8pa3oci8709b8cv2i1u22',
  'connection' => 'keep-alive',
  'upgrade-insecure-requests' => '1',
)
[ info ] [ PARAM ] array (
  'email' => 'sl@nbtv.com.cn',
  'password' => '660300',
  'captcha' => '60456',
)
[ info ] [ SESSION ] INIT array (
  'id' => '',
  'var_session_id' => '',
  'prefix' => 'think',
  'type' => '',
  'auto_start' => true,
)
[ info ] [ DB ] INIT mysql
[ info ] [ RUN ] app\admin\controller\Index->login[ /home/www/kc/application/admin/controller/Index.php ]
[ info ] [ CACHE ] INIT File
[ info ] [ VIEW ] /home/www/kc/public/../application/admin/view/public/dispatch_jump.html [ array (
  0 => '_controller',
  1 => '_action',
  2 => '_timestamp',
  3 => '_user',
  4 => 'settings',
  5 => 'code',
  6 => 'msg',
  7 => 'data',
  8 => 'url',
  9 => 'wait',
) ]
[ info ] [ LOG ] INIT File
[ sql ] [ DB ] CONNECT:[ UseTime:0.000611s ] mysql:dbname=kc;host=127.0.0.1;port=3306;charset=utf8
[ sql ] [ SQL ] SHOW COLUMNS FROM `ppsao_setting` [ RunTime:0.001809s ]
[ sql ] [ SQL ] SELECT * FROM `ppsao_setting`  [ RunTime:0.000441s ]
[ sql ] [ SQL ] SHOW COLUMNS FROM `ppsao_admin` [ RunTime:0.001589s ]
[ sql ] [ SQL ] SELECT * FROM `ppsao_admin` WHERE  `email` = 'sl@nbtv.com.cn'  AND `is_del` = 0 LIMIT 1     [ RunTime:0.000648s ]
[ sql ] [ SQL ] UPDATE `ppsao_admin`  SET `username`='',`lasttime`=1498197305,`lastip`='220.189.193.13',`logins`=logins+1  WHERE  `id` = 3       [ RunTime:0.050233s ]

---------------------------------------------------------------
[ 2017-06-23T13:55:06+08:00 ] 10.0.0.249 220.189.193.13 GET /Admin/panel.html
[ log ] kc.nbtv.cn/Admin/panel.html [运行时间：0.057782s][吞吐率：17.31req/s] [内存消耗：3,389.42kb] [文件加载：55]
[ info ] [ LANG ] /home/www/kc/thinkphp/lang/zh-cn.php
[ info ] [ ROUTE ] array (
  'type' => 'module',
  'module' => 
  array (
    0 => 'Admin',
    1 => 'panel',
    2 => NULL,
  ),
)
[ info ] [ HEADER ] array (
  'host' => 'kc.nbtv.cn',
  'user-agent' => 'Mozilla/5.0 (Windows NT 6.1; WOW64; rv:53.0) Gecko/20100101 Firefox/53.0',
  'accept' => 'text/html,application/xhtml+xml,application/xml;q=0.9,*/*;q=0.8',
  'accept-language' => 'zh-CN,zh;q=0.8,en-US;q=0.5,en;q=0.3',
  'accept-encoding' => 'gzip, deflate',
  'referer' => 'http://kc.nbtv.cn/admin/index/login.html',
  'cookie' => '_gscu_1227423144=53881968u14ugp13; auth_login_email=sl%40nbtv.com.cn; PHPSESSID=fulbd8pa3oci8709b8cv2i1u22',
  'connection' => 'keep-alive',
  'upgrade-insecure-requests' => '1',
  'content-type' => '',
  'content-length' => '',
)
[ info ] [ PARAM ] array (
)
[ info ] [ SESSION ] INIT array (
  'id' => '',
  'var_session_id' => '',
  'prefix' => 'think',
  'type' => '',
  'auto_start' => true,
)
[ info ] [ DB ] INIT mysql
[ info ] [ RUN ] app\admin\controller\Panel->index[ /home/www/kc/application/admin/controller/Panel.php ]
[ info ] [ VIEW ] /home/www/kc/public/../application/admin/view/panel/index.html [ array (
  0 => '_controller',
  1 => '_action',
  2 => '_timestamp',
  3 => '_user',
  4 => 'settings',
) ]
[ info ] [ LOG ] INIT File
[ sql ] [ DB ] CONNECT:[ UseTime:0.000698s ] mysql:dbname=kc;host=127.0.0.1;port=3306;charset=utf8
[ sql ] [ SQL ] SHOW COLUMNS FROM `ppsao_admin` [ RunTime:0.001450s ]
[ sql ] [ SQL ] SELECT `id`,`username`,`email`,`realname`,`tel`,`qq`,`sex`,`address`,`lasttime`,`lastip`,`logins`,`is_check_email`,`status`,`updatetime`,`dateline` FROM `ppsao_admin` WHERE  `id` = 3  AND `is_del` = 0 LIMIT 1     [ RunTime:0.000665s ]
[ sql ] [ SQL ] SHOW COLUMNS FROM `ppsao_setting` [ RunTime:0.001015s ]
[ sql ] [ SQL ] SELECT * FROM `ppsao_setting`  [ RunTime:0.000221s ]

---------------------------------------------------------------
[ 2017-06-23T13:55:07+08:00 ] 10.0.0.249 220.189.193.13 GET /admin/wenan/index.html
[ log ] kc.nbtv.cn/admin/wenan/index.html [运行时间：0.065171s][吞吐率：15.34req/s] [内存消耗：3,699.34kb] [文件加载：60]
[ info ] [ LANG ] /home/www/kc/thinkphp/lang/zh-cn.php
[ info ] [ ROUTE ] array (
  'type' => 'module',
  'module' => 
  array (
    0 => 'admin',
    1 => 'wenan',
    2 => 'index',
  ),
)
[ info ] [ HEADER ] array (
  'host' => 'kc.nbtv.cn',
  'user-agent' => 'Mozilla/5.0 (Windows NT 6.1; WOW64; rv:53.0) Gecko/20100101 Firefox/53.0',
  'accept' => 'text/html,application/xhtml+xml,application/xml;q=0.9,*/*;q=0.8',
  'accept-language' => 'zh-CN,zh;q=0.8,en-US;q=0.5,en;q=0.3',
  'accept-encoding' => 'gzip, deflate',
  'referer' => 'http://kc.nbtv.cn/Admin/panel.html',
  'cookie' => '_gscu_1227423144=53881968u14ugp13; auth_login_email=sl%40nbtv.com.cn; PHPSESSID=fulbd8pa3oci8709b8cv2i1u22',
  'connection' => 'keep-alive',
  'upgrade-insecure-requests' => '1',
  'content-type' => '',
  'content-length' => '',
)
[ info ] [ PARAM ] array (
)
[ info ] [ SESSION ] INIT array (
  'id' => '',
  'var_session_id' => '',
  'prefix' => 'think',
  'type' => '',
  'auto_start' => true,
)
[ info ] [ DB ] INIT mysql
[ info ] [ RUN ] app\admin\controller\Wenan->index[ /home/www/kc/application/admin/controller/Wenan.php ]
[ info ] [ VIEW ] /home/www/kc/public/../application/admin/view/wenan/index.html [ array (
  0 => '_controller',
  1 => '_action',
  2 => '_timestamp',
  3 => '_user',
  4 => 'settings',
  5 => 'cat_id',
  6 => 'kwd',
  7 => 'pagesize',
  8 => 'list',
  9 => 'cat_arr',
) ]
[ info ] [ LOG ] INIT File
[ sql ] [ DB ] CONNECT:[ UseTime:0.000581s ] mysql:dbname=kc;host=127.0.0.1;port=3306;charset=utf8
[ sql ] [ SQL ] SHOW COLUMNS FROM `ppsao_admin` [ RunTime:0.001797s ]
[ sql ] [ SQL ] SELECT `id`,`username`,`email`,`realname`,`tel`,`qq`,`sex`,`address`,`lasttime`,`lastip`,`logins`,`is_check_email`,`status`,`updatetime`,`dateline` FROM `ppsao_admin` WHERE  `id` = 3  AND `is_del` = 0 LIMIT 1     [ RunTime:0.000580s ]
[ sql ] [ SQL ] SHOW COLUMNS FROM `ppsao_setting` [ RunTime:0.001320s ]
[ sql ] [ SQL ] SELECT * FROM `ppsao_setting`  [ RunTime:0.000451s ]
[ sql ] [ SQL ] SHOW COLUMNS FROM `ppsao_wenan` [ RunTime:0.001814s ]
[ sql ] [ SQL ] SELECT COUNT(*) AS tp_count FROM `ppsao_wenan` WHERE  `is_del` = 0 ORDER BY id desc LIMIT 1    [ RunTime:0.000280s ]
[ sql ] [ SQL ] SELECT * FROM `ppsao_wenan` WHERE  `is_del` = 0 ORDER BY id desc LIMIT 0,5    [ RunTime:0.000512s ]
[ sql ] [ SQL ] SHOW COLUMNS FROM `ppsao_wenan_cat` [ RunTime:0.001371s ]
[ sql ] [ SQL ] SELECT * FROM `ppsao_wenan_cat` WHERE  `is_del` = 0 ORDER BY nav_sort desc,id asc   [ RunTime:0.000284s ]

---------------------------------------------------------------
[ 2017-06-23T13:55:10+08:00 ] 10.0.0.249 220.189.193.13 GET /index/wenan/view.html?id=48
[ log ] kc.nbtv.cn/index/wenan/view.html?id=48 [运行时间：0.112873s][吞吐率：8.86req/s] [内存消耗：3,496.07kb] [文件加载：59]
[ info ] [ LANG ] /home/www/kc/thinkphp/lang/zh-cn.php
[ info ] [ ROUTE ] array (
  'type' => 'module',
  'module' => 
  array (
    0 => 'index',
    1 => 'wenan',
    2 => 'view',
  ),
)
[ info ] [ HEADER ] array (
  'host' => 'kc.nbtv.cn',
  'user-agent' => 'Mozilla/5.0 (Windows NT 6.1; WOW64; rv:53.0) Gecko/20100101 Firefox/53.0',
  'accept' => 'text/html,application/xhtml+xml,application/xml;q=0.9,*/*;q=0.8',
  'accept-language' => 'zh-CN,zh;q=0.8,en-US;q=0.5,en;q=0.3',
  'accept-encoding' => 'gzip, deflate',
  'referer' => 'http://kc.nbtv.cn/admin/wenan/index.html',
  'cookie' => '_gscu_1227423144=53881968u14ugp13; auth_login_email=sl%40nbtv.com.cn; PHPSESSID=fulbd8pa3oci8709b8cv2i1u22',
  'connection' => 'keep-alive',
  'upgrade-insecure-requests' => '1',
  'content-type' => '',
  'content-length' => '',
)
[ info ] [ PARAM ] array (
  'id' => '48',
)
[ info ] [ SESSION ] INIT array (
  'id' => '',
  'var_session_id' => '',
  'prefix' => 'think',
  'type' => '',
  'auto_start' => true,
)
[ info ] [ DB ] INIT mysql
[ info ] [ RUN ] app\index\controller\Wenan->view[ /home/www/kc/application/index/controller/Wenan.php ]
[ info ] [ CACHE ] INIT File
[ info ] [ VIEW ] /home/www/kc/public/../application/index/view/wenan/view.html [ array (
  0 => '_controller',
  1 => '_action',
  2 => '_timestamp',
  3 => '_user',
  4 => 'is_mobile',
  5 => 'settings',
  6 => 'one',
) ]
[ info ] [ LOG ] INIT File
[ sql ] [ DB ] CONNECT:[ UseTime:0.000658s ] mysql:dbname=kc;host=127.0.0.1;port=3306;charset=utf8
[ sql ] [ SQL ] SHOW COLUMNS FROM `ppsao_setting` [ RunTime:0.001526s ]
[ sql ] [ SQL ] SELECT * FROM `ppsao_setting`  [ RunTime:0.000490s ]
[ sql ] [ SQL ] SHOW COLUMNS FROM `ppsao_wenan` [ RunTime:0.001854s ]
[ sql ] [ SQL ] SELECT * FROM `ppsao_wenan` WHERE  `id` = 48  AND `is_del` = 0 LIMIT 1     [ RunTime:0.000865s ]
[ sql ] [ SQL ] UPDATE `ppsao_wenan`  SET `views`=views+1,`views2`=views2+1  WHERE  `id` = 48  AND `is_del` = 0     [ RunTime:0.051925s ]

---------------------------------------------------------------
[ 2017-06-23T13:55:13+08:00 ] 10.0.0.249 220.189.193.13 GET /index/wenan/view.html?id=47
[ log ] kc.nbtv.cn/index/wenan/view.html?id=47 [运行时间：0.118985s][吞吐率：8.40req/s] [内存消耗：3,512.68kb] [文件加载：59]
[ info ] [ LANG ] /home/www/kc/thinkphp/lang/zh-cn.php
[ info ] [ ROUTE ] array (
  'type' => 'module',
  'module' => 
  array (
    0 => 'index',
    1 => 'wenan',
    2 => 'view',
  ),
)
[ info ] [ HEADER ] array (
  'host' => 'kc.nbtv.cn',
  'user-agent' => 'Mozilla/5.0 (Windows NT 6.1; WOW64; rv:53.0) Gecko/20100101 Firefox/53.0',
  'accept' => 'text/html,application/xhtml+xml,application/xml;q=0.9,*/*;q=0.8',
  'accept-language' => 'zh-CN,zh;q=0.8,en-US;q=0.5,en;q=0.3',
  'accept-encoding' => 'gzip, deflate',
  'referer' => 'http://kc.nbtv.cn/admin/wenan/index.html',
  'cookie' => '_gscu_1227423144=53881968u14ugp13; auth_login_email=sl%40nbtv.com.cn; PHPSESSID=fulbd8pa3oci8709b8cv2i1u22',
  'connection' => 'keep-alive',
  'upgrade-insecure-requests' => '1',
  'content-type' => '',
  'content-length' => '',
)
[ info ] [ PARAM ] array (
  'id' => '47',
)
[ info ] [ SESSION ] INIT array (
  'id' => '',
  'var_session_id' => '',
  'prefix' => 'think',
  'type' => '',
  'auto_start' => true,
)
[ info ] [ DB ] INIT mysql
[ info ] [ RUN ] app\index\controller\Wenan->view[ /home/www/kc/application/index/controller/Wenan.php ]
[ info ] [ CACHE ] INIT File
[ info ] [ VIEW ] /home/www/kc/public/../application/index/view/wenan/view.html [ array (
  0 => '_controller',
  1 => '_action',
  2 => '_timestamp',
  3 => '_user',
  4 => 'is_mobile',
  5 => 'settings',
  6 => 'one',
) ]
[ info ] [ LOG ] INIT File
[ sql ] [ DB ] CONNECT:[ UseTime:0.000729s ] mysql:dbname=kc;host=127.0.0.1;port=3306;charset=utf8
[ sql ] [ SQL ] SHOW COLUMNS FROM `ppsao_setting` [ RunTime:0.001765s ]
[ sql ] [ SQL ] SELECT * FROM `ppsao_setting`  [ RunTime:0.000390s ]
[ sql ] [ SQL ] SHOW COLUMNS FROM `ppsao_wenan` [ RunTime:0.001704s ]
[ sql ] [ SQL ] SELECT * FROM `ppsao_wenan` WHERE  `id` = 47  AND `is_del` = 0 LIMIT 1     [ RunTime:0.000915s ]
[ sql ] [ SQL ] UPDATE `ppsao_wenan`  SET `views`=views+1,`views2`=views2+1  WHERE  `id` = 47  AND `is_del` = 0     [ RunTime:0.058610s ]

---------------------------------------------------------------
