[ 2017-06-26T10:27:50+08:00 ] 10.0.0.249 220.189.193.13 GET /admin
[ log ] kc.nbtv.cn/admin [运行时间：0.050508s][吞吐率：19.80req/s] [内存消耗：3,077.64kb] [文件加载：54]
[ info ] [ LANG ] /home/www/kc/thinkphp/lang/zh-cn.php
[ info ] [ ROUTE ] array (
  'type' => 'module',
  'module' => 
  array (
    0 => 'admin',
    1 => NULL,
    2 => NULL,
  ),
)
[ info ] [ HEADER ] array (
  'host' => 'kc.nbtv.cn',
  'connection' => 'keep-alive',
  'accept' => 'text/html,application/xhtml+xml,application/xml;q=0.9,image/webp,*/*;q=0.8',
  'upgrade-insecure-requests' => '1',
  'user-agent' => 'Mozilla/5.0 (Windows NT 6.1; WOW64) AppleWebKit/537.36 (KHTML, like Gecko) Chrome/45.0.2454.101 Safari/537.36',
  'accept-encoding' => 'gzip, deflate, sdch',
  'accept-language' => 'zh-CN,zh;q=0.8',
  'cookie' => 'auth_login_email=hyp%40nbtv.com.cn',
  'content-type' => '',
  'content-length' => '',
)
[ info ] [ PARAM ] array (
)
[ info ] [ SESSION ] INIT array (
  'id' => '',
  'var_session_id' => '',
  'prefix' => 'think',
  'type' => '',
  'auto_start' => true,
)
[ info ] [ DB ] INIT mysql
[ info ] [ RUN ] app\admin\controller\Index->index[ /home/www/kc/application/admin/controller/Index.php ]
[ info ] [ VIEW ] /home/www/kc/public/../application/admin/view/index/index.html [ array (
  0 => '_controller',
  1 => '_action',
  2 => '_timestamp',
  3 => '_user',
  4 => 'settings',
  5 => 'auth_login_email',
) ]
[ info ] [ LOG ] INIT File
[ sql ] [ DB ] CONNECT:[ UseTime:0.000716s ] mysql:dbname=kc;host=127.0.0.1;port=3306;charset=utf8
[ sql ] [ SQL ] SHOW COLUMNS FROM `ppsao_setting` [ RunTime:0.001773s ]
[ sql ] [ SQL ] SELECT * FROM `ppsao_setting`  [ RunTime:0.000511s ]

---------------------------------------------------------------
[ 2017-06-26T10:27:50+08:00 ] 10.0.0.249 220.189.193.13 GET /captcha.html
[ log ] kc.nbtv.cn/captcha.html [运行时间：0.031988s][吞吐率：31.26req/s] [内存消耗：1,809.23kb] [文件加载：38]
[ info ] [ LANG ] /home/www/kc/thinkphp/lang/zh-cn.php
[ info ] [ ROUTE ] array (
  'type' => 'method',
  'method' => 
  array (
    0 => '\\think\\captcha\\CaptchaController',
    1 => 'index',
  ),
)
[ info ] [ HEADER ] array (
  'host' => 'kc.nbtv.cn',
  'connection' => 'keep-alive',
  'accept' => 'image/webp,image/*,*/*;q=0.8',
  'user-agent' => 'Mozilla/5.0 (Windows NT 6.1; WOW64) AppleWebKit/537.36 (KHTML, like Gecko) Chrome/45.0.2454.101 Safari/537.36',
  'referer' => 'http://kc.nbtv.cn/admin',
  'accept-encoding' => 'gzip, deflate, sdch',
  'accept-language' => 'zh-CN,zh;q=0.8',
  'cookie' => 'auth_login_email=hyp%40nbtv.com.cn; PHPSESSID=o1psmgkle4ubstm36u62m76me0',
  'content-type' => '',
  'content-length' => '',
)
[ info ] [ PARAM ] array (
  'id' => '',
)
[ info ] [ RUN ] think\captcha\CaptchaController->index[ /home/www/kc/vendor/topthink/think-captcha/src/CaptchaController.php ]
[ info ] [ SESSION ] INIT array (
  'id' => '',
  'var_session_id' => '',
  'prefix' => 'think',
  'type' => '',
  'auto_start' => true,
)
[ info ] [ LOG ] INIT File

---------------------------------------------------------------
[ 2017-06-26T10:27:58+08:00 ] 10.0.0.249 220.189.193.13 POST /admin/index/login.html
[ log ] kc.nbtv.cn/admin/index/login.html [运行时间：0.162680s][吞吐率：6.15req/s] [内存消耗：3,556.03kb] [文件加载：61]
[ info ] [ LANG ] /home/www/kc/thinkphp/lang/zh-cn.php
[ info ] [ ROUTE ] array (
  'type' => 'module',
  'module' => 
  array (
    0 => 'admin',
    1 => 'index',
    2 => 'login',
  ),
)
[ info ] [ HEADER ] array (
  'accept' => '*/*',
  'content-type' => 'application/x-www-form-urlencoded',
  'referer' => 'http://kc.nbtv.cn/admin',
  'accept-language' => 'zh-CN',
  'user-agent' => 'Mozilla/4.0 (compatible; MSIE 7.0; Windows NT 6.1; WOW64; Trident/7.0; SLCC2; .NET CLR 2.0.50727; .NET CLR 3.5.30729; .NET CLR 3.0.30729; Media Center PC 6.0; .NET4.0C; .NET4.0E; InfoPath.3)',
  'accept-encoding' => 'gzip, deflate',
  'host' => 'kc.nbtv.cn',
  'content-length' => '53',
  'connection' => 'Keep-Alive',
  'cache-control' => 'no-cache',
  'cookie' => 'auth_login_email=hyp%40nbtv.com.cn; PHPSESSID=o1psmgkle4ubstm36u62m76me0',
)
[ info ] [ PARAM ] array (
  'email' => 'hyp@nbtv.com.cn',
  'password' => '670032',
  'captcha' => '28808',
)
[ info ] [ SESSION ] INIT array (
  'id' => '',
  'var_session_id' => '',
  'prefix' => 'think',
  'type' => '',
  'auto_start' => true,
)
[ info ] [ DB ] INIT mysql
[ info ] [ RUN ] app\admin\controller\Index->login[ /home/www/kc/application/admin/controller/Index.php ]
[ info ] [ CACHE ] INIT File
[ info ] [ VIEW ] /home/www/kc/public/../application/admin/view/public/dispatch_jump.html [ array (
  0 => '_controller',
  1 => '_action',
  2 => '_timestamp',
  3 => '_user',
  4 => 'settings',
  5 => 'code',
  6 => 'msg',
  7 => 'data',
  8 => 'url',
  9 => 'wait',
) ]
[ info ] [ LOG ] INIT File
[ sql ] [ DB ] CONNECT:[ UseTime:0.000682s ] mysql:dbname=kc;host=127.0.0.1;port=3306;charset=utf8
[ sql ] [ SQL ] SHOW COLUMNS FROM `ppsao_setting` [ RunTime:0.001675s ]
[ sql ] [ SQL ] SELECT * FROM `ppsao_setting`  [ RunTime:0.000454s ]
[ sql ] [ SQL ] SHOW COLUMNS FROM `ppsao_admin` [ RunTime:0.001550s ]
[ sql ] [ SQL ] SELECT * FROM `ppsao_admin` WHERE  `email` = 'hyp@nbtv.com.cn'  AND `is_del` = 0 LIMIT 1     [ RunTime:0.000688s ]
[ sql ] [ SQL ] UPDATE `ppsao_admin`  SET `username`='',`lasttime`=1498444078,`lastip`='220.189.193.13',`logins`=logins+1  WHERE  `id` = 12       [ RunTime:0.102285s ]

---------------------------------------------------------------
[ 2017-06-26T10:28:01+08:00 ] 10.0.0.249 220.189.193.13 GET /Admin/panel.html
[ log ] kc.nbtv.cn/Admin/panel.html [运行时间：0.056166s][吞吐率：17.80req/s] [内存消耗：3,388.94kb] [文件加载：55]
[ info ] [ LANG ] /home/www/kc/thinkphp/lang/zh-cn.php
[ info ] [ ROUTE ] array (
  'type' => 'module',
  'module' => 
  array (
    0 => 'Admin',
    1 => 'panel',
    2 => NULL,
  ),
)
[ info ] [ HEADER ] array (
  'host' => 'kc.nbtv.cn',
  'connection' => 'keep-alive',
  'accept' => 'text/html,application/xhtml+xml,application/xml;q=0.9,image/webp,*/*;q=0.8',
  'upgrade-insecure-requests' => '1',
  'user-agent' => 'Mozilla/5.0 (Windows NT 6.1; WOW64) AppleWebKit/537.36 (KHTML, like Gecko) Chrome/45.0.2454.101 Safari/537.36',
  'accept-encoding' => 'gzip, deflate, sdch',
  'accept-language' => 'zh-CN,zh;q=0.8',
  'cookie' => 'PHPSESSID=o1psmgkle4ubstm36u62m76me0; auth_login_email=hyp%40nbtv.com.cn',
  'content-type' => '',
  'content-length' => '',
)
[ info ] [ PARAM ] array (
)
[ info ] [ SESSION ] INIT array (
  'id' => '',
  'var_session_id' => '',
  'prefix' => 'think',
  'type' => '',
  'auto_start' => true,
)
[ info ] [ DB ] INIT mysql
[ info ] [ RUN ] app\admin\controller\Panel->index[ /home/www/kc/application/admin/controller/Panel.php ]
[ info ] [ VIEW ] /home/www/kc/public/../application/admin/view/panel/index.html [ array (
  0 => '_controller',
  1 => '_action',
  2 => '_timestamp',
  3 => '_user',
  4 => 'settings',
) ]
[ info ] [ LOG ] INIT File
[ sql ] [ DB ] CONNECT:[ UseTime:0.000636s ] mysql:dbname=kc;host=127.0.0.1;port=3306;charset=utf8
[ sql ] [ SQL ] SHOW COLUMNS FROM `ppsao_admin` [ RunTime:0.001801s ]
[ sql ] [ SQL ] SELECT `id`,`username`,`email`,`realname`,`tel`,`qq`,`sex`,`address`,`lasttime`,`lastip`,`logins`,`is_check_email`,`status`,`updatetime`,`dateline` FROM `ppsao_admin` WHERE  `id` = 12  AND `is_del` = 0 LIMIT 1     [ RunTime:0.000730s ]
[ sql ] [ SQL ] SHOW COLUMNS FROM `ppsao_setting` [ RunTime:0.001355s ]
[ sql ] [ SQL ] SELECT * FROM `ppsao_setting`  [ RunTime:0.000359s ]

---------------------------------------------------------------
[ 2017-06-26T10:28:04+08:00 ] 10.0.0.249 220.189.193.13 GET /admin/wenan/index.html
[ log ] kc.nbtv.cn/admin/wenan/index.html [运行时间：0.065289s][吞吐率：15.32req/s] [内存消耗：3,698.93kb] [文件加载：60]
[ info ] [ LANG ] /home/www/kc/thinkphp/lang/zh-cn.php
[ info ] [ ROUTE ] array (
  'type' => 'module',
  'module' => 
  array (
    0 => 'admin',
    1 => 'wenan',
    2 => 'index',
  ),
)
[ info ] [ HEADER ] array (
  'accept' => '*/*',
  'referer' => 'http://kc.nbtv.cn/Admin/panel.html',
  'accept-language' => 'zh-CN',
  'user-agent' => 'Mozilla/4.0 (compatible; MSIE 7.0; Windows NT 6.1; WOW64; Trident/7.0; SLCC2; .NET CLR 2.0.50727; .NET CLR 3.5.30729; .NET CLR 3.0.30729; Media Center PC 6.0; .NET4.0C; .NET4.0E; InfoPath.3)',
  'accept-encoding' => 'gzip, deflate',
  'host' => 'kc.nbtv.cn',
  'connection' => 'Keep-Alive',
  'cookie' => 'PHPSESSID=o1psmgkle4ubstm36u62m76me0; auth_login_email=hyp%40nbtv.com.cn',
  'content-type' => '',
  'content-length' => '',
)
[ info ] [ PARAM ] array (
)
[ info ] [ SESSION ] INIT array (
  'id' => '',
  'var_session_id' => '',
  'prefix' => 'think',
  'type' => '',
  'auto_start' => true,
)
[ info ] [ DB ] INIT mysql
[ info ] [ RUN ] app\admin\controller\Wenan->index[ /home/www/kc/application/admin/controller/Wenan.php ]
[ info ] [ VIEW ] /home/www/kc/public/../application/admin/view/wenan/index.html [ array (
  0 => '_controller',
  1 => '_action',
  2 => '_timestamp',
  3 => '_user',
  4 => 'settings',
  5 => 'cat_id',
  6 => 'kwd',
  7 => 'pagesize',
  8 => 'list',
  9 => 'cat_arr',
) ]
[ info ] [ LOG ] INIT File
[ sql ] [ DB ] CONNECT:[ UseTime:0.000683s ] mysql:dbname=kc;host=127.0.0.1;port=3306;charset=utf8
[ sql ] [ SQL ] SHOW COLUMNS FROM `ppsao_admin` [ RunTime:0.001683s ]
[ sql ] [ SQL ] SELECT `id`,`username`,`email`,`realname`,`tel`,`qq`,`sex`,`address`,`lasttime`,`lastip`,`logins`,`is_check_email`,`status`,`updatetime`,`dateline` FROM `ppsao_admin` WHERE  `id` = 12  AND `is_del` = 0 LIMIT 1     [ RunTime:0.000587s ]
[ sql ] [ SQL ] SHOW COLUMNS FROM `ppsao_setting` [ RunTime:0.001283s ]
[ sql ] [ SQL ] SELECT * FROM `ppsao_setting`  [ RunTime:0.000364s ]
[ sql ] [ SQL ] SHOW COLUMNS FROM `ppsao_wenan` [ RunTime:0.001657s ]
[ sql ] [ SQL ] SELECT COUNT(*) AS tp_count FROM `ppsao_wenan` WHERE  `is_del` = 0 ORDER BY id desc LIMIT 1    [ RunTime:0.000499s ]
[ sql ] [ SQL ] SELECT * FROM `ppsao_wenan` WHERE  `is_del` = 0 ORDER BY id desc LIMIT 0,5    [ RunTime:0.000768s ]
[ sql ] [ SQL ] SHOW COLUMNS FROM `ppsao_wenan_cat` [ RunTime:0.001240s ]
[ sql ] [ SQL ] SELECT * FROM `ppsao_wenan_cat` WHERE  `is_del` = 0 ORDER BY nav_sort desc,id asc   [ RunTime:0.000287s ]

---------------------------------------------------------------
[ 2017-06-26T10:28:09+08:00 ] 10.0.0.249 220.189.193.13 GET /index/wenan/view.html?id=47
[ log ] kc.nbtv.cn/index/wenan/view.html?id=47 [运行时间：0.108298s][吞吐率：9.23req/s] [内存消耗：3,512.70kb] [文件加载：59]
[ info ] [ LANG ] /home/www/kc/thinkphp/lang/zh-cn.php
[ info ] [ ROUTE ] array (
  'type' => 'module',
  'module' => 
  array (
    0 => 'index',
    1 => 'wenan',
    2 => 'view',
  ),
)
[ info ] [ HEADER ] array (
  'host' => 'kc.nbtv.cn',
  'connection' => 'keep-alive',
  'accept' => 'text/html,application/xhtml+xml,application/xml;q=0.9,image/webp,*/*;q=0.8',
  'upgrade-insecure-requests' => '1',
  'user-agent' => 'Mozilla/5.0 (Windows NT 6.1; WOW64) AppleWebKit/537.36 (KHTML, like Gecko) Chrome/45.0.2454.101 Safari/537.36',
  'referer' => 'http://kc.nbtv.cn/admin/wenan/index.html',
  'accept-encoding' => 'gzip, deflate, sdch',
  'accept-language' => 'zh-CN,zh;q=0.8',
  'cookie' => 'PHPSESSID=o1psmgkle4ubstm36u62m76me0; auth_login_email=hyp%40nbtv.com.cn',
  'content-type' => '',
  'content-length' => '',
)
[ info ] [ PARAM ] array (
  'id' => '47',
)
[ info ] [ SESSION ] INIT array (
  'id' => '',
  'var_session_id' => '',
  'prefix' => 'think',
  'type' => '',
  'auto_start' => true,
)
[ info ] [ DB ] INIT mysql
[ info ] [ RUN ] app\index\controller\Wenan->view[ /home/www/kc/application/index/controller/Wenan.php ]
[ info ] [ CACHE ] INIT File
[ info ] [ VIEW ] /home/www/kc/public/../application/index/view/wenan/view.html [ array (
  0 => '_controller',
  1 => '_action',
  2 => '_timestamp',
  3 => '_user',
  4 => 'is_mobile',
  5 => 'settings',
  6 => 'one',
) ]
[ info ] [ LOG ] INIT File
[ sql ] [ DB ] CONNECT:[ UseTime:0.000569s ] mysql:dbname=kc;host=127.0.0.1;port=3306;charset=utf8
[ sql ] [ SQL ] SHOW COLUMNS FROM `ppsao_setting` [ RunTime:0.001591s ]
[ sql ] [ SQL ] SELECT * FROM `ppsao_setting`  [ RunTime:0.000419s ]
[ sql ] [ SQL ] SHOW COLUMNS FROM `ppsao_wenan` [ RunTime:0.001791s ]
[ sql ] [ SQL ] SELECT * FROM `ppsao_wenan` WHERE  `id` = 47  AND `is_del` = 0 LIMIT 1     [ RunTime:0.000798s ]
[ sql ] [ SQL ] UPDATE `ppsao_wenan`  SET `views`=views+1,`views2`=views2+1  WHERE  `id` = 47  AND `is_del` = 0     [ RunTime:0.046960s ]

---------------------------------------------------------------
[ 2017-06-26T10:28:18+08:00 ] 10.0.0.249 220.189.193.13 GET /admin/wenan/edit.html?id=47
[ log ] kc.nbtv.cn/admin/wenan/edit.html?id=47 [运行时间：0.063369s][吞吐率：15.78req/s] [内存消耗：3,525.40kb] [文件加载：56]
[ info ] [ LANG ] /home/www/kc/thinkphp/lang/zh-cn.php
[ info ] [ ROUTE ] array (
  'type' => 'module',
  'module' => 
  array (
    0 => 'admin',
    1 => 'wenan',
    2 => 'edit',
  ),
)
[ info ] [ HEADER ] array (
  'accept' => '*/*',
  'referer' => 'http://kc.nbtv.cn/admin/wenan/index.html',
  'accept-language' => 'zh-CN',
  'user-agent' => 'Mozilla/4.0 (compatible; MSIE 7.0; Windows NT 6.1; WOW64; Trident/7.0; SLCC2; .NET CLR 2.0.50727; .NET CLR 3.5.30729; .NET CLR 3.0.30729; Media Center PC 6.0; .NET4.0C; .NET4.0E; InfoPath.3)',
  'accept-encoding' => 'gzip, deflate',
  'host' => 'kc.nbtv.cn',
  'connection' => 'Keep-Alive',
  'cookie' => 'PHPSESSID=o1psmgkle4ubstm36u62m76me0; auth_login_email=hyp%40nbtv.com.cn',
  'content-type' => '',
  'content-length' => '',
)
[ info ] [ PARAM ] array (
  'id' => '47',
)
[ info ] [ SESSION ] INIT array (
  'id' => '',
  'var_session_id' => '',
  'prefix' => 'think',
  'type' => '',
  'auto_start' => true,
)
[ info ] [ DB ] INIT mysql
[ info ] [ RUN ] app\admin\controller\Wenan->edit[ /home/www/kc/application/admin/controller/Wenan.php ]
[ info ] [ VIEW ] /home/www/kc/public/../application/admin/view/wenan/edit.html [ array (
  0 => '_controller',
  1 => '_action',
  2 => '_timestamp',
  3 => '_user',
  4 => 'settings',
  5 => 'one',
  6 => 'cat_arr',
  7 => 'siet_url',
) ]
[ info ] [ LOG ] INIT File
[ sql ] [ DB ] CONNECT:[ UseTime:0.000649s ] mysql:dbname=kc;host=127.0.0.1;port=3306;charset=utf8
[ sql ] [ SQL ] SHOW COLUMNS FROM `ppsao_admin` [ RunTime:0.001769s ]
[ sql ] [ SQL ] SELECT `id`,`username`,`email`,`realname`,`tel`,`qq`,`sex`,`address`,`lasttime`,`lastip`,`logins`,`is_check_email`,`status`,`updatetime`,`dateline` FROM `ppsao_admin` WHERE  `id` = 12  AND `is_del` = 0 LIMIT 1     [ RunTime:0.000607s ]
[ sql ] [ SQL ] SHOW COLUMNS FROM `ppsao_setting` [ RunTime:0.001463s ]
[ sql ] [ SQL ] SELECT * FROM `ppsao_setting`  [ RunTime:0.000364s ]
[ sql ] [ SQL ] SHOW COLUMNS FROM `ppsao_wenan` [ RunTime:0.001716s ]
[ sql ] [ SQL ] SELECT * FROM `ppsao_wenan` WHERE  `id` = 47  AND `is_del` = 0 LIMIT 1     [ RunTime:0.000775s ]
[ sql ] [ SQL ] SHOW COLUMNS FROM `ppsao_wenan_cat` [ RunTime:0.001243s ]
[ sql ] [ SQL ] SELECT * FROM `ppsao_wenan_cat` WHERE  `is_del` = 0 ORDER BY nav_sort desc,id asc   [ RunTime:0.000461s ]

---------------------------------------------------------------
[ 2017-06-26T10:28:18+08:00 ] 10.0.0.249 220.189.193.13 POST /admin/wenan/loadtemp.html
[ log ] kc.nbtv.cn/admin/wenan/loadtemp.html [运行时间：0.052997s][吞吐率：18.87req/s] [内存消耗：3,342.33kb] [文件加载：55]
[ info ] [ LANG ] /home/www/kc/thinkphp/lang/zh-cn.php
[ info ] [ ROUTE ] array (
  'type' => 'module',
  'module' => 
  array (
    0 => 'admin',
    1 => 'wenan',
    2 => 'loadtemp',
  ),
)
[ info ] [ HEADER ] array (
  'accept' => '*/*',
  'content-type' => 'application/x-www-form-urlencoded; charset=UTF-8',
  'x-requested-with' => 'XMLHttpRequest',
  'referer' => 'http://kc.nbtv.cn/admin/wenan/edit.html?id=47',
  'accept-language' => 'zh-CN',
  'accept-encoding' => 'gzip, deflate',
  'user-agent' => 'Mozilla/4.0 (compatible; MSIE 7.0; Windows NT 6.1; WOW64; Trident/7.0; SLCC2; .NET CLR 2.0.50727; .NET CLR 3.5.30729; .NET CLR 3.0.30729; Media Center PC 6.0; .NET4.0C; .NET4.0E; InfoPath.3)',
  'host' => 'kc.nbtv.cn',
  'content-length' => '10',
  'connection' => 'Keep-Alive',
  'cache-control' => 'no-cache',
  'cookie' => 'PHPSESSID=o1psmgkle4ubstm36u62m76me0; auth_login_email=hyp%40nbtv.com.cn',
)
[ info ] [ PARAM ] array (
  'type' => 'title',
)
[ info ] [ SESSION ] INIT array (
  'id' => '',
  'var_session_id' => '',
  'prefix' => 'think',
  'type' => '',
  'auto_start' => true,
)
[ info ] [ DB ] INIT mysql
[ info ] [ RUN ] app\admin\controller\Wenan->loadtemp[ /home/www/kc/application/admin/controller/Wenan.php ]
[ info ] [ VIEW ] /home/www/kc/public/../application/admin/view/wenan/temp_title.html [ array (
  0 => '_controller',
  1 => '_action',
  2 => '_timestamp',
  3 => '_user',
  4 => 'siet_url',
) ]
[ info ] [ LOG ] INIT File
[ sql ] [ DB ] CONNECT:[ UseTime:0.000581s ] mysql:dbname=kc;host=127.0.0.1;port=3306;charset=utf8
[ sql ] [ SQL ] SHOW COLUMNS FROM `ppsao_admin` [ RunTime:0.001415s ]
[ sql ] [ SQL ] SELECT `id`,`username`,`email`,`realname`,`tel`,`qq`,`sex`,`address`,`lasttime`,`lastip`,`logins`,`is_check_email`,`status`,`updatetime`,`dateline` FROM `ppsao_admin` WHERE  `id` = 12  AND `is_del` = 0 LIMIT 1     [ RunTime:0.000499s ]

---------------------------------------------------------------
[ 2017-06-26T10:28:31+08:00 ] 10.0.0.249 220.189.193.13 GET /admin/wenan/edit.html?id=48
[ log ] kc.nbtv.cn/admin/wenan/edit.html?id=48 [运行时间：0.062973s][吞吐率：15.88req/s] [内存消耗：3,508.83kb] [文件加载：56]
[ info ] [ LANG ] /home/www/kc/thinkphp/lang/zh-cn.php
[ info ] [ ROUTE ] array (
  'type' => 'module',
  'module' => 
  array (
    0 => 'admin',
    1 => 'wenan',
    2 => 'edit',
  ),
)
[ info ] [ HEADER ] array (
  'accept' => '*/*',
  'referer' => 'http://kc.nbtv.cn/admin/wenan/index.html',
  'accept-language' => 'zh-CN',
  'user-agent' => 'Mozilla/4.0 (compatible; MSIE 7.0; Windows NT 6.1; WOW64; Trident/7.0; SLCC2; .NET CLR 2.0.50727; .NET CLR 3.5.30729; .NET CLR 3.0.30729; Media Center PC 6.0; .NET4.0C; .NET4.0E; InfoPath.3)',
  'accept-encoding' => 'gzip, deflate',
  'host' => 'kc.nbtv.cn',
  'connection' => 'Keep-Alive',
  'cookie' => 'PHPSESSID=o1psmgkle4ubstm36u62m76me0; auth_login_email=hyp%40nbtv.com.cn',
  'content-type' => '',
  'content-length' => '',
)
[ info ] [ PARAM ] array (
  'id' => '48',
)
[ info ] [ SESSION ] INIT array (
  'id' => '',
  'var_session_id' => '',
  'prefix' => 'think',
  'type' => '',
  'auto_start' => true,
)
[ info ] [ DB ] INIT mysql
[ info ] [ RUN ] app\admin\controller\Wenan->edit[ /home/www/kc/application/admin/controller/Wenan.php ]
[ info ] [ VIEW ] /home/www/kc/public/../application/admin/view/wenan/edit.html [ array (
  0 => '_controller',
  1 => '_action',
  2 => '_timestamp',
  3 => '_user',
  4 => 'settings',
  5 => 'one',
  6 => 'cat_arr',
  7 => 'siet_url',
) ]
[ info ] [ LOG ] INIT File
[ sql ] [ DB ] CONNECT:[ UseTime:0.000756s ] mysql:dbname=kc;host=127.0.0.1;port=3306;charset=utf8
[ sql ] [ SQL ] SHOW COLUMNS FROM `ppsao_admin` [ RunTime:0.001695s ]
[ sql ] [ SQL ] SELECT `id`,`username`,`email`,`realname`,`tel`,`qq`,`sex`,`address`,`lasttime`,`lastip`,`logins`,`is_check_email`,`status`,`updatetime`,`dateline` FROM `ppsao_admin` WHERE  `id` = 12  AND `is_del` = 0 LIMIT 1     [ RunTime:0.000757s ]
[ sql ] [ SQL ] SHOW COLUMNS FROM `ppsao_setting` [ RunTime:0.001373s ]
[ sql ] [ SQL ] SELECT * FROM `ppsao_setting`  [ RunTime:0.000399s ]
[ sql ] [ SQL ] SHOW COLUMNS FROM `ppsao_wenan` [ RunTime:0.001814s ]
[ sql ] [ SQL ] SELECT * FROM `ppsao_wenan` WHERE  `id` = 48  AND `is_del` = 0 LIMIT 1     [ RunTime:0.000787s ]
[ sql ] [ SQL ] SHOW COLUMNS FROM `ppsao_wenan_cat` [ RunTime:0.001386s ]
[ sql ] [ SQL ] SELECT * FROM `ppsao_wenan_cat` WHERE  `is_del` = 0 ORDER BY nav_sort desc,id asc   [ RunTime:0.000298s ]

---------------------------------------------------------------
[ 2017-06-26T10:28:31+08:00 ] 10.0.0.249 220.189.193.13 POST /admin/wenan/loadtemp.html
[ log ] kc.nbtv.cn/admin/wenan/loadtemp.html [运行时间：0.051448s][吞吐率：19.44req/s] [内存消耗：3,342.33kb] [文件加载：55]
[ info ] [ LANG ] /home/www/kc/thinkphp/lang/zh-cn.php
[ info ] [ ROUTE ] array (
  'type' => 'module',
  'module' => 
  array (
    0 => 'admin',
    1 => 'wenan',
    2 => 'loadtemp',
  ),
)
[ info ] [ HEADER ] array (
  'accept' => '*/*',
  'content-type' => 'application/x-www-form-urlencoded; charset=UTF-8',
  'x-requested-with' => 'XMLHttpRequest',
  'referer' => 'http://kc.nbtv.cn/admin/wenan/edit.html?id=48',
  'accept-language' => 'zh-CN',
  'accept-encoding' => 'gzip, deflate',
  'user-agent' => 'Mozilla/4.0 (compatible; MSIE 7.0; Windows NT 6.1; WOW64; Trident/7.0; SLCC2; .NET CLR 2.0.50727; .NET CLR 3.5.30729; .NET CLR 3.0.30729; Media Center PC 6.0; .NET4.0C; .NET4.0E; InfoPath.3)',
  'host' => 'kc.nbtv.cn',
  'content-length' => '10',
  'connection' => 'Keep-Alive',
  'cache-control' => 'no-cache',
  'cookie' => 'PHPSESSID=o1psmgkle4ubstm36u62m76me0; auth_login_email=hyp%40nbtv.com.cn',
)
[ info ] [ PARAM ] array (
  'type' => 'title',
)
[ info ] [ SESSION ] INIT array (
  'id' => '',
  'var_session_id' => '',
  'prefix' => 'think',
  'type' => '',
  'auto_start' => true,
)
[ info ] [ DB ] INIT mysql
[ info ] [ RUN ] app\admin\controller\Wenan->loadtemp[ /home/www/kc/application/admin/controller/Wenan.php ]
[ info ] [ VIEW ] /home/www/kc/public/../application/admin/view/wenan/temp_title.html [ array (
  0 => '_controller',
  1 => '_action',
  2 => '_timestamp',
  3 => '_user',
  4 => 'siet_url',
) ]
[ info ] [ LOG ] INIT File
[ sql ] [ DB ] CONNECT:[ UseTime:0.000644s ] mysql:dbname=kc;host=127.0.0.1;port=3306;charset=utf8
[ sql ] [ SQL ] SHOW COLUMNS FROM `ppsao_admin` [ RunTime:0.001778s ]
[ sql ] [ SQL ] SELECT `id`,`username`,`email`,`realname`,`tel`,`qq`,`sex`,`address`,`lasttime`,`lastip`,`logins`,`is_check_email`,`status`,`updatetime`,`dateline` FROM `ppsao_admin` WHERE  `id` = 12  AND `is_del` = 0 LIMIT 1     [ RunTime:0.000536s ]

---------------------------------------------------------------
[ 2017-06-26T10:30:21+08:00 ] 10.0.0.249 220.189.193.13 GET /admin/wenan/edit.html?id=48
[ log ] kc.nbtv.cn/admin/wenan/edit.html?id=48 [运行时间：0.061703s][吞吐率：16.21req/s] [内存消耗：3,508.83kb] [文件加载：56]
[ info ] [ LANG ] /home/www/kc/thinkphp/lang/zh-cn.php
[ info ] [ ROUTE ] array (
  'type' => 'module',
  'module' => 
  array (
    0 => 'admin',
    1 => 'wenan',
    2 => 'edit',
  ),
)
[ info ] [ HEADER ] array (
  'accept' => '*/*',
  'referer' => 'http://kc.nbtv.cn/admin/wenan/index.html',
  'accept-language' => 'zh-CN',
  'user-agent' => 'Mozilla/4.0 (compatible; MSIE 7.0; Windows NT 6.1; WOW64; Trident/7.0; SLCC2; .NET CLR 2.0.50727; .NET CLR 3.5.30729; .NET CLR 3.0.30729; Media Center PC 6.0; .NET4.0C; .NET4.0E; InfoPath.3)',
  'accept-encoding' => 'gzip, deflate',
  'host' => 'kc.nbtv.cn',
  'connection' => 'Keep-Alive',
  'cookie' => 'PHPSESSID=o1psmgkle4ubstm36u62m76me0; auth_login_email=hyp%40nbtv.com.cn',
  'content-type' => '',
  'content-length' => '',
)
[ info ] [ PARAM ] array (
  'id' => '48',
)
[ info ] [ SESSION ] INIT array (
  'id' => '',
  'var_session_id' => '',
  'prefix' => 'think',
  'type' => '',
  'auto_start' => true,
)
[ info ] [ DB ] INIT mysql
[ info ] [ RUN ] app\admin\controller\Wenan->edit[ /home/www/kc/application/admin/controller/Wenan.php ]
[ info ] [ VIEW ] /home/www/kc/public/../application/admin/view/wenan/edit.html [ array (
  0 => '_controller',
  1 => '_action',
  2 => '_timestamp',
  3 => '_user',
  4 => 'settings',
  5 => 'one',
  6 => 'cat_arr',
  7 => 'siet_url',
) ]
[ info ] [ LOG ] INIT File
[ sql ] [ DB ] CONNECT:[ UseTime:0.000584s ] mysql:dbname=kc;host=127.0.0.1;port=3306;charset=utf8
[ sql ] [ SQL ] SHOW COLUMNS FROM `ppsao_admin` [ RunTime:0.001671s ]
[ sql ] [ SQL ] SELECT `id`,`username`,`email`,`realname`,`tel`,`qq`,`sex`,`address`,`lasttime`,`lastip`,`logins`,`is_check_email`,`status`,`updatetime`,`dateline` FROM `ppsao_admin` WHERE  `id` = 12  AND `is_del` = 0 LIMIT 1     [ RunTime:0.000574s ]
[ sql ] [ SQL ] SHOW COLUMNS FROM `ppsao_setting` [ RunTime:0.001355s ]
[ sql ] [ SQL ] SELECT * FROM `ppsao_setting`  [ RunTime:0.000330s ]
[ sql ] [ SQL ] SHOW COLUMNS FROM `ppsao_wenan` [ RunTime:0.001608s ]
[ sql ] [ SQL ] SELECT * FROM `ppsao_wenan` WHERE  `id` = 48  AND `is_del` = 0 LIMIT 1     [ RunTime:0.000493s ]
[ sql ] [ SQL ] SHOW COLUMNS FROM `ppsao_wenan_cat` [ RunTime:0.001225s ]
[ sql ] [ SQL ] SELECT * FROM `ppsao_wenan_cat` WHERE  `is_del` = 0 ORDER BY nav_sort desc,id asc   [ RunTime:0.000372s ]

---------------------------------------------------------------
[ 2017-06-26T10:30:22+08:00 ] 10.0.0.249 220.189.193.13 POST /admin/wenan/loadtemp.html
[ log ] kc.nbtv.cn/admin/wenan/loadtemp.html [运行时间：0.053843s][吞吐率：18.57req/s] [内存消耗：3,342.33kb] [文件加载：55]
[ info ] [ LANG ] /home/www/kc/thinkphp/lang/zh-cn.php
[ info ] [ ROUTE ] array (
  'type' => 'module',
  'module' => 
  array (
    0 => 'admin',
    1 => 'wenan',
    2 => 'loadtemp',
  ),
)
[ info ] [ HEADER ] array (
  'accept' => '*/*',
  'content-type' => 'application/x-www-form-urlencoded; charset=UTF-8',
  'x-requested-with' => 'XMLHttpRequest',
  'referer' => 'http://kc.nbtv.cn/admin/wenan/edit.html?id=48',
  'accept-language' => 'zh-CN',
  'accept-encoding' => 'gzip, deflate',
  'user-agent' => 'Mozilla/4.0 (compatible; MSIE 7.0; Windows NT 6.1; WOW64; Trident/7.0; SLCC2; .NET CLR 2.0.50727; .NET CLR 3.5.30729; .NET CLR 3.0.30729; Media Center PC 6.0; .NET4.0C; .NET4.0E; InfoPath.3)',
  'host' => 'kc.nbtv.cn',
  'content-length' => '10',
  'connection' => 'Keep-Alive',
  'cache-control' => 'no-cache',
  'cookie' => 'PHPSESSID=o1psmgkle4ubstm36u62m76me0; auth_login_email=hyp%40nbtv.com.cn',
)
[ info ] [ PARAM ] array (
  'type' => 'title',
)
[ info ] [ SESSION ] INIT array (
  'id' => '',
  'var_session_id' => '',
  'prefix' => 'think',
  'type' => '',
  'auto_start' => true,
)
[ info ] [ DB ] INIT mysql
[ info ] [ RUN ] app\admin\controller\Wenan->loadtemp[ /home/www/kc/application/admin/controller/Wenan.php ]
[ info ] [ VIEW ] /home/www/kc/public/../application/admin/view/wenan/temp_title.html [ array (
  0 => '_controller',
  1 => '_action',
  2 => '_timestamp',
  3 => '_user',
  4 => 'siet_url',
) ]
[ info ] [ LOG ] INIT File
[ sql ] [ DB ] CONNECT:[ UseTime:0.000710s ] mysql:dbname=kc;host=127.0.0.1;port=3306;charset=utf8
[ sql ] [ SQL ] SHOW COLUMNS FROM `ppsao_admin` [ RunTime:0.001721s ]
[ sql ] [ SQL ] SELECT `id`,`username`,`email`,`realname`,`tel`,`qq`,`sex`,`address`,`lasttime`,`lastip`,`logins`,`is_check_email`,`status`,`updatetime`,`dateline` FROM `ppsao_admin` WHERE  `id` = 12  AND `is_del` = 0 LIMIT 1     [ RunTime:0.000537s ]

---------------------------------------------------------------
[ 2017-06-26T10:43:49+08:00 ] 10.0.0.249 220.189.193.13 GET /index/wenan/view.html?id=47
[ log ] kc.nbtv.cn/index/wenan/view.html?id=47 [运行时间：0.123194s][吞吐率：8.12req/s] [内存消耗：3,512.70kb] [文件加载：59]
[ info ] [ LANG ] /home/www/kc/thinkphp/lang/zh-cn.php
[ info ] [ ROUTE ] array (
  'type' => 'module',
  'module' => 
  array (
    0 => 'index',
    1 => 'wenan',
    2 => 'view',
  ),
)
[ info ] [ HEADER ] array (
  'host' => 'kc.nbtv.cn',
  'connection' => 'keep-alive',
  'accept' => 'text/html,application/xhtml+xml,application/xml;q=0.9,image/webp,*/*;q=0.8',
  'upgrade-insecure-requests' => '1',
  'user-agent' => 'Mozilla/5.0 (Windows NT 6.1; WOW64) AppleWebKit/537.36 (KHTML, like Gecko) Chrome/45.0.2454.101 Safari/537.36',
  'referer' => 'http://kc.nbtv.cn/admin/wenan/index.html',
  'accept-encoding' => 'gzip, deflate, sdch',
  'accept-language' => 'zh-CN,zh;q=0.8',
  'cookie' => 'PHPSESSID=o1psmgkle4ubstm36u62m76me0; auth_login_email=hyp%40nbtv.com.cn',
  'content-type' => '',
  'content-length' => '',
)
[ info ] [ PARAM ] array (
  'id' => '47',
)
[ info ] [ SESSION ] INIT array (
  'id' => '',
  'var_session_id' => '',
  'prefix' => 'think',
  'type' => '',
  'auto_start' => true,
)
[ info ] [ DB ] INIT mysql
[ info ] [ RUN ] app\index\controller\Wenan->view[ /home/www/kc/application/index/controller/Wenan.php ]
[ info ] [ CACHE ] INIT File
[ info ] [ VIEW ] /home/www/kc/public/../application/index/view/wenan/view.html [ array (
  0 => '_controller',
  1 => '_action',
  2 => '_timestamp',
  3 => '_user',
  4 => 'is_mobile',
  5 => 'settings',
  6 => 'one',
) ]
[ info ] [ LOG ] INIT File
[ sql ] [ DB ] CONNECT:[ UseTime:0.000714s ] mysql:dbname=kc;host=127.0.0.1;port=3306;charset=utf8
[ sql ] [ SQL ] SHOW COLUMNS FROM `ppsao_setting` [ RunTime:0.001675s ]
[ sql ] [ SQL ] SELECT * FROM `ppsao_setting`  [ RunTime:0.000450s ]
[ sql ] [ SQL ] SHOW COLUMNS FROM `ppsao_wenan` [ RunTime:0.001975s ]
[ sql ] [ SQL ] SELECT * FROM `ppsao_wenan` WHERE  `id` = 47  AND `is_del` = 0 LIMIT 1     [ RunTime:0.000589s ]
[ sql ] [ SQL ] UPDATE `ppsao_wenan`  SET `views`=views+1,`views2`=views2+1  WHERE  `id` = 47  AND `is_del` = 0     [ RunTime:0.063154s ]

---------------------------------------------------------------
[ 2017-06-26T10:44:59+08:00 ] 10.0.0.249 220.189.193.13 GET /admin
[ log ] kc.nbtv.cn/admin [运行时间：0.049967s][吞吐率：20.01req/s] [内存消耗：3,077.61kb] [文件加载：54]
[ info ] [ LANG ] /home/www/kc/thinkphp/lang/zh-cn.php
[ info ] [ ROUTE ] array (
  'type' => 'module',
  'module' => 
  array (
    0 => 'admin',
    1 => NULL,
    2 => NULL,
  ),
)
[ info ] [ HEADER ] array (
  'host' => 'kc.nbtv.cn',
  'user-agent' => 'Mozilla/5.0 (Windows NT 6.1; WOW64; rv:54.0) Gecko/20100101 Firefox/54.0',
  'accept' => 'text/html,application/xhtml+xml,application/xml;q=0.9,*/*;q=0.8',
  'accept-language' => 'zh-CN,zh;q=0.8,en-US;q=0.5,en;q=0.3',
  'accept-encoding' => 'gzip, deflate',
  'cookie' => '_gscu_1227423144=53881968u14ugp13; auth_login_email=sl%40nbtv.com.cn',
  'connection' => 'keep-alive',
  'upgrade-insecure-requests' => '1',
  'content-type' => '',
  'content-length' => '',
)
[ info ] [ PARAM ] array (
)
[ info ] [ SESSION ] INIT array (
  'id' => '',
  'var_session_id' => '',
  'prefix' => 'think',
  'type' => '',
  'auto_start' => true,
)
[ info ] [ DB ] INIT mysql
[ info ] [ RUN ] app\admin\controller\Index->index[ /home/www/kc/application/admin/controller/Index.php ]
[ info ] [ VIEW ] /home/www/kc/public/../application/admin/view/index/index.html [ array (
  0 => '_controller',
  1 => '_action',
  2 => '_timestamp',
  3 => '_user',
  4 => 'settings',
  5 => 'auth_login_email',
) ]
[ info ] [ LOG ] INIT File
[ sql ] [ DB ] CONNECT:[ UseTime:0.000773s ] mysql:dbname=kc;host=127.0.0.1;port=3306;charset=utf8
[ sql ] [ SQL ] SHOW COLUMNS FROM `ppsao_setting` [ RunTime:0.001563s ]
[ sql ] [ SQL ] SELECT * FROM `ppsao_setting`  [ RunTime:0.000460s ]

---------------------------------------------------------------
[ 2017-06-26T10:44:59+08:00 ] 10.0.0.249 220.189.193.13 GET /captcha.html
[ log ] kc.nbtv.cn/captcha.html [运行时间：0.031605s][吞吐率：31.64req/s] [内存消耗：1,808.98kb] [文件加载：38]
[ info ] [ LANG ] /home/www/kc/thinkphp/lang/zh-cn.php
[ info ] [ ROUTE ] array (
  'type' => 'method',
  'method' => 
  array (
    0 => '\\think\\captcha\\CaptchaController',
    1 => 'index',
  ),
)
[ info ] [ HEADER ] array (
  'host' => 'kc.nbtv.cn',
  'user-agent' => 'Mozilla/5.0 (Windows NT 6.1; WOW64; rv:54.0) Gecko/20100101 Firefox/54.0',
  'accept' => '*/*',
  'accept-language' => 'zh-CN,zh;q=0.8,en-US;q=0.5,en;q=0.3',
  'accept-encoding' => 'gzip, deflate',
  'referer' => 'http://kc.nbtv.cn/admin',
  'cookie' => '_gscu_1227423144=53881968u14ugp13; auth_login_email=sl%40nbtv.com.cn; PHPSESSID=uf7etp4duchoil1q3t7607qt84',
  'connection' => 'keep-alive',
  'content-type' => '',
  'content-length' => '',
)
[ info ] [ PARAM ] array (
  'id' => '',
)
[ info ] [ RUN ] think\captcha\CaptchaController->index[ /home/www/kc/vendor/topthink/think-captcha/src/CaptchaController.php ]
[ info ] [ SESSION ] INIT array (
  'id' => '',
  'var_session_id' => '',
  'prefix' => 'think',
  'type' => '',
  'auto_start' => true,
)
[ info ] [ LOG ] INIT File

---------------------------------------------------------------
[ 2017-06-26T10:46:12+08:00 ] 10.0.0.249 220.189.193.13 POST /admin/index/login.html
[ log ] kc.nbtv.cn/admin/index/login.html [运行时间：0.104789s][吞吐率：9.54req/s] [内存消耗：3,556.28kb] [文件加载：61]
[ info ] [ LANG ] /home/www/kc/thinkphp/lang/zh-cn.php
[ info ] [ ROUTE ] array (
  'type' => 'module',
  'module' => 
  array (
    0 => 'admin',
    1 => 'index',
    2 => 'login',
  ),
)
[ info ] [ HEADER ] array (
  'host' => 'kc.nbtv.cn',
  'user-agent' => 'Mozilla/5.0 (Windows NT 6.1; WOW64; rv:54.0) Gecko/20100101 Firefox/54.0',
  'accept' => 'text/html,application/xhtml+xml,application/xml;q=0.9,*/*;q=0.8',
  'accept-language' => 'zh-CN,zh;q=0.8,en-US;q=0.5,en;q=0.3',
  'accept-encoding' => 'gzip, deflate',
  'content-type' => 'application/x-www-form-urlencoded',
  'content-length' => '52',
  'referer' => 'http://kc.nbtv.cn/admin',
  'cookie' => '_gscu_1227423144=53881968u14ugp13; auth_login_email=sl%40nbtv.com.cn; PHPSESSID=uf7etp4duchoil1q3t7607qt84',
  'connection' => 'keep-alive',
  'upgrade-insecure-requests' => '1',
)
[ info ] [ PARAM ] array (
  'email' => 'sl@nbtv.com.cn',
  'password' => '660300',
  'captcha' => '99732',
)
[ info ] [ SESSION ] INIT array (
  'id' => '',
  'var_session_id' => '',
  'prefix' => 'think',
  'type' => '',
  'auto_start' => true,
)
[ info ] [ DB ] INIT mysql
[ info ] [ RUN ] app\admin\controller\Index->login[ /home/www/kc/application/admin/controller/Index.php ]
[ info ] [ CACHE ] INIT File
[ info ] [ VIEW ] /home/www/kc/public/../application/admin/view/public/dispatch_jump.html [ array (
  0 => '_controller',
  1 => '_action',
  2 => '_timestamp',
  3 => '_user',
  4 => 'settings',
  5 => 'code',
  6 => 'msg',
  7 => 'data',
  8 => 'url',
  9 => 'wait',
) ]
[ info ] [ LOG ] INIT File
[ sql ] [ DB ] CONNECT:[ UseTime:0.000760s ] mysql:dbname=kc;host=127.0.0.1;port=3306;charset=utf8
[ sql ] [ SQL ] SHOW COLUMNS FROM `ppsao_setting` [ RunTime:0.001595s ]
[ sql ] [ SQL ] SELECT * FROM `ppsao_setting`  [ RunTime:0.000443s ]
[ sql ] [ SQL ] SHOW COLUMNS FROM `ppsao_admin` [ RunTime:0.001603s ]
[ sql ] [ SQL ] SELECT * FROM `ppsao_admin` WHERE  `email` = 'sl@nbtv.com.cn'  AND `is_del` = 0 LIMIT 1     [ RunTime:0.000730s ]
[ sql ] [ SQL ] UPDATE `ppsao_admin`  SET `username`='',`lasttime`=1498445172,`lastip`='220.189.193.13',`logins`=logins+1  WHERE  `id` = 3       [ RunTime:0.045282s ]

---------------------------------------------------------------
[ 2017-06-26T10:46:13+08:00 ] 10.0.0.249 220.189.193.13 GET /Admin/panel.html
[ log ] kc.nbtv.cn/Admin/panel.html [运行时间：0.052981s][吞吐率：18.87req/s] [内存消耗：3,389.42kb] [文件加载：55]
[ info ] [ LANG ] /home/www/kc/thinkphp/lang/zh-cn.php
[ info ] [ ROUTE ] array (
  'type' => 'module',
  'module' => 
  array (
    0 => 'Admin',
    1 => 'panel',
    2 => NULL,
  ),
)
[ info ] [ HEADER ] array (
  'host' => 'kc.nbtv.cn',
  'user-agent' => 'Mozilla/5.0 (Windows NT 6.1; WOW64; rv:54.0) Gecko/20100101 Firefox/54.0',
  'accept' => 'text/html,application/xhtml+xml,application/xml;q=0.9,*/*;q=0.8',
  'accept-language' => 'zh-CN,zh;q=0.8,en-US;q=0.5,en;q=0.3',
  'accept-encoding' => 'gzip, deflate',
  'referer' => 'http://kc.nbtv.cn/admin/index/login.html',
  'cookie' => '_gscu_1227423144=53881968u14ugp13; auth_login_email=sl%40nbtv.com.cn; PHPSESSID=uf7etp4duchoil1q3t7607qt84',
  'connection' => 'keep-alive',
  'upgrade-insecure-requests' => '1',
  'content-type' => '',
  'content-length' => '',
)
[ info ] [ PARAM ] array (
)
[ info ] [ SESSION ] INIT array (
  'id' => '',
  'var_session_id' => '',
  'prefix' => 'think',
  'type' => '',
  'auto_start' => true,
)
[ info ] [ DB ] INIT mysql
[ info ] [ RUN ] app\admin\controller\Panel->index[ /home/www/kc/application/admin/controller/Panel.php ]
[ info ] [ VIEW ] /home/www/kc/public/../application/admin/view/panel/index.html [ array (
  0 => '_controller',
  1 => '_action',
  2 => '_timestamp',
  3 => '_user',
  4 => 'settings',
) ]
[ info ] [ LOG ] INIT File
[ sql ] [ DB ] CONNECT:[ UseTime:0.000736s ] mysql:dbname=kc;host=127.0.0.1;port=3306;charset=utf8
[ sql ] [ SQL ] SHOW COLUMNS FROM `ppsao_admin` [ RunTime:0.001696s ]
[ sql ] [ SQL ] SELECT `id`,`username`,`email`,`realname`,`tel`,`qq`,`sex`,`address`,`lasttime`,`lastip`,`logins`,`is_check_email`,`status`,`updatetime`,`dateline` FROM `ppsao_admin` WHERE  `id` = 3  AND `is_del` = 0 LIMIT 1     [ RunTime:0.000669s ]
[ sql ] [ SQL ] SHOW COLUMNS FROM `ppsao_setting` [ RunTime:0.001356s ]
[ sql ] [ SQL ] SELECT * FROM `ppsao_setting`  [ RunTime:0.000453s ]

---------------------------------------------------------------
[ 2017-06-26T10:46:15+08:00 ] 10.0.0.249 220.189.193.13 GET /admin/wenan/index.html
[ log ] kc.nbtv.cn/admin/wenan/index.html [运行时间：0.068175s][吞吐率：14.67req/s] [内存消耗：3,699.34kb] [文件加载：60]
[ info ] [ LANG ] /home/www/kc/thinkphp/lang/zh-cn.php
[ info ] [ ROUTE ] array (
  'type' => 'module',
  'module' => 
  array (
    0 => 'admin',
    1 => 'wenan',
    2 => 'index',
  ),
)
[ info ] [ HEADER ] array (
  'host' => 'kc.nbtv.cn',
  'user-agent' => 'Mozilla/5.0 (Windows NT 6.1; WOW64; rv:54.0) Gecko/20100101 Firefox/54.0',
  'accept' => 'text/html,application/xhtml+xml,application/xml;q=0.9,*/*;q=0.8',
  'accept-language' => 'zh-CN,zh;q=0.8,en-US;q=0.5,en;q=0.3',
  'accept-encoding' => 'gzip, deflate',
  'referer' => 'http://kc.nbtv.cn/Admin/panel.html',
  'cookie' => '_gscu_1227423144=53881968u14ugp13; auth_login_email=sl%40nbtv.com.cn; PHPSESSID=uf7etp4duchoil1q3t7607qt84',
  'connection' => 'keep-alive',
  'upgrade-insecure-requests' => '1',
  'content-type' => '',
  'content-length' => '',
)
[ info ] [ PARAM ] array (
)
[ info ] [ SESSION ] INIT array (
  'id' => '',
  'var_session_id' => '',
  'prefix' => 'think',
  'type' => '',
  'auto_start' => true,
)
[ info ] [ DB ] INIT mysql
[ info ] [ RUN ] app\admin\controller\Wenan->index[ /home/www/kc/application/admin/controller/Wenan.php ]
[ info ] [ VIEW ] /home/www/kc/public/../application/admin/view/wenan/index.html [ array (
  0 => '_controller',
  1 => '_action',
  2 => '_timestamp',
  3 => '_user',
  4 => 'settings',
  5 => 'cat_id',
  6 => 'kwd',
  7 => 'pagesize',
  8 => 'list',
  9 => 'cat_arr',
) ]
[ info ] [ LOG ] INIT File
[ sql ] [ DB ] CONNECT:[ UseTime:0.000666s ] mysql:dbname=kc;host=127.0.0.1;port=3306;charset=utf8
[ sql ] [ SQL ] SHOW COLUMNS FROM `ppsao_admin` [ RunTime:0.001679s ]
[ sql ] [ SQL ] SELECT `id`,`username`,`email`,`realname`,`tel`,`qq`,`sex`,`address`,`lasttime`,`lastip`,`logins`,`is_check_email`,`status`,`updatetime`,`dateline` FROM `ppsao_admin` WHERE  `id` = 3  AND `is_del` = 0 LIMIT 1     [ RunTime:0.000685s ]
[ sql ] [ SQL ] SHOW COLUMNS FROM `ppsao_setting` [ RunTime:0.001407s ]
[ sql ] [ SQL ] SELECT * FROM `ppsao_setting`  [ RunTime:0.000300s ]
[ sql ] [ SQL ] SHOW COLUMNS FROM `ppsao_wenan` [ RunTime:0.001776s ]
[ sql ] [ SQL ] SELECT COUNT(*) AS tp_count FROM `ppsao_wenan` WHERE  `is_del` = 0 ORDER BY id desc LIMIT 1    [ RunTime:0.000542s ]
[ sql ] [ SQL ] SELECT * FROM `ppsao_wenan` WHERE  `is_del` = 0 ORDER BY id desc LIMIT 0,5    [ RunTime:0.000788s ]
[ sql ] [ SQL ] SHOW COLUMNS FROM `ppsao_wenan_cat` [ RunTime:0.001324s ]
[ sql ] [ SQL ] SELECT * FROM `ppsao_wenan_cat` WHERE  `is_del` = 0 ORDER BY nav_sort desc,id asc   [ RunTime:0.000326s ]

---------------------------------------------------------------
[ 2017-06-26T10:57:50+08:00 ] 10.0.0.249 220.189.193.13 GET /index/wenan/view.html?id=48
[ log ] kc.nbtv.cn/index/wenan/view.html?id=48 [运行时间：0.126549s][吞吐率：7.90req/s] [内存消耗：3,496.07kb] [文件加载：59]
[ info ] [ LANG ] /home/www/kc/thinkphp/lang/zh-cn.php
[ info ] [ ROUTE ] array (
  'type' => 'module',
  'module' => 
  array (
    0 => 'index',
    1 => 'wenan',
    2 => 'view',
  ),
)
[ info ] [ HEADER ] array (
  'host' => 'kc.nbtv.cn',
  'user-agent' => 'Mozilla/5.0 (Windows NT 6.1; WOW64; rv:54.0) Gecko/20100101 Firefox/54.0',
  'accept' => 'text/html,application/xhtml+xml,application/xml;q=0.9,*/*;q=0.8',
  'accept-language' => 'zh-CN,zh;q=0.8,en-US;q=0.5,en;q=0.3',
  'accept-encoding' => 'gzip, deflate',
  'referer' => 'http://kc.nbtv.cn/admin/wenan/index.html',
  'cookie' => '_gscu_1227423144=53881968u14ugp13; auth_login_email=sl%40nbtv.com.cn; PHPSESSID=uf7etp4duchoil1q3t7607qt84',
  'connection' => 'keep-alive',
  'upgrade-insecure-requests' => '1',
  'content-type' => '',
  'content-length' => '',
)
[ info ] [ PARAM ] array (
  'id' => '48',
)
[ info ] [ SESSION ] INIT array (
  'id' => '',
  'var_session_id' => '',
  'prefix' => 'think',
  'type' => '',
  'auto_start' => true,
)
[ info ] [ DB ] INIT mysql
[ info ] [ RUN ] app\index\controller\Wenan->view[ /home/www/kc/application/index/controller/Wenan.php ]
[ info ] [ CACHE ] INIT File
[ info ] [ VIEW ] /home/www/kc/public/../application/index/view/wenan/view.html [ array (
  0 => '_controller',
  1 => '_action',
  2 => '_timestamp',
  3 => '_user',
  4 => 'is_mobile',
  5 => 'settings',
  6 => 'one',
) ]
[ info ] [ LOG ] INIT File
[ sql ] [ DB ] CONNECT:[ UseTime:0.000655s ] mysql:dbname=kc;host=127.0.0.1;port=3306;charset=utf8
[ sql ] [ SQL ] SHOW COLUMNS FROM `ppsao_setting` [ RunTime:0.001263s ]
[ sql ] [ SQL ] SELECT * FROM `ppsao_setting`  [ RunTime:0.000373s ]
[ sql ] [ SQL ] SHOW COLUMNS FROM `ppsao_wenan` [ RunTime:0.001434s ]
[ sql ] [ SQL ] SELECT * FROM `ppsao_wenan` WHERE  `id` = 48  AND `is_del` = 0 LIMIT 1     [ RunTime:0.000749s ]
[ sql ] [ SQL ] UPDATE `ppsao_wenan`  SET `views`=views+1,`views2`=views2+1  WHERE  `id` = 48  AND `is_del` = 0     [ RunTime:0.065661s ]

---------------------------------------------------------------
[ 2017-06-26T10:57:53+08:00 ] 10.0.0.249 220.189.193.13 GET /index/wenan/view.html?id=47
[ log ] kc.nbtv.cn/index/wenan/view.html?id=47 [运行时间：0.105950s][吞吐率：9.44req/s] [内存消耗：3,512.68kb] [文件加载：59]
[ info ] [ LANG ] /home/www/kc/thinkphp/lang/zh-cn.php
[ info ] [ ROUTE ] array (
  'type' => 'module',
  'module' => 
  array (
    0 => 'index',
    1 => 'wenan',
    2 => 'view',
  ),
)
[ info ] [ HEADER ] array (
  'host' => 'kc.nbtv.cn',
  'user-agent' => 'Mozilla/5.0 (Windows NT 6.1; WOW64; rv:54.0) Gecko/20100101 Firefox/54.0',
  'accept' => 'text/html,application/xhtml+xml,application/xml;q=0.9,*/*;q=0.8',
  'accept-language' => 'zh-CN,zh;q=0.8,en-US;q=0.5,en;q=0.3',
  'accept-encoding' => 'gzip, deflate',
  'referer' => 'http://kc.nbtv.cn/admin/wenan/index.html',
  'cookie' => '_gscu_1227423144=53881968u14ugp13; auth_login_email=sl%40nbtv.com.cn; PHPSESSID=uf7etp4duchoil1q3t7607qt84',
  'connection' => 'keep-alive',
  'upgrade-insecure-requests' => '1',
  'content-type' => '',
  'content-length' => '',
)
[ info ] [ PARAM ] array (
  'id' => '47',
)
[ info ] [ SESSION ] INIT array (
  'id' => '',
  'var_session_id' => '',
  'prefix' => 'think',
  'type' => '',
  'auto_start' => true,
)
[ info ] [ DB ] INIT mysql
[ info ] [ RUN ] app\index\controller\Wenan->view[ /home/www/kc/application/index/controller/Wenan.php ]
[ info ] [ CACHE ] INIT File
[ info ] [ VIEW ] /home/www/kc/public/../application/index/view/wenan/view.html [ array (
  0 => '_controller',
  1 => '_action',
  2 => '_timestamp',
  3 => '_user',
  4 => 'is_mobile',
  5 => 'settings',
  6 => 'one',
) ]
[ info ] [ LOG ] INIT File
[ sql ] [ DB ] CONNECT:[ UseTime:0.000628s ] mysql:dbname=kc;host=127.0.0.1;port=3306;charset=utf8
[ sql ] [ SQL ] SHOW COLUMNS FROM `ppsao_setting` [ RunTime:0.001213s ]
[ sql ] [ SQL ] SELECT * FROM `ppsao_setting`  [ RunTime:0.000397s ]
[ sql ] [ SQL ] SHOW COLUMNS FROM `ppsao_wenan` [ RunTime:0.001406s ]
[ sql ] [ SQL ] SELECT * FROM `ppsao_wenan` WHERE  `id` = 47  AND `is_del` = 0 LIMIT 1     [ RunTime:0.000805s ]
[ sql ] [ SQL ] UPDATE `ppsao_wenan`  SET `views`=views+1,`views2`=views2+1  WHERE  `id` = 47  AND `is_del` = 0     [ RunTime:0.046280s ]

---------------------------------------------------------------
[ 2017-06-26T11:02:58+08:00 ] 10.0.0.249 220.189.193.13 GET /admin/wenan/index.html?kwd=&cat_id=11&pagesize=5
[ log ] kc.nbtv.cn/admin/wenan/index.html?kwd=&cat_id=11&pagesize=5 [运行时间：0.065239s][吞吐率：15.33req/s] [内存消耗：3,634.77kb] [文件加载：60]
[ info ] [ LANG ] /home/www/kc/thinkphp/lang/zh-cn.php
[ info ] [ ROUTE ] array (
  'type' => 'module',
  'module' => 
  array (
    0 => 'admin',
    1 => 'wenan',
    2 => 'index',
  ),
)
[ info ] [ HEADER ] array (
  'host' => 'kc.nbtv.cn',
  'user-agent' => 'Mozilla/5.0 (Windows NT 6.1; WOW64; rv:54.0) Gecko/20100101 Firefox/54.0',
  'accept' => 'text/html,application/xhtml+xml,application/xml;q=0.9,*/*;q=0.8',
  'accept-language' => 'zh-CN,zh;q=0.8,en-US;q=0.5,en;q=0.3',
  'accept-encoding' => 'gzip, deflate',
  'referer' => 'http://kc.nbtv.cn/admin/wenan/index.html',
  'cookie' => '_gscu_1227423144=53881968u14ugp13; auth_login_email=sl%40nbtv.com.cn; PHPSESSID=uf7etp4duchoil1q3t7607qt84',
  'connection' => 'keep-alive',
  'upgrade-insecure-requests' => '1',
  'content-type' => '',
  'content-length' => '',
)
[ info ] [ PARAM ] array (
  'kwd' => '',
  'cat_id' => '11',
  'pagesize' => '5',
)
[ info ] [ SESSION ] INIT array (
  'id' => '',
  'var_session_id' => '',
  'prefix' => 'think',
  'type' => '',
  'auto_start' => true,
)
[ info ] [ DB ] INIT mysql
[ info ] [ RUN ] app\admin\controller\Wenan->index[ /home/www/kc/application/admin/controller/Wenan.php ]
[ info ] [ VIEW ] /home/www/kc/public/../application/admin/view/wenan/index.html [ array (
  0 => '_controller',
  1 => '_action',
  2 => '_timestamp',
  3 => '_user',
  4 => 'settings',
  5 => 'cat_id',
  6 => 'kwd',
  7 => 'pagesize',
  8 => 'list',
  9 => 'cat_arr',
) ]
[ info ] [ LOG ] INIT File
[ sql ] [ DB ] CONNECT:[ UseTime:0.000696s ] mysql:dbname=kc;host=127.0.0.1;port=3306;charset=utf8
[ sql ] [ SQL ] SHOW COLUMNS FROM `ppsao_admin` [ RunTime:0.001748s ]
[ sql ] [ SQL ] SELECT `id`,`username`,`email`,`realname`,`tel`,`qq`,`sex`,`address`,`lasttime`,`lastip`,`logins`,`is_check_email`,`status`,`updatetime`,`dateline` FROM `ppsao_admin` WHERE  `id` = 3  AND `is_del` = 0 LIMIT 1     [ RunTime:0.000641s ]
[ sql ] [ SQL ] SHOW COLUMNS FROM `ppsao_setting` [ RunTime:0.001344s ]
[ sql ] [ SQL ] SELECT * FROM `ppsao_setting`  [ RunTime:0.000357s ]
[ sql ] [ SQL ] SHOW COLUMNS FROM `ppsao_wenan` [ RunTime:0.001652s ]
[ sql ] [ SQL ] SELECT COUNT(*) AS tp_count FROM `ppsao_wenan` WHERE  `is_del` = 0  AND `catid` = 11 ORDER BY id desc LIMIT 1     [ RunTime:0.000563s ]
[ sql ] [ SQL ] SELECT * FROM `ppsao_wenan` WHERE  `is_del` = 0  AND `catid` = 11 ORDER BY id desc LIMIT 0,5     [ RunTime:0.000769s ]
[ sql ] [ SQL ] SHOW COLUMNS FROM `ppsao_wenan_cat` [ RunTime:0.001210s ]
[ sql ] [ SQL ] SELECT * FROM `ppsao_wenan_cat` WHERE  `is_del` = 0 ORDER BY nav_sort desc,id asc   [ RunTime:0.000401s ]

---------------------------------------------------------------
[ 2017-06-26T11:03:59+08:00 ] 10.0.0.249 220.189.193.13 GET /admin/wenan/cat.html
[ log ] kc.nbtv.cn/admin/wenan/cat.html [运行时间：0.063269s][吞吐率：15.81req/s] [内存消耗：3,634.20kb] [文件加载：61]
[ info ] [ LANG ] /home/www/kc/thinkphp/lang/zh-cn.php
[ info ] [ ROUTE ] array (
  'type' => 'module',
  'module' => 
  array (
    0 => 'admin',
    1 => 'wenan',
    2 => 'cat',
  ),
)
[ info ] [ HEADER ] array (
  'host' => 'kc.nbtv.cn',
  'user-agent' => 'Mozilla/5.0 (Windows NT 6.1; WOW64; rv:54.0) Gecko/20100101 Firefox/54.0',
  'accept' => 'text/html,application/xhtml+xml,application/xml;q=0.9,*/*;q=0.8',
  'accept-language' => 'zh-CN,zh;q=0.8,en-US;q=0.5,en;q=0.3',
  'accept-encoding' => 'gzip, deflate',
  'referer' => 'http://kc.nbtv.cn/admin/wenan/index.html?kwd=&cat_id=11&pagesize=5',
  'cookie' => '_gscu_1227423144=53881968u14ugp13; auth_login_email=sl%40nbtv.com.cn; PHPSESSID=uf7etp4duchoil1q3t7607qt84',
  'connection' => 'keep-alive',
  'upgrade-insecure-requests' => '1',
  'content-type' => '',
  'content-length' => '',
)
[ info ] [ PARAM ] array (
)
[ info ] [ SESSION ] INIT array (
  'id' => '',
  'var_session_id' => '',
  'prefix' => 'think',
  'type' => '',
  'auto_start' => true,
)
[ info ] [ DB ] INIT mysql
[ info ] [ RUN ] app\admin\controller\Wenan->cat[ /home/www/kc/application/admin/controller/Wenan.php ]
[ info ] [ VIEW ] /home/www/kc/public/../application/admin/view/wenan/cat.html [ array (
  0 => '_controller',
  1 => '_action',
  2 => '_timestamp',
  3 => '_user',
  4 => 'settings',
  5 => 'pid',
  6 => 'kwd',
  7 => 'pagesize',
  8 => 'list',
) ]
[ info ] [ LOG ] INIT File
[ sql ] [ DB ] CONNECT:[ UseTime:0.000804s ] mysql:dbname=kc;host=127.0.0.1;port=3306;charset=utf8
[ sql ] [ SQL ] SHOW COLUMNS FROM `ppsao_admin` [ RunTime:0.001767s ]
[ sql ] [ SQL ] SELECT `id`,`username`,`email`,`realname`,`tel`,`qq`,`sex`,`address`,`lasttime`,`lastip`,`logins`,`is_check_email`,`status`,`updatetime`,`dateline` FROM `ppsao_admin` WHERE  `id` = 3  AND `is_del` = 0 LIMIT 1     [ RunTime:0.000718s ]
[ sql ] [ SQL ] SHOW COLUMNS FROM `ppsao_setting` [ RunTime:0.001437s ]
[ sql ] [ SQL ] SELECT * FROM `ppsao_setting`  [ RunTime:0.000322s ]
[ sql ] [ SQL ] SHOW COLUMNS FROM `ppsao_wenan_cat` [ RunTime:0.001315s ]
[ sql ] [ SQL ] SELECT COUNT(*) AS tp_count FROM `ppsao_wenan_cat` WHERE  `pid` = 0  AND `is_del` = 0 ORDER BY nav_sort desc,id asc LIMIT 1     [ RunTime:0.000381s ]
[ sql ] [ SQL ] SELECT * FROM `ppsao_wenan_cat` WHERE  `pid` = 0  AND `is_del` = 0 ORDER BY nav_sort desc,id asc LIMIT 0,5     [ RunTime:0.000353s ]

---------------------------------------------------------------
[ 2017-06-26T11:04:00+08:00 ] 10.0.0.249 220.189.193.13 GET /admin/wenan/index.html
[ log ] kc.nbtv.cn/admin/wenan/index.html [运行时间：0.065721s][吞吐率：15.22req/s] [内存消耗：3,699.55kb] [文件加载：60]
[ info ] [ LANG ] /home/www/kc/thinkphp/lang/zh-cn.php
[ info ] [ ROUTE ] array (
  'type' => 'module',
  'module' => 
  array (
    0 => 'admin',
    1 => 'wenan',
    2 => 'index',
  ),
)
[ info ] [ HEADER ] array (
  'host' => 'kc.nbtv.cn',
  'user-agent' => 'Mozilla/5.0 (Windows NT 6.1; WOW64; rv:54.0) Gecko/20100101 Firefox/54.0',
  'accept' => 'text/html,application/xhtml+xml,application/xml;q=0.9,*/*;q=0.8',
  'accept-language' => 'zh-CN,zh;q=0.8,en-US;q=0.5,en;q=0.3',
  'accept-encoding' => 'gzip, deflate',
  'referer' => 'http://kc.nbtv.cn/admin/wenan/cat.html',
  'cookie' => '_gscu_1227423144=53881968u14ugp13; auth_login_email=sl%40nbtv.com.cn; PHPSESSID=uf7etp4duchoil1q3t7607qt84',
  'connection' => 'keep-alive',
  'upgrade-insecure-requests' => '1',
  'content-type' => '',
  'content-length' => '',
)
[ info ] [ PARAM ] array (
)
[ info ] [ SESSION ] INIT array (
  'id' => '',
  'var_session_id' => '',
  'prefix' => 'think',
  'type' => '',
  'auto_start' => true,
)
[ info ] [ DB ] INIT mysql
[ info ] [ RUN ] app\admin\controller\Wenan->index[ /home/www/kc/application/admin/controller/Wenan.php ]
[ info ] [ VIEW ] /home/www/kc/public/../application/admin/view/wenan/index.html [ array (
  0 => '_controller',
  1 => '_action',
  2 => '_timestamp',
  3 => '_user',
  4 => 'settings',
  5 => 'cat_id',
  6 => 'kwd',
  7 => 'pagesize',
  8 => 'list',
  9 => 'cat_arr',
) ]
[ info ] [ LOG ] INIT File
[ sql ] [ DB ] CONNECT:[ UseTime:0.000622s ] mysql:dbname=kc;host=127.0.0.1;port=3306;charset=utf8
[ sql ] [ SQL ] SHOW COLUMNS FROM `ppsao_admin` [ RunTime:0.001720s ]
[ sql ] [ SQL ] SELECT `id`,`username`,`email`,`realname`,`tel`,`qq`,`sex`,`address`,`lasttime`,`lastip`,`logins`,`is_check_email`,`status`,`updatetime`,`dateline` FROM `ppsao_admin` WHERE  `id` = 3  AND `is_del` = 0 LIMIT 1     [ RunTime:0.000703s ]
[ sql ] [ SQL ] SHOW COLUMNS FROM `ppsao_setting` [ RunTime:0.001356s ]
[ sql ] [ SQL ] SELECT * FROM `ppsao_setting`  [ RunTime:0.000363s ]
[ sql ] [ SQL ] SHOW COLUMNS FROM `ppsao_wenan` [ RunTime:0.001758s ]
[ sql ] [ SQL ] SELECT COUNT(*) AS tp_count FROM `ppsao_wenan` WHERE  `is_del` = 0 ORDER BY id desc LIMIT 1    [ RunTime:0.000468s ]
[ sql ] [ SQL ] SELECT * FROM `ppsao_wenan` WHERE  `is_del` = 0 ORDER BY id desc LIMIT 0,5    [ RunTime:0.000786s ]
[ sql ] [ SQL ] SHOW COLUMNS FROM `ppsao_wenan_cat` [ RunTime:0.001295s ]
[ sql ] [ SQL ] SELECT * FROM `ppsao_wenan_cat` WHERE  `is_del` = 0 ORDER BY nav_sort desc,id asc   [ RunTime:0.000373s ]

---------------------------------------------------------------
[ 2017-06-26T11:04:11+08:00 ] 10.0.0.249 220.189.193.13 GET /index/wenan/view.html?id=47
[ log ] kc.nbtv.cn/index/wenan/view.html?id=47 [运行时间：0.123939s][吞吐率：8.07req/s] [内存消耗：3,512.68kb] [文件加载：59]
[ info ] [ LANG ] /home/www/kc/thinkphp/lang/zh-cn.php
[ info ] [ ROUTE ] array (
  'type' => 'module',
  'module' => 
  array (
    0 => 'index',
    1 => 'wenan',
    2 => 'view',
  ),
)
[ info ] [ HEADER ] array (
  'host' => 'kc.nbtv.cn',
  'user-agent' => 'Mozilla/5.0 (Windows NT 6.1; WOW64; rv:54.0) Gecko/20100101 Firefox/54.0',
  'accept' => 'text/html,application/xhtml+xml,application/xml;q=0.9,*/*;q=0.8',
  'accept-language' => 'zh-CN,zh;q=0.8,en-US;q=0.5,en;q=0.3',
  'accept-encoding' => 'gzip, deflate',
  'referer' => 'http://kc.nbtv.cn/admin/wenan/index.html',
  'cookie' => '_gscu_1227423144=53881968u14ugp13; auth_login_email=sl%40nbtv.com.cn; PHPSESSID=uf7etp4duchoil1q3t7607qt84',
  'connection' => 'keep-alive',
  'upgrade-insecure-requests' => '1',
  'content-type' => '',
  'content-length' => '',
)
[ info ] [ PARAM ] array (
  'id' => '47',
)
[ info ] [ SESSION ] INIT array (
  'id' => '',
  'var_session_id' => '',
  'prefix' => 'think',
  'type' => '',
  'auto_start' => true,
)
[ info ] [ DB ] INIT mysql
[ info ] [ RUN ] app\index\controller\Wenan->view[ /home/www/kc/application/index/controller/Wenan.php ]
[ info ] [ CACHE ] INIT File
[ info ] [ VIEW ] /home/www/kc/public/../application/index/view/wenan/view.html [ array (
  0 => '_controller',
  1 => '_action',
  2 => '_timestamp',
  3 => '_user',
  4 => 'is_mobile',
  5 => 'settings',
  6 => 'one',
) ]
[ info ] [ LOG ] INIT File
[ sql ] [ DB ] CONNECT:[ UseTime:0.000603s ] mysql:dbname=kc;host=127.0.0.1;port=3306;charset=utf8
[ sql ] [ SQL ] SHOW COLUMNS FROM `ppsao_setting` [ RunTime:0.001243s ]
[ sql ] [ SQL ] SELECT * FROM `ppsao_setting`  [ RunTime:0.000285s ]
[ sql ] [ SQL ] SHOW COLUMNS FROM `ppsao_wenan` [ RunTime:0.001307s ]
[ sql ] [ SQL ] SELECT * FROM `ppsao_wenan` WHERE  `id` = 47  AND `is_del` = 0 LIMIT 1     [ RunTime:0.000746s ]
[ sql ] [ SQL ] UPDATE `ppsao_wenan`  SET `views`=views+1,`views2`=views2+1  WHERE  `id` = 47  AND `is_del` = 0     [ RunTime:0.065513s ]

---------------------------------------------------------------
[ 2017-06-26T11:22:08+08:00 ] 10.0.0.249 220.189.193.13 GET /index/wenan/view.html?id=48
[ log ] kc.nbtv.cn/index/wenan/view.html?id=48 [运行时间：0.108611s][吞吐率：9.21req/s] [内存消耗：3,496.08kb] [文件加载：59]
[ info ] [ LANG ] /home/www/kc/thinkphp/lang/zh-cn.php
[ info ] [ ROUTE ] array (
  'type' => 'module',
  'module' => 
  array (
    0 => 'index',
    1 => 'wenan',
    2 => 'view',
  ),
)
[ info ] [ HEADER ] array (
  'host' => 'kc.nbtv.cn',
  'connection' => 'keep-alive',
  'accept' => 'text/html,application/xhtml+xml,application/xml;q=0.9,image/webp,*/*;q=0.8',
  'upgrade-insecure-requests' => '1',
  'user-agent' => 'Mozilla/5.0 (Windows NT 6.1; WOW64) AppleWebKit/537.36 (KHTML, like Gecko) Chrome/45.0.2454.101 Safari/537.36',
  'referer' => 'http://kc.nbtv.cn/admin/wenan/index.html',
  'accept-encoding' => 'gzip, deflate, sdch',
  'accept-language' => 'zh-CN,zh;q=0.8',
  'cookie' => 'PHPSESSID=o1psmgkle4ubstm36u62m76me0; auth_login_email=hyp%40nbtv.com.cn',
  'content-type' => '',
  'content-length' => '',
)
[ info ] [ PARAM ] array (
  'id' => '48',
)
[ info ] [ SESSION ] INIT array (
  'id' => '',
  'var_session_id' => '',
  'prefix' => 'think',
  'type' => '',
  'auto_start' => true,
)
[ info ] [ DB ] INIT mysql
[ info ] [ RUN ] app\index\controller\Wenan->view[ /home/www/kc/application/index/controller/Wenan.php ]
[ info ] [ CACHE ] INIT File
[ info ] [ VIEW ] /home/www/kc/public/../application/index/view/wenan/view.html [ array (
  0 => '_controller',
  1 => '_action',
  2 => '_timestamp',
  3 => '_user',
  4 => 'is_mobile',
  5 => 'settings',
  6 => 'one',
) ]
[ info ] [ LOG ] INIT File
[ sql ] [ DB ] CONNECT:[ UseTime:0.000611s ] mysql:dbname=kc;host=127.0.0.1;port=3306;charset=utf8
[ sql ] [ SQL ] SHOW COLUMNS FROM `ppsao_setting` [ RunTime:0.001541s ]
[ sql ] [ SQL ] SELECT * FROM `ppsao_setting`  [ RunTime:0.000345s ]
[ sql ] [ SQL ] SHOW COLUMNS FROM `ppsao_wenan` [ RunTime:0.001966s ]
[ sql ] [ SQL ] SELECT * FROM `ppsao_wenan` WHERE  `id` = 48  AND `is_del` = 0 LIMIT 1     [ RunTime:0.000700s ]
[ sql ] [ SQL ] UPDATE `ppsao_wenan`  SET `views`=views+1,`views2`=views2+1  WHERE  `id` = 48  AND `is_del` = 0     [ RunTime:0.049492s ]

---------------------------------------------------------------
[ 2017-06-26T11:24:11+08:00 ] 10.0.0.249 112.17.240.83 GET /index/wenan/view.html?id=48
[ log ] kc.nbtv.cn/index/wenan/view.html?id=48 [运行时间：0.106148s][吞吐率：9.42req/s] [内存消耗：3,452.96kb] [文件加载：58]
[ info ] [ LANG ] /home/www/kc/thinkphp/lang/zh-cn.php
[ info ] [ ROUTE ] array (
  'type' => 'module',
  'module' => 
  array (
    0 => 'index',
    1 => 'wenan',
    2 => 'view',
  ),
)
[ info ] [ HEADER ] array (
  'host' => 'kc.nbtv.cn',
  'accept' => 'text/html,application/xhtml+xml,application/xml;q=0.9,*/*;q=0.8',
  'upgrade-insecure-requests' => '1',
  'cookie' => 'Hm_lvt_31811d953dd2935cd73cccb67c24f245=1491365876',
  'user-agent' => 'Mozilla/5.0 (iPhone; CPU iPhone OS 10_3_2 like Mac OS X) AppleWebKit/603.2.4 (KHTML, like Gecko) Mobile/14F89 MicroMessenger/6.5.4 NetType/4G Language/zh_CN',
  'accept-language' => 'zh-cn',
  'accept-encoding' => 'gzip, deflate',
  'connection' => 'keep-alive',
  'content-type' => '',
  'content-length' => '',
)
[ info ] [ PARAM ] array (
  'id' => '48',
)
[ info ] [ SESSION ] INIT array (
  'id' => '',
  'var_session_id' => '',
  'prefix' => 'think',
  'type' => '',
  'auto_start' => true,
)
[ info ] [ DB ] INIT mysql
[ info ] [ RUN ] app\index\controller\Wenan->view[ /home/www/kc/application/index/controller/Wenan.php ]
[ info ] [ CACHE ] INIT File
[ info ] [ VIEW ] /home/www/kc/public/../application/index/view/wenan/view.html [ array (
  0 => '_controller',
  1 => '_action',
  2 => '_timestamp',
  3 => '_user',
  4 => 'is_mobile',
  5 => 'settings',
  6 => 'wx_option',
  7 => 'one',
) ]
[ info ] [ LOG ] INIT File
[ sql ] [ DB ] CONNECT:[ UseTime:0.000714s ] mysql:dbname=kc;host=127.0.0.1;port=3306;charset=utf8
[ sql ] [ SQL ] SHOW COLUMNS FROM `ppsao_setting` [ RunTime:0.001654s ]
[ sql ] [ SQL ] SELECT * FROM `ppsao_setting`  [ RunTime:0.000378s ]
[ sql ] [ SQL ] SHOW COLUMNS FROM `ppsao_wenan` [ RunTime:0.001912s ]
[ sql ] [ SQL ] SELECT * FROM `ppsao_wenan` WHERE  `id` = 48  AND `is_del` = 0 LIMIT 1     [ RunTime:0.000941s ]
[ sql ] [ SQL ] UPDATE `ppsao_wenan`  SET `views`=views+1,`views2`=views2+1  WHERE  `id` = 48  AND `is_del` = 0     [ RunTime:0.046254s ]

---------------------------------------------------------------
[ 2017-06-26T11:24:13+08:00 ] 10.0.0.249 112.17.240.83 GET /index/api/sign.html?url=http%3A%2F%2Fkc.nbtv.cn%2Findex%2Fwenan%2Fview.html%3Fid%3D48
[ log ] kc.nbtv.cn/index/api/sign.html?url=http%3A%2F%2Fkc.nbtv.cn%2Findex%2Fwenan%2Fview.html%3Fid%3D48 [运行时间：0.499240s][吞吐率：2.00req/s] [内存消耗：3,893.88kb] [文件加载：57]
[ info ] [ LANG ] /home/www/kc/thinkphp/lang/zh-cn.php
[ info ] [ ROUTE ] array (
  'type' => 'module',
  'module' => 
  array (
    0 => 'index',
    1 => 'api',
    2 => 'sign',
  ),
)
[ info ] [ HEADER ] array (
  'host' => 'kc.nbtv.cn',
  'accept-encoding' => 'gzip, deflate',
  'cookie' => 'PHPSESSID=i9h6thjsa24t0ukfnm0b93hp30; Hm_lvt_31811d953dd2935cd73cccb67c24f245=1491365876',
  'connection' => 'keep-alive',
  'accept' => 'application/json, text/javascript, */*; q=0.01',
  'user-agent' => 'Mozilla/5.0 (iPhone; CPU iPhone OS 10_3_2 like Mac OS X) AppleWebKit/603.2.4 (KHTML, like Gecko) Mobile/14F89 MicroMessenger/6.5.4 NetType/4G Language/zh_CN',
  'referer' => 'http://kc.nbtv.cn/index/wenan/view.html?id=48',
  'accept-language' => 'zh-cn',
  'x-requested-with' => 'XMLHttpRequest',
  'content-type' => '',
  'content-length' => '',
)
[ info ] [ PARAM ] array (
  'url' => 'http://kc.nbtv.cn/index/wenan/view.html?id=48',
)
[ info ] [ SESSION ] INIT array (
  'id' => '',
  'var_session_id' => '',
  'prefix' => 'think',
  'type' => '',
  'auto_start' => true,
)
[ info ] [ DB ] INIT mysql
[ info ] [ RUN ] app\index\controller\Api->sign[ /home/www/kc/application/index/controller/Api.php ]
[ info ] [ CACHE ] INIT File
[ info ] [ LOG ] INIT File
[ sql ] [ DB ] CONNECT:[ UseTime:0.000732s ] mysql:dbname=kc;host=127.0.0.1;port=3306;charset=utf8
[ sql ] [ SQL ] SHOW COLUMNS FROM `ppsao_setting` [ RunTime:0.001616s ]
[ sql ] [ SQL ] SELECT * FROM `ppsao_setting`  [ RunTime:0.000503s ]

---------------------------------------------------------------
[ 2017-06-26T11:24:45+08:00 ] 10.0.0.249 112.17.240.83 GET /index/wenan/view.html?id=48
[ log ] kc.nbtv.cn/index/wenan/view.html?id=48 [运行时间：0.108877s][吞吐率：9.18req/s] [内存消耗：3,453.04kb] [文件加载：58]
[ info ] [ LANG ] /home/www/kc/thinkphp/lang/zh-cn.php
[ info ] [ ROUTE ] array (
  'type' => 'module',
  'module' => 
  array (
    0 => 'index',
    1 => 'wenan',
    2 => 'view',
  ),
)
[ info ] [ HEADER ] array (
  'host' => 'kc.nbtv.cn',
  'accept' => 'text/html,application/xhtml+xml,application/xml;q=0.9,*/*;q=0.8',
  'upgrade-insecure-requests' => '1',
  'cookie' => 'PHPSESSID=i9h6thjsa24t0ukfnm0b93hp30; Hm_lvt_31811d953dd2935cd73cccb67c24f245=1491365876',
  'user-agent' => 'Mozilla/5.0 (iPhone; CPU iPhone OS 10_3_2 like Mac OS X) AppleWebKit/603.2.4 (KHTML, like Gecko) Mobile/14F89 MicroMessenger/6.5.4 NetType/4G Language/zh_CN',
  'accept-language' => 'zh-cn',
  'accept-encoding' => 'gzip, deflate',
  'connection' => 'keep-alive',
  'content-type' => '',
  'content-length' => '',
)
[ info ] [ PARAM ] array (
  'id' => '48',
)
[ info ] [ SESSION ] INIT array (
  'id' => '',
  'var_session_id' => '',
  'prefix' => 'think',
  'type' => '',
  'auto_start' => true,
)
[ info ] [ DB ] INIT mysql
[ info ] [ RUN ] app\index\controller\Wenan->view[ /home/www/kc/application/index/controller/Wenan.php ]
[ info ] [ CACHE ] INIT File
[ info ] [ VIEW ] /home/www/kc/public/../application/index/view/wenan/view.html [ array (
  0 => '_controller',
  1 => '_action',
  2 => '_timestamp',
  3 => '_user',
  4 => 'is_mobile',
  5 => 'settings',
  6 => 'wx_option',
  7 => 'one',
) ]
[ info ] [ LOG ] INIT File
[ sql ] [ DB ] CONNECT:[ UseTime:0.000594s ] mysql:dbname=kc;host=127.0.0.1;port=3306;charset=utf8
[ sql ] [ SQL ] SHOW COLUMNS FROM `ppsao_setting` [ RunTime:0.001610s ]
[ sql ] [ SQL ] SELECT * FROM `ppsao_setting`  [ RunTime:0.000345s ]
[ sql ] [ SQL ] SHOW COLUMNS FROM `ppsao_wenan` [ RunTime:0.001900s ]
[ sql ] [ SQL ] SELECT * FROM `ppsao_wenan` WHERE  `id` = 48  AND `is_del` = 0 LIMIT 1     [ RunTime:0.000846s ]
[ sql ] [ SQL ] UPDATE `ppsao_wenan`  SET `views`=views+1,`views2`=views2+1  WHERE  `id` = 48  AND `is_del` = 0     [ RunTime:0.049358s ]

---------------------------------------------------------------
[ 2017-06-26T11:24:45+08:00 ] 10.0.0.249 112.17.240.83 GET /index/api/sign.html?url=http%3A%2F%2Fkc.nbtv.cn%2Findex%2Fwenan%2Fview.html%3Fid%3D48
[ log ] kc.nbtv.cn/index/api/sign.html?url=http%3A%2F%2Fkc.nbtv.cn%2Findex%2Fwenan%2Fview.html%3Fid%3D48 [运行时间：0.058771s][吞吐率：17.02req/s] [内存消耗：3,893.51kb] [文件加载：57]
[ info ] [ LANG ] /home/www/kc/thinkphp/lang/zh-cn.php
[ info ] [ ROUTE ] array (
  'type' => 'module',
  'module' => 
  array (
    0 => 'index',
    1 => 'api',
    2 => 'sign',
  ),
)
[ info ] [ HEADER ] array (
  'host' => 'kc.nbtv.cn',
  'accept-encoding' => 'gzip, deflate',
  'cookie' => 'PHPSESSID=i9h6thjsa24t0ukfnm0b93hp30; Hm_lvt_31811d953dd2935cd73cccb67c24f245=1491365876',
  'connection' => 'keep-alive',
  'accept' => 'application/json, text/javascript, */*; q=0.01',
  'user-agent' => 'Mozilla/5.0 (iPhone; CPU iPhone OS 10_3_2 like Mac OS X) AppleWebKit/603.2.4 (KHTML, like Gecko) Mobile/14F89 MicroMessenger/6.5.4 NetType/4G Language/zh_CN',
  'referer' => 'http://kc.nbtv.cn/index/wenan/view.html?id=48',
  'accept-language' => 'zh-cn',
  'x-requested-with' => 'XMLHttpRequest',
  'content-type' => '',
  'content-length' => '',
)
[ info ] [ PARAM ] array (
  'url' => 'http://kc.nbtv.cn/index/wenan/view.html?id=48',
)
[ info ] [ SESSION ] INIT array (
  'id' => '',
  'var_session_id' => '',
  'prefix' => 'think',
  'type' => '',
  'auto_start' => true,
)
[ info ] [ DB ] INIT mysql
[ info ] [ RUN ] app\index\controller\Api->sign[ /home/www/kc/application/index/controller/Api.php ]
[ info ] [ CACHE ] INIT File
[ info ] [ LOG ] INIT File
[ sql ] [ DB ] CONNECT:[ UseTime:0.000549s ] mysql:dbname=kc;host=127.0.0.1;port=3306;charset=utf8
[ sql ] [ SQL ] SHOW COLUMNS FROM `ppsao_setting` [ RunTime:0.001586s ]
[ sql ] [ SQL ] SELECT * FROM `ppsao_setting`  [ RunTime:0.000415s ]

---------------------------------------------------------------
[ 2017-06-26T11:25:12+08:00 ] 10.0.0.249 220.189.193.13 GET /admin/wenan/edit.html?id=48
[ log ] kc.nbtv.cn/admin/wenan/edit.html?id=48 [运行时间：0.062515s][吞吐率：16.00req/s] [内存消耗：3,508.83kb] [文件加载：56]
[ info ] [ LANG ] /home/www/kc/thinkphp/lang/zh-cn.php
[ info ] [ ROUTE ] array (
  'type' => 'module',
  'module' => 
  array (
    0 => 'admin',
    1 => 'wenan',
    2 => 'edit',
  ),
)
[ info ] [ HEADER ] array (
  'accept' => '*/*',
  'referer' => 'http://kc.nbtv.cn/admin/wenan/index.html',
  'accept-language' => 'zh-CN',
  'user-agent' => 'Mozilla/4.0 (compatible; MSIE 7.0; Windows NT 6.1; WOW64; Trident/7.0; SLCC2; .NET CLR 2.0.50727; .NET CLR 3.5.30729; .NET CLR 3.0.30729; Media Center PC 6.0; .NET4.0C; .NET4.0E; InfoPath.3)',
  'accept-encoding' => 'gzip, deflate',
  'host' => 'kc.nbtv.cn',
  'connection' => 'Keep-Alive',
  'cookie' => 'PHPSESSID=o1psmgkle4ubstm36u62m76me0; auth_login_email=hyp%40nbtv.com.cn',
  'content-type' => '',
  'content-length' => '',
)
[ info ] [ PARAM ] array (
  'id' => '48',
)
[ info ] [ SESSION ] INIT array (
  'id' => '',
  'var_session_id' => '',
  'prefix' => 'think',
  'type' => '',
  'auto_start' => true,
)
[ info ] [ DB ] INIT mysql
[ info ] [ RUN ] app\admin\controller\Wenan->edit[ /home/www/kc/application/admin/controller/Wenan.php ]
[ info ] [ VIEW ] /home/www/kc/public/../application/admin/view/wenan/edit.html [ array (
  0 => '_controller',
  1 => '_action',
  2 => '_timestamp',
  3 => '_user',
  4 => 'settings',
  5 => 'one',
  6 => 'cat_arr',
  7 => 'siet_url',
) ]
[ info ] [ LOG ] INIT File
[ sql ] [ DB ] CONNECT:[ UseTime:0.000674s ] mysql:dbname=kc;host=127.0.0.1;port=3306;charset=utf8
[ sql ] [ SQL ] SHOW COLUMNS FROM `ppsao_admin` [ RunTime:0.001710s ]
[ sql ] [ SQL ] SELECT `id`,`username`,`email`,`realname`,`tel`,`qq`,`sex`,`address`,`lasttime`,`lastip`,`logins`,`is_check_email`,`status`,`updatetime`,`dateline` FROM `ppsao_admin` WHERE  `id` = 12  AND `is_del` = 0 LIMIT 1     [ RunTime:0.000829s ]
[ sql ] [ SQL ] SHOW COLUMNS FROM `ppsao_setting` [ RunTime:0.001376s ]
[ sql ] [ SQL ] SELECT * FROM `ppsao_setting`  [ RunTime:0.000310s ]
[ sql ] [ SQL ] SHOW COLUMNS FROM `ppsao_wenan` [ RunTime:0.001894s ]
[ sql ] [ SQL ] SELECT * FROM `ppsao_wenan` WHERE  `id` = 48  AND `is_del` = 0 LIMIT 1     [ RunTime:0.000713s ]
[ sql ] [ SQL ] SHOW COLUMNS FROM `ppsao_wenan_cat` [ RunTime:0.001288s ]
[ sql ] [ SQL ] SELECT * FROM `ppsao_wenan_cat` WHERE  `is_del` = 0 ORDER BY nav_sort desc,id asc   [ RunTime:0.000301s ]

---------------------------------------------------------------
[ 2017-06-26T11:25:12+08:00 ] 10.0.0.249 220.189.193.13 POST /admin/wenan/loadtemp.html
[ log ] kc.nbtv.cn/admin/wenan/loadtemp.html [运行时间：0.052721s][吞吐率：18.97req/s] [内存消耗：3,342.33kb] [文件加载：55]
[ info ] [ LANG ] /home/www/kc/thinkphp/lang/zh-cn.php
[ info ] [ ROUTE ] array (
  'type' => 'module',
  'module' => 
  array (
    0 => 'admin',
    1 => 'wenan',
    2 => 'loadtemp',
  ),
)
[ info ] [ HEADER ] array (
  'accept' => '*/*',
  'content-type' => 'application/x-www-form-urlencoded; charset=UTF-8',
  'x-requested-with' => 'XMLHttpRequest',
  'referer' => 'http://kc.nbtv.cn/admin/wenan/edit.html?id=48',
  'accept-language' => 'zh-CN',
  'accept-encoding' => 'gzip, deflate',
  'user-agent' => 'Mozilla/4.0 (compatible; MSIE 7.0; Windows NT 6.1; WOW64; Trident/7.0; SLCC2; .NET CLR 2.0.50727; .NET CLR 3.5.30729; .NET CLR 3.0.30729; Media Center PC 6.0; .NET4.0C; .NET4.0E; InfoPath.3)',
  'host' => 'kc.nbtv.cn',
  'content-length' => '10',
  'connection' => 'Keep-Alive',
  'cache-control' => 'no-cache',
  'cookie' => 'PHPSESSID=o1psmgkle4ubstm36u62m76me0; auth_login_email=hyp%40nbtv.com.cn',
)
[ info ] [ PARAM ] array (
  'type' => 'title',
)
[ info ] [ SESSION ] INIT array (
  'id' => '',
  'var_session_id' => '',
  'prefix' => 'think',
  'type' => '',
  'auto_start' => true,
)
[ info ] [ DB ] INIT mysql
[ info ] [ RUN ] app\admin\controller\Wenan->loadtemp[ /home/www/kc/application/admin/controller/Wenan.php ]
[ info ] [ VIEW ] /home/www/kc/public/../application/admin/view/wenan/temp_title.html [ array (
  0 => '_controller',
  1 => '_action',
  2 => '_timestamp',
  3 => '_user',
  4 => 'siet_url',
) ]
[ info ] [ LOG ] INIT File
[ sql ] [ DB ] CONNECT:[ UseTime:0.000659s ] mysql:dbname=kc;host=127.0.0.1;port=3306;charset=utf8
[ sql ] [ SQL ] SHOW COLUMNS FROM `ppsao_admin` [ RunTime:0.001759s ]
[ sql ] [ SQL ] SELECT `id`,`username`,`email`,`realname`,`tel`,`qq`,`sex`,`address`,`lasttime`,`lastip`,`logins`,`is_check_email`,`status`,`updatetime`,`dateline` FROM `ppsao_admin` WHERE  `id` = 12  AND `is_del` = 0 LIMIT 1     [ RunTime:0.000583s ]

---------------------------------------------------------------
[ 2017-06-26T11:35:36+08:00 ] 10.0.0.249 101.226.89.115 GET /index/wenan/view.html?id=48
[ log ] kc.nbtv.cn/index/wenan/view.html?id=48 [运行时间：0.099176s][吞吐率：10.08req/s] [内存消耗：3,452.13kb] [文件加载：58]
[ info ] [ LANG ] /home/www/kc/thinkphp/lang/zh-cn.php
[ info ] [ ROUTE ] array (
  'type' => 'module',
  'module' => 
  array (
    0 => 'index',
    1 => 'wenan',
    2 => 'view',
  ),
)
[ info ] [ HEADER ] array (
  'user-agent' => 'Mozilla/5.0 (iPhone; CPU iPhone OS 10_2_1 like Mac OS X) AppleWebKit/602.4.6 (KHTML, like Gecko) Mobile/14D27 MicroMessenger/6.5.5 NetType/WIFI Language/en',
  'accept' => '*/*',
  'accept-encoding' => 'gzip, deflate, sdch, br',
  'accept-language' => 'zh-CN,zh;q=0.8,en-US;q=0.6,en;q=0.4',
  'host' => 'kc.nbtv.cn',
  'connection' => 'keep-alive',
  'content-type' => '',
  'content-length' => '',
)
[ info ] [ PARAM ] array (
  'id' => '48',
)
[ info ] [ SESSION ] INIT array (
  'id' => '',
  'var_session_id' => '',
  'prefix' => 'think',
  'type' => '',
  'auto_start' => true,
)
[ info ] [ DB ] INIT mysql
[ info ] [ RUN ] app\index\controller\Wenan->view[ /home/www/kc/application/index/controller/Wenan.php ]
[ info ] [ CACHE ] INIT File
[ info ] [ VIEW ] /home/www/kc/public/../application/index/view/wenan/view.html [ array (
  0 => '_controller',
  1 => '_action',
  2 => '_timestamp',
  3 => '_user',
  4 => 'is_mobile',
  5 => 'settings',
  6 => 'wx_option',
  7 => 'one',
) ]
[ info ] [ LOG ] INIT File
[ sql ] [ DB ] CONNECT:[ UseTime:0.000667s ] mysql:dbname=kc;host=127.0.0.1;port=3306;charset=utf8
[ sql ] [ SQL ] SHOW COLUMNS FROM `ppsao_setting` [ RunTime:0.001275s ]
[ sql ] [ SQL ] SELECT * FROM `ppsao_setting`  [ RunTime:0.000411s ]
[ sql ] [ SQL ] SHOW COLUMNS FROM `ppsao_wenan` [ RunTime:0.001487s ]
[ sql ] [ SQL ] SELECT * FROM `ppsao_wenan` WHERE  `id` = 48  AND `is_del` = 0 LIMIT 1     [ RunTime:0.000547s ]
[ sql ] [ SQL ] UPDATE `ppsao_wenan`  SET `views`=views+1,`views2`=views2+1  WHERE  `id` = 48  AND `is_del` = 0     [ RunTime:0.038702s ]

---------------------------------------------------------------
[ 2017-06-26T14:35:09+08:00 ] 10.0.0.249 220.189.193.13 GET /
[ log ] kc.nbtv.cn/ [运行时间：0.050447s][吞吐率：19.82req/s] [内存消耗：3,013.67kb] [文件加载：53]
[ info ] [ LANG ] /home/www/kc/thinkphp/lang/zh-cn.php
[ info ] [ ROUTE ] array (
  'type' => 'module',
  'module' => 
  array (
    0 => '',
    1 => NULL,
    2 => NULL,
  ),
)
[ info ] [ HEADER ] array (
  'host' => 'kc.nbtv.cn',
  'upgrade-insecure-requests' => '1',
  'accept' => 'text/html,application/xhtml+xml,application/xml;q=0.9,*/*;q=0.8',
  'user-agent' => 'Mozilla/5.0 (iPhone; CPU iPhone OS 10_3_2 like Mac OS X) AppleWebKit/603.2.4 (KHTML, like Gecko) Version/10.0 Mobile/14F89 Safari/602.1',
  'accept-language' => 'zh-cn',
  'accept-encoding' => 'gzip, deflate',
  'connection' => 'keep-alive',
  'content-type' => '',
  'content-length' => '',
)
[ info ] [ PARAM ] array (
)
[ info ] [ SESSION ] INIT array (
  'id' => '',
  'var_session_id' => '',
  'prefix' => 'think',
  'type' => '',
  'auto_start' => true,
)
[ info ] [ DB ] INIT mysql
[ info ] [ RUN ] app\index\controller\Index->index[ /home/www/kc/application/index/controller/Index.php ]
[ info ] [ VIEW ] /home/www/kc/public/../application/index/view/index/index.html [ array (
  0 => '_controller',
  1 => '_action',
  2 => '_timestamp',
  3 => '_user',
  4 => 'is_mobile',
  5 => 'settings',
  6 => 'wx_option',
) ]
[ info ] [ LOG ] INIT File
[ sql ] [ DB ] CONNECT:[ UseTime:0.000653s ] mysql:dbname=kc;host=127.0.0.1;port=3306;charset=utf8
[ sql ] [ SQL ] SHOW COLUMNS FROM `ppsao_setting` [ RunTime:0.001222s ]
[ sql ] [ SQL ] SELECT * FROM `ppsao_setting`  [ RunTime:0.000462s ]

---------------------------------------------------------------
[ 2017-06-26T14:35:10+08:00 ] 10.0.0.249 220.189.193.13 GET /index/api/sign.html?url=http%3A%2F%2Fkc.nbtv.cn%2F
[ log ] kc.nbtv.cn/index/api/sign.html?url=http%3A%2F%2Fkc.nbtv.cn%2F [运行时间：0.527097s][吞吐率：1.90req/s] [内存消耗：3,893.30kb] [文件加载：57]
[ info ] [ LANG ] /home/www/kc/thinkphp/lang/zh-cn.php
[ info ] [ ROUTE ] array (
  'type' => 'module',
  'module' => 
  array (
    0 => 'index',
    1 => 'api',
    2 => 'sign',
  ),
)
[ info ] [ HEADER ] array (
  'host' => 'kc.nbtv.cn',
  'accept-encoding' => 'gzip, deflate',
  'cookie' => 'PHPSESSID=1qhg168mdhf9cms6lag9l7f1h1',
  'connection' => 'keep-alive',
  'accept' => 'application/json, text/javascript, */*; q=0.01',
  'user-agent' => 'Mozilla/5.0 (iPhone; CPU iPhone OS 10_3_2 like Mac OS X) AppleWebKit/603.2.4 (KHTML, like Gecko) Version/10.0 Mobile/14F89 Safari/602.1',
  'referer' => 'http://kc.nbtv.cn/',
  'accept-language' => 'zh-cn',
  'x-requested-with' => 'XMLHttpRequest',
  'content-type' => '',
  'content-length' => '',
)
[ info ] [ PARAM ] array (
  'url' => 'http://kc.nbtv.cn/',
)
[ info ] [ SESSION ] INIT array (
  'id' => '',
  'var_session_id' => '',
  'prefix' => 'think',
  'type' => '',
  'auto_start' => true,
)
[ info ] [ DB ] INIT mysql
[ info ] [ RUN ] app\index\controller\Api->sign[ /home/www/kc/application/index/controller/Api.php ]
[ info ] [ CACHE ] INIT File
[ info ] [ LOG ] INIT File
[ sql ] [ DB ] CONNECT:[ UseTime:0.000562s ] mysql:dbname=kc;host=127.0.0.1;port=3306;charset=utf8
[ sql ] [ SQL ] SHOW COLUMNS FROM `ppsao_setting` [ RunTime:0.001532s ]
[ sql ] [ SQL ] SELECT * FROM `ppsao_setting`  [ RunTime:0.000407s ]

---------------------------------------------------------------
[ 2017-06-26T17:19:47+08:00 ] 10.0.0.249 115.215.7.69 GET /
[ log ] kc.nbtv.cn/ [运行时间：0.048819s][吞吐率：20.48req/s] [内存消耗：2,937.92kb] [文件加载：52]
[ info ] [ LANG ] /home/www/kc/thinkphp/lang/zh-cn.php
[ info ] [ ROUTE ] array (
  'type' => 'module',
  'module' => 
  array (
    0 => '',
    1 => NULL,
    2 => NULL,
  ),
)
[ info ] [ HEADER ] array (
  'host' => 'kc.nbtv.cn',
  'connection' => 'keep-alive',
  'accept' => 'text/html,application/xhtml+xml,application/xml;q=0.9,image/webp,*/*;q=0.8',
  'upgrade-insecure-requests' => '1',
  'user-agent' => 'Mozilla/5.0 (Windows NT 5.1) AppleWebKit/537.36 (KHTML, like Gecko) Chrome/45.0.2454.101 Safari/537.36',
  'accept-encoding' => 'gzip, deflate, sdch',
  'accept-language' => 'zh-CN,zh;q=0.8',
  'content-type' => '',
  'content-length' => '',
)
[ info ] [ PARAM ] array (
)
[ info ] [ SESSION ] INIT array (
  'id' => '',
  'var_session_id' => '',
  'prefix' => 'think',
  'type' => '',
  'auto_start' => true,
)
[ info ] [ DB ] INIT mysql
[ info ] [ RUN ] app\index\controller\Index->index[ /home/www/kc/application/index/controller/Index.php ]
[ info ] [ VIEW ] /home/www/kc/public/../application/index/view/index/index.html [ array (
  0 => '_controller',
  1 => '_action',
  2 => '_timestamp',
  3 => '_user',
  4 => 'is_mobile',
  5 => 'settings',
) ]
[ info ] [ LOG ] INIT File
[ sql ] [ DB ] CONNECT:[ UseTime:0.000803s ] mysql:dbname=kc;host=127.0.0.1;port=3306;charset=utf8
[ sql ] [ SQL ] SHOW COLUMNS FROM `ppsao_setting` [ RunTime:0.001608s ]
[ sql ] [ SQL ] SELECT * FROM `ppsao_setting`  [ RunTime:0.000519s ]

---------------------------------------------------------------
[ 2017-06-26T17:20:41+08:00 ] 10.0.0.249 115.215.7.69 GET /admin
[ log ] kc.nbtv.cn/admin [运行时间：0.046795s][吞吐率：21.37req/s] [内存消耗：3,077.73kb] [文件加载：54]
[ info ] [ LANG ] /home/www/kc/thinkphp/lang/zh-cn.php
[ info ] [ ROUTE ] array (
  'type' => 'module',
  'module' => 
  array (
    0 => 'admin',
    1 => NULL,
    2 => NULL,
  ),
)
[ info ] [ HEADER ] array (
  'host' => 'kc.nbtv.cn',
  'connection' => 'keep-alive',
  'accept' => 'text/html,application/xhtml+xml,application/xml;q=0.9,image/webp,*/*;q=0.8',
  'upgrade-insecure-requests' => '1',
  'user-agent' => 'Mozilla/5.0 (Windows NT 5.1) AppleWebKit/537.36 (KHTML, like Gecko) Chrome/45.0.2454.101 Safari/537.36',
  'accept-encoding' => 'gzip, deflate, sdch',
  'accept-language' => 'zh-CN,zh;q=0.8',
  'cookie' => 'PHPSESSID=got3hmdj9a92fhsc9rki6urbm7',
  'content-type' => '',
  'content-length' => '',
)
[ info ] [ PARAM ] array (
)
[ info ] [ SESSION ] INIT array (
  'id' => '',
  'var_session_id' => '',
  'prefix' => 'think',
  'type' => '',
  'auto_start' => true,
)
[ info ] [ DB ] INIT mysql
[ info ] [ RUN ] app\admin\controller\Index->index[ /home/www/kc/application/admin/controller/Index.php ]
[ info ] [ VIEW ] /home/www/kc/public/../application/admin/view/index/index.html [ array (
  0 => '_controller',
  1 => '_action',
  2 => '_timestamp',
  3 => '_user',
  4 => 'settings',
  5 => 'auth_login_email',
) ]
[ info ] [ LOG ] INIT File
[ sql ] [ DB ] CONNECT:[ UseTime:0.000686s ] mysql:dbname=kc;host=127.0.0.1;port=3306;charset=utf8
[ sql ] [ SQL ] SHOW COLUMNS FROM `ppsao_setting` [ RunTime:0.001544s ]
[ sql ] [ SQL ] SELECT * FROM `ppsao_setting`  [ RunTime:0.000458s ]

---------------------------------------------------------------
[ 2017-06-26T17:20:41+08:00 ] 10.0.0.249 115.215.7.69 GET /captcha.html
[ log ] kc.nbtv.cn/captcha.html [运行时间：0.024962s][吞吐率：40.06req/s] [内存消耗：1,809.05kb] [文件加载：38]
[ info ] [ LANG ] /home/www/kc/thinkphp/lang/zh-cn.php
[ info ] [ ROUTE ] array (
  'type' => 'method',
  'method' => 
  array (
    0 => '\\think\\captcha\\CaptchaController',
    1 => 'index',
  ),
)
[ info ] [ HEADER ] array (
  'host' => 'kc.nbtv.cn',
  'connection' => 'keep-alive',
  'accept' => 'image/webp,image/*,*/*;q=0.8',
  'user-agent' => 'Mozilla/5.0 (Windows NT 5.1) AppleWebKit/537.36 (KHTML, like Gecko) Chrome/45.0.2454.101 Safari/537.36',
  'referer' => 'http://kc.nbtv.cn/admin',
  'accept-encoding' => 'gzip, deflate, sdch',
  'accept-language' => 'zh-CN,zh;q=0.8',
  'cookie' => 'PHPSESSID=got3hmdj9a92fhsc9rki6urbm7',
  'content-type' => '',
  'content-length' => '',
)
[ info ] [ PARAM ] array (
  'id' => '',
)
[ info ] [ RUN ] think\captcha\CaptchaController->index[ /home/www/kc/vendor/topthink/think-captcha/src/CaptchaController.php ]
[ info ] [ SESSION ] INIT array (
  'id' => '',
  'var_session_id' => '',
  'prefix' => 'think',
  'type' => '',
  'auto_start' => true,
)
[ info ] [ LOG ] INIT File

---------------------------------------------------------------
