[ 2017-08-07T12:35:16+08:00 ] 10.0.0.249 223.104.246.6 GET /index/wenan/view.html?id=101
[ log ] kc.nbtv.cn/index/wenan/view.html?id=101 [运行时间：0.105559s][吞吐率：9.47req/s] [内存消耗：3,477.15kb] [文件加载：58]
[ info ] [ LANG ] /home/www/kc/thinkphp/lang/zh-cn.php
[ info ] [ ROUTE ] array (
  'type' => 'module',
  'module' => 
  array (
    0 => 'index',
    1 => 'wenan',
    2 => 'view',
  ),
)
[ info ] [ HEADER ] array (
  'host' => 'kc.nbtv.cn',
  'accept' => 'text/html,application/xhtml+xml,application/xml;q=0.9,*/*;q=0.8',
  'upgrade-insecure-requests' => '1',
  'cookie' => 'Hm_lvt_31811d953dd2935cd73cccb67c24f245=1491365876',
  'user-agent' => 'Mozilla/5.0 (iPhone; CPU iPhone OS 10_3_2 like Mac OS X) AppleWebKit/603.2.4 (KHTML, like Gecko) Mobile/14F89 MicroMessenger/6.5.4 NetType/4G Language/zh_CN',
  'accept-language' => 'zh-cn',
  'accept-encoding' => 'gzip, deflate',
  'connection' => 'keep-alive',
  'content-type' => '',
  'content-length' => '',
)
[ info ] [ PARAM ] array (
  'id' => '101',
)
[ info ] [ SESSION ] INIT array (
  'id' => '',
  'var_session_id' => '',
  'prefix' => 'think',
  'type' => '',
  'auto_start' => true,
)
[ info ] [ DB ] INIT mysql
[ info ] [ RUN ] app\index\controller\Wenan->view[ /home/www/kc/application/index/controller/Wenan.php ]
[ info ] [ CACHE ] INIT File
[ info ] [ VIEW ] /home/www/kc/public/../application/index/view/wenan/view.html [ array (
  0 => '_controller',
  1 => '_action',
  2 => '_timestamp',
  3 => '_user',
  4 => 'is_mobile',
  5 => 'settings',
  6 => 'wx_option',
  7 => 'one',
) ]
[ info ] [ LOG ] INIT File
[ sql ] [ DB ] CONNECT:[ UseTime:0.000639s ] mysql:dbname=kc;host=127.0.0.1;port=3306;charset=utf8
[ sql ] [ SQL ] SHOW COLUMNS FROM `ppsao_setting` [ RunTime:0.001332s ]
[ sql ] [ SQL ] SELECT * FROM `ppsao_setting`  [ RunTime:0.000364s ]
[ sql ] [ SQL ] SHOW COLUMNS FROM `ppsao_wenan` [ RunTime:0.001477s ]
[ sql ] [ SQL ] SELECT * FROM `ppsao_wenan` WHERE  `id` = 101  AND `is_del` = 0 LIMIT 1     [ RunTime:0.000710s ]
[ sql ] [ SQL ] UPDATE `ppsao_wenan`  SET `views`=views+1,`views2`=views2+1  WHERE  `id` = 101  AND `is_del` = 0     [ RunTime:0.047235s ]

---------------------------------------------------------------
[ 2017-08-07T12:35:17+08:00 ] 10.0.0.249 223.104.246.6 GET /index/api/sign.html?url=http%3A%2F%2Fkc.nbtv.cn%2Findex%2Fwenan%2Fview.html%3Fid%3D101
[ log ] kc.nbtv.cn/index/api/sign.html?url=http%3A%2F%2Fkc.nbtv.cn%2Findex%2Fwenan%2Fview.html%3Fid%3D101 [运行时间：0.479167s][吞吐率：2.09req/s] [内存消耗：3,893.76kb] [文件加载：57]
[ info ] [ LANG ] /home/www/kc/thinkphp/lang/zh-cn.php
[ info ] [ ROUTE ] array (
  'type' => 'module',
  'module' => 
  array (
    0 => 'index',
    1 => 'api',
    2 => 'sign',
  ),
)
[ info ] [ HEADER ] array (
  'host' => 'kc.nbtv.cn',
  'accept-encoding' => 'gzip, deflate',
  'cookie' => 'PHPSESSID=c10qdjg7i2depd2hiqalan28b2; Hm_lvt_31811d953dd2935cd73cccb67c24f245=1491365876',
  'connection' => 'keep-alive',
  'accept' => 'application/json, text/javascript, */*; q=0.01',
  'user-agent' => 'Mozilla/5.0 (iPhone; CPU iPhone OS 10_3_2 like Mac OS X) AppleWebKit/603.2.4 (KHTML, like Gecko) Mobile/14F89 MicroMessenger/6.5.4 NetType/4G Language/zh_CN',
  'referer' => 'http://kc.nbtv.cn/index/wenan/view.html?id=101',
  'accept-language' => 'zh-cn',
  'x-requested-with' => 'XMLHttpRequest',
  'content-type' => '',
  'content-length' => '',
)
[ info ] [ PARAM ] array (
  'url' => 'http://kc.nbtv.cn/index/wenan/view.html?id=101',
)
[ info ] [ SESSION ] INIT array (
  'id' => '',
  'var_session_id' => '',
  'prefix' => 'think',
  'type' => '',
  'auto_start' => true,
)
[ info ] [ DB ] INIT mysql
[ info ] [ RUN ] app\index\controller\Api->sign[ /home/www/kc/application/index/controller/Api.php ]
[ info ] [ CACHE ] INIT File
[ info ] [ LOG ] INIT File
[ sql ] [ DB ] CONNECT:[ UseTime:0.000572s ] mysql:dbname=kc;host=127.0.0.1;port=3306;charset=utf8
[ sql ] [ SQL ] SHOW COLUMNS FROM `ppsao_setting` [ RunTime:0.001369s ]
[ sql ] [ SQL ] SELECT * FROM `ppsao_setting`  [ RunTime:0.000317s ]

---------------------------------------------------------------
[ 2017-08-07T12:37:42+08:00 ] 10.0.0.249 101.226.66.192 GET /index/wenan/view.html?id=101
[ log ] kc.nbtv.cn/index/wenan/view.html?id=101 [运行时间：0.095870s][吞吐率：10.43req/s] [内存消耗：3,476.63kb] [文件加载：58]
[ info ] [ LANG ] /home/www/kc/thinkphp/lang/zh-cn.php
[ info ] [ ROUTE ] array (
  'type' => 'module',
  'module' => 
  array (
    0 => 'index',
    1 => 'wenan',
    2 => 'view',
  ),
)
[ info ] [ HEADER ] array (
  'user-agent' => 'Mozilla/5.0 (Linux; Android 5.1.1; SM801 Build/LMY47V; wv) AppleWebKit/537.36 (KHTML, like Gecko) Version/4.0 Chrome/53.0.2785.49 Mobile MQQBrowser/6.2 TBS/043024 Safari/537.36 MicroMessenger/6.5.4.1000 NetType/4G Language/zh_CN',
  'accept' => '*/*',
  'accept-encoding' => 'gzip, deflate, sdch, br',
  'accept-language' => 'zh-CN,zh;q=0.8,en-US;q=0.6,en;q=0.4',
  'host' => 'kc.nbtv.cn',
  'connection' => 'keep-alive',
  'content-type' => '',
  'content-length' => '',
)
[ info ] [ PARAM ] array (
  'id' => '101',
)
[ info ] [ SESSION ] INIT array (
  'id' => '',
  'var_session_id' => '',
  'prefix' => 'think',
  'type' => '',
  'auto_start' => true,
)
[ info ] [ DB ] INIT mysql
[ info ] [ RUN ] app\index\controller\Wenan->view[ /home/www/kc/application/index/controller/Wenan.php ]
[ info ] [ CACHE ] INIT File
[ info ] [ VIEW ] /home/www/kc/public/../application/index/view/wenan/view.html [ array (
  0 => '_controller',
  1 => '_action',
  2 => '_timestamp',
  3 => '_user',
  4 => 'is_mobile',
  5 => 'settings',
  6 => 'wx_option',
  7 => 'one',
) ]
[ info ] [ LOG ] INIT File
[ sql ] [ DB ] CONNECT:[ UseTime:0.000691s ] mysql:dbname=kc;host=127.0.0.1;port=3306;charset=utf8
[ sql ] [ SQL ] SHOW COLUMNS FROM `ppsao_setting` [ RunTime:0.001726s ]
[ sql ] [ SQL ] SELECT * FROM `ppsao_setting`  [ RunTime:0.000365s ]
[ sql ] [ SQL ] SHOW COLUMNS FROM `ppsao_wenan` [ RunTime:0.002005s ]
[ sql ] [ SQL ] SELECT * FROM `ppsao_wenan` WHERE  `id` = 101  AND `is_del` = 0 LIMIT 1     [ RunTime:0.000858s ]
[ sql ] [ SQL ] UPDATE `ppsao_wenan`  SET `views`=views+1,`views2`=views2+1  WHERE  `id` = 101  AND `is_del` = 0     [ RunTime:0.036071s ]

---------------------------------------------------------------
