[ 2017-08-12T07:13:06+08:00 ] 10.0.0.249 122.245.122.249 GET /
[ log ] kc.nbtv.cn/ [运行时间：0.048198s][吞吐率：20.75req/s] [内存消耗：2,938.21kb] [文件加载：52]
[ info ] [ LANG ] /home/www/kc/thinkphp/lang/zh-cn.php
[ info ] [ ROUTE ] array (
  'type' => 'module',
  'module' => 
  array (
    0 => '',
    1 => NULL,
    2 => NULL,
  ),
)
[ info ] [ HEADER ] array (
  'host' => 'kc.nbtv.cn',
  'connection' => 'keep-alive',
  'upgrade-insecure-requests' => '1',
  'user-agent' => 'Mozilla/5.0 (Windows NT 6.1; WOW64) AppleWebKit/537.36 (KHTML, like Gecko) Chrome/55.0.2883.87 Safari/537.36',
  'accept' => 'text/html,application/xhtml+xml,application/xml;q=0.9,image/webp,*/*;q=0.8',
  'accept-encoding' => 'gzip, deflate, sdch',
  'accept-language' => 'zh-CN,zh;q=0.8',
  'cookie' => 'Hm_lvt_31811d953dd2935cd73cccb67c24f245=1502284146,1502363748,1502491566; Hm_lpvt_31811d953dd2935cd73cccb67c24f245=1502491566',
  'content-type' => '',
  'content-length' => '',
)
[ info ] [ PARAM ] array (
)
[ info ] [ SESSION ] INIT array (
  'id' => '',
  'var_session_id' => '',
  'prefix' => 'think',
  'type' => '',
  'auto_start' => true,
)
[ info ] [ DB ] INIT mysql
[ info ] [ RUN ] app\index\controller\Index->index[ /home/www/kc/application/index/controller/Index.php ]
[ info ] [ VIEW ] /home/www/kc/public/../application/index/view/index/index.html [ array (
  0 => '_controller',
  1 => '_action',
  2 => '_timestamp',
  3 => '_user',
  4 => 'is_mobile',
  5 => 'settings',
) ]
[ info ] [ LOG ] INIT File
[ sql ] [ DB ] CONNECT:[ UseTime:0.000677s ] mysql:dbname=kc;host=127.0.0.1;port=3306;charset=utf8
[ sql ] [ SQL ] SHOW COLUMNS FROM `ppsao_setting` [ RunTime:0.001478s ]
[ sql ] [ SQL ] SELECT * FROM `ppsao_setting`  [ RunTime:0.000510s ]

---------------------------------------------------------------
[ 2017-08-12T08:05:14+08:00 ] 10.0.0.249 106.11.225.91 GET /
[ log ] kc.nbtv.cn/ [运行时间：0.049323s][吞吐率：20.27req/s] [内存消耗：2,938.35kb] [文件加载：52]
[ info ] [ LANG ] /home/www/kc/thinkphp/lang/zh-cn.php
[ info ] [ ROUTE ] array (
  'type' => 'module',
  'module' => 
  array (
    0 => '',
    1 => NULL,
    2 => NULL,
  ),
)
[ info ] [ HEADER ] array (
  'accept-encoding' => 'gzip',
  'user-agent' => 'Mozilla/5.0 (iPad; CPU OS 9_1 like Mac OS X) AppleWebKit/601.1.46 (KHTML, like Gecko) Version/9.0 Mobile/13B143 Safari/601.1',
  'cache-control' => 'no-cache',
  'pragma' => 'no-cache',
  'host' => 'kc.nbtv.cn',
  'accept' => 'text/html, image/gif, image/jpeg, *; q=.2, */*; q=.2',
  'connection' => 'keep-alive',
  'content-type' => '',
  'content-length' => '',
)
[ info ] [ PARAM ] array (
)
[ info ] [ SESSION ] INIT array (
  'id' => '',
  'var_session_id' => '',
  'prefix' => 'think',
  'type' => '',
  'auto_start' => true,
)
[ info ] [ DB ] INIT mysql
[ info ] [ RUN ] app\index\controller\Index->index[ /home/www/kc/application/index/controller/Index.php ]
[ info ] [ VIEW ] /home/www/kc/public/../application/index/view/index/index.html [ array (
  0 => '_controller',
  1 => '_action',
  2 => '_timestamp',
  3 => '_user',
  4 => 'is_mobile',
  5 => 'settings',
) ]
[ info ] [ LOG ] INIT File
[ sql ] [ DB ] CONNECT:[ UseTime:0.000645s ] mysql:dbname=kc;host=127.0.0.1;port=3306;charset=utf8
[ sql ] [ SQL ] SHOW COLUMNS FROM `ppsao_setting` [ RunTime:0.001471s ]
[ sql ] [ SQL ] SELECT * FROM `ppsao_setting`  [ RunTime:0.000469s ]

---------------------------------------------------------------
[ 2017-08-12T15:21:40+08:00 ] 10.0.0.249 220.189.193.13 GET /index/wenan/view.html?id=146
[ log ] kc.nbtv.cn/index/wenan/view.html?id=146 [运行时间：0.106783s][吞吐率：9.36req/s] [内存消耗：3,477.05kb] [文件加载：58]
[ info ] [ LANG ] /home/www/kc/thinkphp/lang/zh-cn.php
[ info ] [ ROUTE ] array (
  'type' => 'module',
  'module' => 
  array (
    0 => 'index',
    1 => 'wenan',
    2 => 'view',
  ),
)
[ info ] [ HEADER ] array (
  'host' => 'kc.nbtv.cn',
  'upgrade-insecure-requests' => '1',
  'accept' => 'text/html,application/xhtml+xml,application/xml;q=0.9,*/*;q=0.8',
  'user-agent' => 'Mozilla/5.0 (iPhone; CPU iPhone OS 10_3_3 like Mac OS X) AppleWebKit/603.3.8 (KHTML, like Gecko) Mobile/14G60 MicroMessenger/6.5.13 NetType/WIFI Language/zh_CN',
  'accept-language' => 'zh-cn',
  'accept-encoding' => 'gzip, deflate',
  'connection' => 'keep-alive',
  'content-type' => '',
  'content-length' => '',
)
[ info ] [ PARAM ] array (
  'id' => '146',
)
[ info ] [ SESSION ] INIT array (
  'id' => '',
  'var_session_id' => '',
  'prefix' => 'think',
  'type' => '',
  'auto_start' => true,
)
[ info ] [ DB ] INIT mysql
[ info ] [ RUN ] app\index\controller\Wenan->view[ /home/www/kc/application/index/controller/Wenan.php ]
[ info ] [ CACHE ] INIT File
[ info ] [ VIEW ] /home/www/kc/public/../application/index/view/wenan/view.html [ array (
  0 => '_controller',
  1 => '_action',
  2 => '_timestamp',
  3 => '_user',
  4 => 'is_mobile',
  5 => 'settings',
  6 => 'wx_option',
  7 => 'one',
) ]
[ info ] [ LOG ] INIT File
[ sql ] [ DB ] CONNECT:[ UseTime:0.000608s ] mysql:dbname=kc;host=127.0.0.1;port=3306;charset=utf8
[ sql ] [ SQL ] SHOW COLUMNS FROM `ppsao_setting` [ RunTime:0.001169s ]
[ sql ] [ SQL ] SELECT * FROM `ppsao_setting`  [ RunTime:0.000356s ]
[ sql ] [ SQL ] SHOW COLUMNS FROM `ppsao_wenan` [ RunTime:0.001380s ]
[ sql ] [ SQL ] SELECT * FROM `ppsao_wenan` WHERE  `id` = 146  AND `is_del` = 0 LIMIT 1     [ RunTime:0.000751s ]
[ sql ] [ SQL ] UPDATE `ppsao_wenan`  SET `views`=views+1,`views2`=views2+1  WHERE  `id` = 146  AND `is_del` = 0     [ RunTime:0.047826s ]

---------------------------------------------------------------
[ 2017-08-12T15:21:41+08:00 ] 10.0.0.249 220.189.193.13 GET /index/api/sign.html?url=http%3A%2F%2Fkc.nbtv.cn%2Findex%2Fwenan%2Fview.html%3Fid%3D146
[ log ] kc.nbtv.cn/index/api/sign.html?url=http%3A%2F%2Fkc.nbtv.cn%2Findex%2Fwenan%2Fview.html%3Fid%3D146 [运行时间：0.500522s][吞吐率：2.00req/s] [内存消耗：3,893.73kb] [文件加载：57]
[ info ] [ LANG ] /home/www/kc/thinkphp/lang/zh-cn.php
[ info ] [ ROUTE ] array (
  'type' => 'module',
  'module' => 
  array (
    0 => 'index',
    1 => 'api',
    2 => 'sign',
  ),
)
[ info ] [ HEADER ] array (
  'host' => 'kc.nbtv.cn',
  'accept-encoding' => 'gzip, deflate',
  'cookie' => 'PHPSESSID=5jvefh12d2gflvq7mmtp9itu56; PHPSESSID_NS_Sig=oenCV6mfnGRm-FC8',
  'connection' => 'keep-alive',
  'accept' => 'application/json, text/javascript, */*; q=0.01',
  'user-agent' => 'Mozilla/5.0 (iPhone; CPU iPhone OS 10_3_3 like Mac OS X) AppleWebKit/603.3.8 (KHTML, like Gecko) Mobile/14G60 MicroMessenger/6.5.13 NetType/WIFI Language/zh_CN',
  'referer' => 'http://kc.nbtv.cn/index/wenan/view.html?id=146',
  'accept-language' => 'zh-cn',
  'x-requested-with' => 'XMLHttpRequest',
  'content-type' => '',
  'content-length' => '',
)
[ info ] [ PARAM ] array (
  'url' => 'http://kc.nbtv.cn/index/wenan/view.html?id=146',
)
[ info ] [ SESSION ] INIT array (
  'id' => '',
  'var_session_id' => '',
  'prefix' => 'think',
  'type' => '',
  'auto_start' => true,
)
[ info ] [ DB ] INIT mysql
[ info ] [ RUN ] app\index\controller\Api->sign[ /home/www/kc/application/index/controller/Api.php ]
[ info ] [ CACHE ] INIT File
[ info ] [ LOG ] INIT File
[ sql ] [ DB ] CONNECT:[ UseTime:0.000673s ] mysql:dbname=kc;host=127.0.0.1;port=3306;charset=utf8
[ sql ] [ SQL ] SHOW COLUMNS FROM `ppsao_setting` [ RunTime:0.001505s ]
[ sql ] [ SQL ] SELECT * FROM `ppsao_setting`  [ RunTime:0.000507s ]

---------------------------------------------------------------
