[ 2017-08-19T05:40:30+08:00 ] 10.0.0.249 106.11.227.12 GET /
[ log ] kc.nbtv.cn/ [运行时间：0.049033s][吞吐率：20.39req/s] [内存消耗：2,937.74kb] [文件加载：52]
[ info ] [ LANG ] /home/www/kc/thinkphp/lang/zh-cn.php
[ info ] [ ROUTE ] array (
  'type' => 'module',
  'module' => 
  array (
    0 => '',
    1 => NULL,
    2 => NULL,
  ),
)
[ info ] [ HEADER ] array (
  'accept-encoding' => 'gzip',
  'cache-control' => 'no-cache',
  'pragma' => 'no-cache',
  'user-agent' => 'Java/1.7.0_51',
  'host' => 'kc.nbtv.cn',
  'accept' => 'text/html, image/gif, image/jpeg, *; q=.2, */*; q=.2',
  'connection' => 'keep-alive',
  'content-type' => '',
  'content-length' => '',
)
[ info ] [ PARAM ] array (
)
[ info ] [ SESSION ] INIT array (
  'id' => '',
  'var_session_id' => '',
  'prefix' => 'think',
  'type' => '',
  'auto_start' => true,
)
[ info ] [ DB ] INIT mysql
[ info ] [ RUN ] app\index\controller\Index->index[ /home/www/kc/application/index/controller/Index.php ]
[ info ] [ VIEW ] /home/www/kc/public/../application/index/view/index/index.html [ array (
  0 => '_controller',
  1 => '_action',
  2 => '_timestamp',
  3 => '_user',
  4 => 'is_mobile',
  5 => 'settings',
) ]
[ info ] [ LOG ] INIT File
[ sql ] [ DB ] CONNECT:[ UseTime:0.000692s ] mysql:dbname=kc;host=127.0.0.1;port=3306;charset=utf8
[ sql ] [ SQL ] SHOW COLUMNS FROM `ppsao_setting` [ RunTime:0.001734s ]
[ sql ] [ SQL ] SELECT * FROM `ppsao_setting`  [ RunTime:0.000372s ]

---------------------------------------------------------------
[ 2017-08-19T08:42:52+08:00 ] 10.0.0.249 123.125.71.78 GET /captcha.html?d=0.6521084499545395
[ log ] kc.nbtv.cn/captcha.html?d=0.6521084499545395 [运行时间：0.033715s][吞吐率：29.66req/s] [内存消耗：1,808.84kb] [文件加载：38]
[ info ] [ LANG ] /home/www/kc/thinkphp/lang/zh-cn.php
[ info ] [ ROUTE ] array (
  'type' => 'method',
  'method' => 
  array (
    0 => '\\think\\captcha\\CaptchaController',
    1 => 'index',
  ),
)
[ info ] [ HEADER ] array (
  'host' => 'kc.nbtv.cn',
  'connection' => 'close',
  'user-agent' => 'Mozilla/5.0 (compatible; Baiduspider/2.0; +http://www.baidu.com/search/spider.html)',
  'accept-encoding' => 'gzip',
  'accept-language' => 'zh-cn,zh-tw',
  'accept' => '*/*',
  'content-type' => '',
  'content-length' => '',
)
[ info ] [ PARAM ] array (
  'd' => '0.6521084499545395',
  'id' => '',
)
[ info ] [ RUN ] think\captcha\CaptchaController->index[ /home/www/kc/vendor/topthink/think-captcha/src/CaptchaController.php ]
[ info ] [ SESSION ] INIT array (
  'id' => '',
  'var_session_id' => '',
  'prefix' => 'think',
  'type' => '',
  'auto_start' => true,
)
[ info ] [ LOG ] INIT File

---------------------------------------------------------------
