[ 2017-07-20T15:54:09+08:00 ] 10.0.0.249 123.58.160.138 GET /
[ log ] kc.nbtv.cn:80/ [运行时间：0.046194s][吞吐率：21.65req/s] [内存消耗：2,937.29kb] [文件加载：52]
[ info ] [ LANG ] /home/www/kc/thinkphp/lang/zh-cn.php
[ info ] [ ROUTE ] array (
  'type' => 'module',
  'module' => 
  array (
    0 => '',
    1 => NULL,
    2 => NULL,
  ),
)
[ info ] [ HEADER ] array (
  'accept-encoding' => 'identity',
  'host' => 'kc.nbtv.cn:80',
  'connection' => 'close',
  'user-agent' => 'Python-urllib/2.7',
  'content-type' => '',
  'content-length' => '',
)
[ info ] [ PARAM ] array (
)
[ info ] [ SESSION ] INIT array (
  'id' => '',
  'var_session_id' => '',
  'prefix' => 'think',
  'type' => '',
  'auto_start' => true,
)
[ info ] [ DB ] INIT mysql
[ info ] [ RUN ] app\index\controller\Index->index[ /home/www/kc/application/index/controller/Index.php ]
[ info ] [ VIEW ] /home/www/kc/public/../application/index/view/index/index.html [ array (
  0 => '_controller',
  1 => '_action',
  2 => '_timestamp',
  3 => '_user',
  4 => 'is_mobile',
  5 => 'settings',
) ]
[ info ] [ LOG ] INIT File
[ sql ] [ DB ] CONNECT:[ UseTime:0.000649s ] mysql:dbname=kc;host=127.0.0.1;port=3306;charset=utf8
[ sql ] [ SQL ] SHOW COLUMNS FROM `ppsao_setting` [ RunTime:0.001194s ]
[ sql ] [ SQL ] SELECT * FROM `ppsao_setting`  [ RunTime:0.000307s ]

---------------------------------------------------------------
[ 2017-07-20T15:55:46+08:00 ] 10.0.0.249 123.58.160.138 GET /
[ log ] kc.nbtv.cn:80/ [运行时间：0.047787s][吞吐率：20.93req/s] [内存消耗：2,937.30kb] [文件加载：52]
[ info ] [ LANG ] /home/www/kc/thinkphp/lang/zh-cn.php
[ info ] [ ROUTE ] array (
  'type' => 'module',
  'module' => 
  array (
    0 => '',
    1 => NULL,
    2 => NULL,
  ),
)
[ info ] [ HEADER ] array (
  'accept-encoding' => 'identity',
  'host' => 'kc.nbtv.cn:80',
  'connection' => 'close',
  'user-agent' => 'Python-urllib/2.7',
  'content-type' => '',
  'content-length' => '',
)
[ info ] [ PARAM ] array (
)
[ info ] [ SESSION ] INIT array (
  'id' => '',
  'var_session_id' => '',
  'prefix' => 'think',
  'type' => '',
  'auto_start' => true,
)
[ info ] [ DB ] INIT mysql
[ info ] [ RUN ] app\index\controller\Index->index[ /home/www/kc/application/index/controller/Index.php ]
[ info ] [ VIEW ] /home/www/kc/public/../application/index/view/index/index.html [ array (
  0 => '_controller',
  1 => '_action',
  2 => '_timestamp',
  3 => '_user',
  4 => 'is_mobile',
  5 => 'settings',
) ]
[ info ] [ LOG ] INIT File
[ sql ] [ DB ] CONNECT:[ UseTime:0.000774s ] mysql:dbname=kc;host=127.0.0.1;port=3306;charset=utf8
[ sql ] [ SQL ] SHOW COLUMNS FROM `ppsao_setting` [ RunTime:0.001313s ]
[ sql ] [ SQL ] SELECT * FROM `ppsao_setting`  [ RunTime:0.000413s ]

---------------------------------------------------------------
[ 2017-07-20T15:57:45+08:00 ] 10.0.0.249 123.58.160.138 GET /is_test
[ log ] kc.nbtv.cn:80/is_test [运行时间：0.031482s][吞吐率：31.76req/s] [内存消耗：1,795.36kb] [文件加载：39]
[ info ] [ LANG ] /home/www/kc/thinkphp/lang/zh-cn.php
[ info ] [ ROUTE ] array (
  'type' => 'module',
  'module' => 
  array (
    0 => 'is_test',
    1 => NULL,
    2 => NULL,
  ),
)
[ info ] [ HEADER ] array (
  'accept-encoding' => 'identity',
  'host' => 'kc.nbtv.cn:80',
  'connection' => 'close',
  'user-agent' => 'Python-urllib/2.7',
  'content-type' => '',
  'content-length' => '',
)
[ info ] [ PARAM ] array (
)
[ info ] [ LOG ] INIT File

---------------------------------------------------------------
[ 2017-07-20T15:58:30+08:00 ] 10.0.0.249 123.58.160.138 GET /axis2
[ log ] kc.nbtv.cn:80/axis2 [运行时间：0.031733s][吞吐率：31.51req/s] [内存消耗：1,795.37kb] [文件加载：39]
[ info ] [ LANG ] /home/www/kc/thinkphp/lang/zh-cn.php
[ info ] [ ROUTE ] array (
  'type' => 'module',
  'module' => 
  array (
    0 => 'axis2',
    1 => NULL,
    2 => NULL,
  ),
)
[ info ] [ HEADER ] array (
  'accept-encoding' => 'identity',
  'host' => 'kc.nbtv.cn:80',
  'connection' => 'close',
  'user-agent' => 'Python-urllib/2.7',
  'content-type' => '',
  'content-length' => '',
)
[ info ] [ PARAM ] array (
)
[ info ] [ LOG ] INIT File

---------------------------------------------------------------
[ 2017-07-20T16:01:18+08:00 ] 10.0.0.249 123.58.160.138 GET /
[ log ] kc.nbtv.cn:80/ [运行时间：0.047710s][吞吐率：20.96req/s] [内存消耗：2,937.30kb] [文件加载：52]
[ info ] [ LANG ] /home/www/kc/thinkphp/lang/zh-cn.php
[ info ] [ ROUTE ] array (
  'type' => 'module',
  'module' => 
  array (
    0 => '',
    1 => NULL,
    2 => NULL,
  ),
)
[ info ] [ HEADER ] array (
  'accept-encoding' => 'identity',
  'host' => 'kc.nbtv.cn:80',
  'connection' => 'close',
  'user-agent' => 'Python-urllib/2.7',
  'content-type' => '',
  'content-length' => '',
)
[ info ] [ PARAM ] array (
)
[ info ] [ SESSION ] INIT array (
  'id' => '',
  'var_session_id' => '',
  'prefix' => 'think',
  'type' => '',
  'auto_start' => true,
)
[ info ] [ DB ] INIT mysql
[ info ] [ RUN ] app\index\controller\Index->index[ /home/www/kc/application/index/controller/Index.php ]
[ info ] [ VIEW ] /home/www/kc/public/../application/index/view/index/index.html [ array (
  0 => '_controller',
  1 => '_action',
  2 => '_timestamp',
  3 => '_user',
  4 => 'is_mobile',
  5 => 'settings',
) ]
[ info ] [ LOG ] INIT File
[ sql ] [ DB ] CONNECT:[ UseTime:0.000587s ] mysql:dbname=kc;host=127.0.0.1;port=3306;charset=utf8
[ sql ] [ SQL ] SHOW COLUMNS FROM `ppsao_setting` [ RunTime:0.001511s ]
[ sql ] [ SQL ] SELECT * FROM `ppsao_setting`  [ RunTime:0.000416s ]

---------------------------------------------------------------
[ 2017-07-20T16:01:20+08:00 ] 10.0.0.249 123.58.160.138 GET /
[ log ] kc.nbtv.cn:80/ [运行时间：0.048498s][吞吐率：20.62req/s] [内存消耗：2,937.30kb] [文件加载：52]
[ info ] [ LANG ] /home/www/kc/thinkphp/lang/zh-cn.php
[ info ] [ ROUTE ] array (
  'type' => 'module',
  'module' => 
  array (
    0 => '',
    1 => NULL,
    2 => NULL,
  ),
)
[ info ] [ HEADER ] array (
  'accept-encoding' => 'identity',
  'host' => 'kc.nbtv.cn:80',
  'connection' => 'close',
  'user-agent' => 'Python-urllib/2.7',
  'content-type' => '',
  'content-length' => '',
)
[ info ] [ PARAM ] array (
)
[ info ] [ SESSION ] INIT array (
  'id' => '',
  'var_session_id' => '',
  'prefix' => 'think',
  'type' => '',
  'auto_start' => true,
)
[ info ] [ DB ] INIT mysql
[ info ] [ RUN ] app\index\controller\Index->index[ /home/www/kc/application/index/controller/Index.php ]
[ info ] [ VIEW ] /home/www/kc/public/../application/index/view/index/index.html [ array (
  0 => '_controller',
  1 => '_action',
  2 => '_timestamp',
  3 => '_user',
  4 => 'is_mobile',
  5 => 'settings',
) ]
[ info ] [ LOG ] INIT File
[ sql ] [ DB ] CONNECT:[ UseTime:0.000653s ] mysql:dbname=kc;host=127.0.0.1;port=3306;charset=utf8
[ sql ] [ SQL ] SHOW COLUMNS FROM `ppsao_setting` [ RunTime:0.001195s ]
[ sql ] [ SQL ] SELECT * FROM `ppsao_setting`  [ RunTime:0.000421s ]

---------------------------------------------------------------
[ 2017-07-20T16:01:20+08:00 ] 10.0.0.249 123.58.160.138 GET /phpmyadmin
[ log ] kc.nbtv.cn:80/phpmyadmin [运行时间：0.031406s][吞吐率：31.84req/s] [内存消耗：1,795.34kb] [文件加载：39]
[ info ] [ LANG ] /home/www/kc/thinkphp/lang/zh-cn.php
[ info ] [ ROUTE ] array (
  'type' => 'module',
  'module' => 
  array (
    0 => 'phpmyadmin',
    1 => NULL,
    2 => NULL,
  ),
)
[ info ] [ HEADER ] array (
  'accept-encoding' => 'identity',
  'host' => 'kc.nbtv.cn:80',
  'connection' => 'close',
  'user-agent' => 'Python-urllib/2.7',
  'content-type' => '',
  'content-length' => '',
)
[ info ] [ PARAM ] array (
)
[ info ] [ LOG ] INIT File

---------------------------------------------------------------
